PHP Warning:  "continue" targeting switch is equivalent to "break". Did you mean to use "continue 2"? in /var/www/openemr/vendor/doctrine/orm/lib/Doctrine/ORM/UnitOfWork.php on line 2627
PHP Warning:  "continue" targeting switch is equivalent to "break". Did you mean to use "continue 2"? in /var/www/openemr/vendor/doctrine/orm/lib/Doctrine/ORM/UnitOfWork.php on line 2656
PHP Notice:  Undefined variable: filename in /var/www/openemr/interface/patient_file/download_template.php on line 327
PHP Notice:  Only variables should be passed by reference in /var/www/openemr/interface/patient_file/download_template.php on line 327
PHP Warning:  finfo_file(/var/www/openemr/sites/default/documents/doctemplates/): failed to open stream: No such file or directory in /var/www/openemr/interface/patient_file/download_template.php on line 333
PHP Fatal error:  Uncaught Error: Class 'ZipArchive' not found in /var/www/openemr/interface/patient_file/download_template.php:367
Stack trace:
#0 {main}
  thrown in /var/www/openemr/interface/patient_file/download_template.php on line 367
PHP Warning:  "continue" targeting switch is equivalent to "break". Did you mean to use "continue 2"? in /var/www/openemr/vendor/doctrine/orm/lib/Doctrine/ORM/UnitOfWork.php on line 2627
PHP Warning:  "continue" targeting switch is equivalent to "break". Did you mean to use "continue 2"? in /var/www/openemr/vendor/doctrine/orm/lib/Doctrine/ORM/UnitOfWork.php on line 2656
PHP Notice:  Undefined variable: filename in /var/www/openemr/interface/patient_file/download_template.php on line 327
PHP Notice:  Only variables should be passed by reference in /var/www/openemr/interface/patient_file/download_template.php on line 327
PHP Warning:  finfo_file(/var/www/openemr/sites/default/documents/doctemplates/): failed to open stream: No such file or directory in /var/www/openemr/interface/patient_file/download_template.php on line 333
PHP Fatal error:  Uncaught Error: Class 'ZipArchive' not found in /var/www/openemr/interface/patient_file/download_template.php:367
Stack trace:
#0 {main}
  thrown in /var/www/openemr/interface/patient_file/download_template.php on line 367
PHP Warning:  "continue" targeting switch is equivalent to "break". Did you mean to use "continue 2"? in /var/www/openemr/vendor/doctrine/orm/lib/Doctrine/ORM/UnitOfWork.php on line 2627
PHP Warning:  "continue" targeting switch is equivalent to "break". Did you mean to use "continue 2"? in /var/www/openemr/vendor/doctrine/orm/lib/Doctrine/ORM/UnitOfWork.php on line 2656
PHP Notice:  Undefined variable: filename in /var/www/openemr/interface/patient_file/download_template.php on line 327
PHP Notice:  Only variables should be passed by reference in /var/www/openemr/interface/patient_file/download_template.php on line 327
PHP Warning:  finfo_file(/var/www/openemr/sites/default/documents/doctemplates/): failed to open stream: No such file or directory in /var/www/openemr/interface/patient_file/download_template.php on line 333
PHP Fatal error:  Uncaught Error: Class 'ZipArchive' not found in /var/www/openemr/interface/patient_file/download_template.php:367
Stack trace:
#0 {main}
  thrown in /var/www/openemr/interface/patient_file/download_template.php on line 367
PHP Warning:  "continue" targeting switch is equivalent to "break". Did you mean to use "continue 2"? in /var/www/openemr/vendor/doctrine/orm/lib/Doctrine/ORM/UnitOfWork.php on line 2627
PHP Warning:  "continue" targeting switch is equivalent to "break". Did you mean to use "continue 2"? in /var/www/openemr/vendor/doctrine/orm/lib/Doctrine/ORM/UnitOfWork.php on line 2656
PHP Notice:  Undefined variable: filename in /var/www/openemr/interface/patient_file/download_template.php on line 327
PHP Notice:  Only variables should be passed by reference in /var/www/openemr/interface/patient_file/download_template.php on line 327
PHP Warning:  finfo_file(/var/www/openemr/sites/default/documents/doctemplates/): failed to open stream: No such file or directory in /var/www/openemr/interface/patient_file/download_template.php on line 333
PHP Fatal error:  Uncaught Error: Class 'ZipArchive' not found in /var/www/openemr/interface/patient_file/download_template.php:367
Stack trace:
#0 {main}
  thrown in /var/www/openemr/interface/patient_file/download_template.php on line 367
PHP Warning:  "continue" targeting switch is equivalent to "break". Did you mean to use "continue 2"? in /var/www/openemr/vendor/doctrine/orm/lib/Doctrine/ORM/UnitOfWork.php on line 2627
PHP Warning:  "continue" targeting switch is equivalent to "break". Did you mean to use "continue 2"? in /var/www/openemr/vendor/doctrine/orm/lib/Doctrine/ORM/UnitOfWork.php on line 2656
PHP Notice:  Undefined variable: filename in /var/www/openemr/interface/patient_file/download_template.php on line 327
PHP Notice:  Only variables should be passed by reference in /var/www/openemr/interface/patient_file/download_template.php on line 327
PHP Warning:  finfo_file(/var/www/openemr/sites/default/documents/doctemplates/): failed to open stream: No such file or directory in /var/www/openemr/interface/patient_file/download_template.php on line 333
PHP Fatal error:  Uncaught Error: Class 'ZipArchive' not found in /var/www/openemr/interface/patient_file/download_template.php:367
Stack trace:
#0 {main}
  thrown in /var/www/openemr/interface/patient_file/download_template.php on line 367
PHP Warning:  "continue" targeting switch is equivalent to "break". Did you mean to use "continue 2"? in /var/www/openemr/vendor/doctrine/orm/lib/Doctrine/ORM/UnitOfWork.php on line 2627
PHP Warning:  "continue" targeting switch is equivalent to "break". Did you mean to use "continue 2"? in /var/www/openemr/vendor/doctrine/orm/lib/Doctrine/ORM/UnitOfWork.php on line 2656
PHP Notice:  Undefined variable: filename in /var/www/openemr/interface/patient_file/download_template.php on line 327
PHP Notice:  Only variables should be passed by reference in /var/www/openemr/interface/patient_file/download_template.php on line 327
PHP Warning:  finfo_file(/var/www/openemr/sites/default/documents/doctemplates/): failed to open stream: No such file or directory in /var/www/openemr/interface/patient_file/download_template.php on line 333
PHP Fatal error:  Uncaught Error: Class 'ZipArchive' not found in /var/www/openemr/interface/patient_file/download_template.php:367
Stack trace:
#0 {main}
  thrown in /var/www/openemr/interface/patient_file/download_template.php on line 367
PHP Warning:  "continue" targeting switch is equivalent to "break". Did you mean to use "continue 2"? in /var/www/openemr/vendor/doctrine/orm/lib/Doctrine/ORM/UnitOfWork.php on line 2627
PHP Warning:  "continue" targeting switch is equivalent to "break". Did you mean to use "continue 2"? in /var/www/openemr/vendor/doctrine/orm/lib/Doctrine/ORM/UnitOfWork.php on line 2656
PHP Notice:  Undefined variable: filename in /var/www/openemr/interface/patient_file/download_template.php on line 327
PHP Notice:  Only variables should be passed by reference in /var/www/openemr/interface/patient_file/download_template.php on line 327
PHP Warning:  finfo_file(/var/www/openemr/sites/default/documents/doctemplates/): failed to open stream: No such file or directory in /var/www/openemr/interface/patient_file/download_template.php on line 333
PHP Fatal error:  Uncaught Error: Class 'ZipArchive' not found in /var/www/openemr/interface/patient_file/download_template.php:367
Stack trace:
#0 {main}
  thrown in /var/www/openemr/interface/patient_file/download_template.php on line 367
PHP Warning:  "continue" targeting switch is equivalent to "break". Did you mean to use "continue 2"? in /var/www/openemr/vendor/doctrine/orm/lib/Doctrine/ORM/UnitOfWork.php on line 2627
PHP Warning:  "continue" targeting switch is equivalent to "break". Did you mean to use "continue 2"? in /var/www/openemr/vendor/doctrine/orm/lib/Doctrine/ORM/UnitOfWork.php on line 2656
PHP Notice:  Undefined variable: filename in /var/www/openemr/interface/patient_file/download_template.php on line 327
PHP Notice:  Only variables should be passed by reference in /var/www/openemr/interface/patient_file/download_template.php on line 327
PHP Warning:  finfo_file(/var/www/openemr/sites/default/documents/doctemplates/): failed to open stream: No such file or directory in /var/www/openemr/interface/patient_file/download_template.php on line 333
PHP Fatal error:  Uncaught Error: Class 'ZipArchive' not found in /var/www/openemr/interface/patient_file/download_template.php:367
Stack trace:
#0 {main}
  thrown in /var/www/openemr/interface/patient_file/download_template.php on line 367
PHP Warning:  "continue" targeting switch is equivalent to "break". Did you mean to use "continue 2"? in /var/www/openemr/vendor/doctrine/orm/lib/Doctrine/ORM/UnitOfWork.php on line 2627
PHP Warning:  "continue" targeting switch is equivalent to "break". Did you mean to use "continue 2"? in /var/www/openemr/vendor/doctrine/orm/lib/Doctrine/ORM/UnitOfWork.php on line 2656
PHP Notice:  Undefined variable: filename in /var/www/openemr/interface/patient_file/download_template.php on line 327
PHP Notice:  Only variables should be passed by reference in /var/www/openemr/interface/patient_file/download_template.php on line 327
PHP Warning:  finfo_file(/var/www/openemr/sites/default/documents/doctemplates/): failed to open stream: No such file or directory in /var/www/openemr/interface/patient_file/download_template.php on line 333
PHP Fatal error:  Uncaught Error: Class 'ZipArchive' not found in /var/www/openemr/interface/patient_file/download_template.php:367
Stack trace:
#0 {main}
  thrown in /var/www/openemr/interface/patient_file/download_template.php on line 367
PHP Warning:  "continue" targeting switch is equivalent to "break". Did you mean to use "continue 2"? in /var/www/openemr/vendor/doctrine/orm/lib/Doctrine/ORM/UnitOfWork.php on line 2627
PHP Warning:  "continue" targeting switch is equivalent to "break". Did you mean to use "continue 2"? in /var/www/openemr/vendor/doctrine/orm/lib/Doctrine/ORM/UnitOfWork.php on line 2656
PHP Notice:  Undefined variable: filename in /var/www/openemr/interface/patient_file/download_template.php on line 327
PHP Notice:  Only variables should be passed by refere