[0;36mafl-fuzz [1;97m2.52b[0m by <lcamtuf@google.com>
[1;92m[+] [0mLooks like we're not running on a tty, so I'll be a bit less verbose.[0m
[1;92m[+] [0mYou have 128 CPU cores and 2 runnable tasks (utilization: 2%).[0m
[1;92m[+] [0mTry parallel jobs - see docs/parallel_fuzzing.txt.[0m
[1;94m[*] [0mChecking CPU core loadout...[0m
[1;92m[+] [0mFound a free CPU core, binding to #0.[0m
[1;94m[*] [0mChecking core_pattern...[0m
[1;94m[*] [0mChecking CPU scaling governor...[0m
[1;94m[*] [0mUsing SHMID of '65639'...[0m
shm_id=65639 , tb[0]=6  0x7f1dd1efd000
[1;94m[*] [0mSetting up output directories...[0m
[1;94m[*] [0mScanning '/p/Witcher/python/tests/flaskbb/WICHR/work/initial_seeds'...[0m
[1;92m[+] [0mNo auto-generated dictionary tokens to reuse.[0m
[1;94m[*] [0mCreating hard links for all input files...[0m
[1;94m[*] [0mLoading extra dictionary from '/p/Witcher/python/tests/flaskbb/WICHR/work/dict.txt' (level 0)...[0m
[1;92m[+] [0mLoaded 306 extra tokens, size range 3 B to 115 B.[0m
[1;93m[!] [1;97mWARNING: [0mSome tokens are relatively large (115 B) - consider trimming.[0m
[1;94m[*] [0mValidating target binary...[0m
[1;94m[*] [0mAttempting dry run with 'id:000000,orig:seed-0'...[0m
[1;94m[*] [0mSpinning up the fork server...[0m
here b4 734324
here after 734324 734325 
fs status= 4 [AFL] Forkserver up
[1;92m[+] [0mAll right - fork server is up.[0m
[1;90m    len = 18, map size = 8966, exec speed = 12399 us
[0m[1;93m[!] [1;97mWARNING: [0mInstrumentation output varies across runs.[0m
[1;94m[*] [0mAttempting dry run with 'id:000001,orig:seed-1'...[0m
[1;90m    len = 19, map size = 8904, exec speed = 6831 us
[0m[1;93m[!] [1;97mWARNING: [0mInstrumentation output varies across runs.[0m
[1;94m[*] [0mAttempting dry run with 'id:000002,orig:seed-2'...[0m
[1;90m    len = 120, map size = 8994, exec speed = 5905 us
[0m[1;93m[!] [1;97mWARNING: [0mInstrumentation output varies across runs.[0m
[1;94m[*] [0mAttempting dry run with 'id:000003,orig:seed-3'...[0m
[1;90m    len = 120, map size = 8994, exec speed = 5717 us
[0m[1;93m[!] [1;97mWARNING: [0mNo new instrumentation output, test case may be useless.[0m
[1;93m[!] [1;97mWARNING: [0mInstrumentation output varies across runs.[0m
[1;92m[+] [0mAll test cases processed.[0m

[1;93m[!] [1;97mWARNING: [0m[1;91mSome test cases look useless. Consider using a smaller set.[0m
[1;92m[+] [0mHere are some useful stats:

[1;90m    Test case count : [0m2 favored, 4 variable, 4 total
[1;90m       Bitmap range : [0m8904 to 8994 bits (average: 8964.50 bits)
[1;90m        Exec timing : [0m5717 to 12.4k us (average: 8212 us)
[0m
[1;92m[+] [0mAll set and ready to roll![0m
[1;94m[*] [0mEntering queue cycle 1.[0m
[1;94m[*] [0mFuzzing test case #1 (4 total, 0 uniq crashes found)...[0m
count_bytes  = 0, spot=0
, count_bytes  = 0, spot=0
, count_bytes  = 0, spot=0
, count_bytes  = 0, spot=0
, count_bytes  = 0, spot=0
, [1;94m[*] [0mFuzzing test case #7 (203 total, 0 uniq crashes found)...[0m
count_bytes  = 0, spot=0
, count_bytes  = 0, spot=0
, count_bytes  = 0, spot=0
, count_bytes  = 0, spot=0
, count_bytes  = 0, spot=0
, count_bytes  = 0, spot=0
, [1;94m[*] [0mFuzzing test case #13 (236 total, 0 uniq crashes found)...[0m
count_bytes  = 0, spot=0
, [1;94m[*] [0mFuzzing test case #14 (238 total, 0 uniq crashes found)...[0m
count_bytes  = 0, spot=0
, [1;94m[*] [0mFuzzing test case #32 (239 total, 0 uniq crashes found)...[0m
[1;94m[*] [0mFuzzing test case #82 (240 total, 0 uniq crashes found)...[0m
count_bytes  = 0, spot=0
, count_bytes  = 0, spot=0
, count_bytes  = 0, spot=0
, count_bytes  = 0, spot=0
, count_bytes  = 0, spot=0
, count_bytes  = 0, spot=0
, [1;94m[*] [0mFuzzing test case #94 (253 total, 0 uniq crashes found)...[0m
[1;94m[*] [0mFuzzing test case #173 (257 total, 0 uniq crashes found)...[0m
[1;94m[*] [0mFuzzing test case #177 (257 total, 0 uniq crashes found)...[0m
[1;94m[*] [0mFuzzing test case #178 (257 total, 0 uniq crashes found)...[0m
[1;94m[*] [0mFuzzing test case #181 (257 total, 0 uniq crashes found)...[0m
[1;94m[*] [0mFuzzing test case #187 (258 total, 0 uniq crashes found)...[0m
[1;94m[*] [0mFuzzing test case #195 (258 total, 0 uniq crashes found)...[0m
[1;94m[*] [0mFuzzing test case #202 (258 total, 0 uniq crashes found)...[0m
[1;94m[*] [0mFuzzing test case #211 (258 total, 0 uniq crashes found)...[0m
