[0;36mafl-fuzz [1;97m2.52b[0m by <lcamtuf@google.com>
[1;92m[+] [0mLooks like we're not running on a tty, so I'll be a bit less verbose.[0m
[1;92m[+] [0mYou have 128 CPU cores and 5 runnable tasks (utilization: 4%).[0m
[1;92m[+] [0mTry parallel jobs - see docs/parallel_fuzzing.txt.[0m
[1;94m[*] [0mChecking CPU core loadout...[0m
[1;92m[+] [0mFound a free CPU core, binding to #0.[0m
[1;94m[*] [0mChecking core_pattern...[0m
[1;94m[*] [0mChecking CPU scaling governor...[0m
[1;94m[*] [0mUsing SHMID of '65653'...[0m
shm_id=65653 , tb[0]=6  0x7f0188486000
[1;94m[*] [0mSetting up output directories...[0m
[1;94m[*] [0mScanning '/p/Witcher/python/tests/flaskbb/WICHR/work/initial_seeds'...[0m
[1;92m[+] [0mNo auto-generated dictionary tokens to reuse.[0m
[1;94m[*] [0mCreating hard links for all input files...[0m
[1;94m[*] [0mLoading extra dictionary from '/p/Witcher/python/tests/flaskbb/WICHR/work/dict.txt' (level 0)...[0m
[1;92m[+] [0mLoaded 306 extra tokens, size range 3 B to 115 B.[0m
[1;93m[!] [1;97mWARNING: [0mSome tokens are relatively large (115 B) - consider trimming.[0m
[1;94m[*] [0mValidating target binary...[0m
[1;94m[*] [0mAttempting dry run with 'id:000000,orig:seed-0'...[0m
[1;94m[*] [0mSpinning up the fork server...[0m
here b4 1627914
here after 1627914 1627915 
fs status= 4 [AFL] Forkserver up
[1;92m[+] [0mAll right - fork server is up.[0m
[1;90m    len = 106, map size = 9033, exec speed = 6669 us
[0m[1;93m[!] [1;97mWARNING: [0mInstrumentation output varies across runs.[0m
[1;94m[*] [0mAttempting dry run with 'id:000001,orig:seed-1'...[0m
[1;90m    len = 107, map size = 9033, exec speed = 6321 us
[0m[1;93m[!] [1;97mWARNING: [0mInstrumentation output varies across runs.[0m
[1;94m[*] [0mAttempting dry run with 'id:000002,orig:seed-2'...[0m
[1;90m    len = 105, map size = 9021, exec speed = 5968 us
[0m[1;93m[!] [1;97mWARNING: [0mNo new instrumentation output, test case may be useless.[0m
[1;93m[!] [1;97mWARNING: [0mInstrumentation output varies across runs.[0m
[1;94m[*] [0mAttempting dry run with 'id:000003,orig:seed-3'...[0m
[1;90m    len = 105, map size = 9033, exec speed = 5916 us
[0m[1;93m[!] [1;97mWARNING: [0mNo new instrumentation output, test case may be useless.[0m
[1;93m[!] [1;97mWARNING: [0mInstrumentation output varies across runs.[0m
[1;92m[+] [0mAll test cases processed.[0m

[1;93m[!] [1;97mWARNING: [0m[1;91mSome test cases look useless. Consider using a smaller set.[0m
[1;92m[+] [0mHere are some useful stats:

[1;90m    Test case count : [0m1 favored, 4 variable, 4 total
[1;90m       Bitmap range : [0m9021 to 9033 bits (average: 9030.00 bits)
[1;90m        Exec timing : [0m5916 to 6669 us (average: 6403 us)
[0m
[1;92m[+] [0mAll set and ready to roll![0m
[1;94m[*] [0mEntering queue cycle 1.[0m
[1;94m[*] [0mFuzzing test case #3 (4 total, 0 uniq crashes found)...[0m
count_bytes  = 0, spot=0
, count_bytes  = 0, spot=0
, [1;94m[*] [0mFuzzing test case #7 (205 total, 0 uniq crashes found)...[0m
count_bytes  = 0, spot=0
, count_bytes  = 0, spot=0
, [1;94m[*] [0mFuzzing test case #24 (211 total, 0 uniq crashes found)...[0m
count_bytes  = 0, spot=0
, count_bytes  = 0, spot=0
, [1;94m[*] [0mFuzzing test case #67 (214 total, 0 uniq crashes found)...[0m
count_bytes  = 0, spot=0
, count_bytes  = 0, spot=0
, [1;94m[*] [0mFuzzing test case #104 (218 total, 0 uniq crashes found)...[0m
