[0;36mafl-fuzz [1;97m2.52b[0m by <lcamtuf@google.com>
[1;92m[+] [0mLooks like we're not running on a tty, so I'll be a bit less verbose.[0m
[1;92m[+] [0mYou have 128 CPU cores and 19 runnable tasks (utilization: 15%).[0m
[1;92m[+] [0mTry parallel jobs - see docs/parallel_fuzzing.txt.[0m
[1;93m[!] [1;97mWARNING: [0mSetting binding to 14[0m
[1;94m[*] [0mChecking core_pattern...[0m
[1;94m[*] [0mChecking CPU scaling governor...[0m
[1;94m[*] [0mUsing SHMID of '65806'...[0m
shm_id=65806 , tb[0]=6  0x7fefecb43000
[1;94m[*] [0mSetting up output directories...[0m
[1;94m[*] [0mScanning './WICHR/work/initial_seeds'...[0m
[1;92m[+] [0mNo auto-generated dictionary tokens to reuse.[0m
[1;94m[*] [0mCreating hard links for all input files...[0m
[1;94m[*] [0mLoading extra dictionary from './WICHR/work/dict.txt' (level 0)...[0m
[1;92m[+] [0mLoaded 4024 extra tokens, size range 4 B to 125 B.[0m
[1;93m[!] [1;97mWARNING: [0mSome tokens are relatively large (125 B) - consider trimming.[0m
[1;93m[!] [1;97mWARNING: [0mMore than 4000 tokens - will use them probabilistically.[0m
[1;94m[*] [0mValidating target binary...[0m
[1;94m[*] [0mAttempting dry run with 'id:000000,orig:seed-0'...[0m
[1;94m[*] [0mSpinning up the fork server...[0m
here b4 296232
here after 296232 296236 
fs status= 4 [AFL] Forkserver up
[1;92m[+] [0mAll right - fork server is up.[0m
	child_timeout=1 kill_signal=9, status=9
[1;93m[!] [1;97mWARNING: [0mTest case results in a timeout (skipping)[0m
)B[?25h[0m[1;91m
[-] PROGRAM ABORT : [1;97mAll test cases time out, giving up![1;91m
         Location : [0mperform_dry_run(), afl-fuzz.c:3034

