PHP Warning:  "continue" targeting switch is equivalent to "break". Did you mean to use "continue 2"? in /var/www/openemr/vendor/doctrine/orm/lib/Doctrine/ORM/UnitOfWork.php on line 2627
PHP Warning:  "continue" targeting switch is equivalent to "break". Did you mean to use "continue 2"? in /var/www/openemr/vendor/doctrine/orm/lib/Doctrine/ORM/UnitOfWork.php on line 2656
PHP Notice:  Undefined index: next_app_date in /var/www/openemr/interface/batchcom/emailnotification.php on line 48
PHP Notice:  Undefined variable: form_err in /var/www/openemr/interface/batchcom/emailnotification.php on line 62
PHP Notice:  Undefined index: hour in /var/www/openemr/interface/batchcom/emailnotification.php on line 63
PHP Notice:  Undefined index: min in /var/www/openemr/interface/batchcom/emailnotification.php on line 63
PHP Notice:  Undefined index: sms_gateway_type in /var/www/openemr/interface/batchcom/emailnotification.php on line 66
PHP Notice:  Undefined index: next_app_date in /var/www/openemr/interface/batchcom/emailnotification.php on line 66
SQL Error with statement:insert failed: REPLACE INTO `automatic_notification`  ( `notification_id` , `sms_gateway_type` , `next_app_date` , `next_app_time` , `provider_name` , `message` , `email_sender` , `email_subject` , `type` )  VALUES  (?, ?, ?, ?, ?, ?, ?, ?, ?) --Column 'sms_gateway_type' cannot be null==>/var/www/openemr/interface/batchcom/emailnotification.php at 71:sqlInsert
PHP Warning:  "continue" targeting switch is equivalent to "break". Did you mean to use "continue 2"? in /var/www/openemr/vendor/doctrine/orm/lib/Doctrine/ORM/UnitOfWork.php on line 2627
PHP Warning:  "continue" targeting switch is equivalent to "break". Did you mean to use "continue 2"? in /var/www/openemr/vendor/doctrine/orm/lib/Doctrine/ORM/UnitOfWork.php on line 2656
PHP Notice:  Undefined index: next_app_date in /var/www/openemr/interface/batchcom/emailnotification.php on line 48
PHP Notice:  Undefined variable: form_err in /var/www/openemr/interface/batchcom/emailnotification.php on line 62
PHP Notice:  Undefined index: hour in /var/www/openemr/interface/batchcom/emailnotification.php on line 63
PHP Notice:  Undefined index: min in /var/www/openemr/interface/batchcom/emailnotification.php on line 63
PHP Notice:  Undefined index: sms_gateway_type in /var/www/openemr/interface/batchcom/emailnotification.php on line 66
PHP Notice:  Undefined index: next_app_date in /var/www/openemr/interface/batchcom/emailnotification.php on line 66
SQL Error with statement:insert failed: REPLACE INTO `automatic_notification`  ( `notification_id` , `sms_gateway_type` , `next_app_date` , `next_app_time` , `provider_name` , `message` , `email_sender` , `email_subject` , `type` )  VALUES  (?, ?, ?, ?, ?, ?, ?, ?, ?) --Column 'sms_gateway_type' cannot be null==>/var/www/openemr/interface/batchcom/emailnotification.php at 71:sqlInsert
PHP Warning:  "continue" targeting switch is equivalent to "break". Did you mean to use "continue 2"? in /var/www/openemr/vendor/doctrine/orm/lib/Doctrine/ORM/UnitOfWork.php on line 2627
PHP Warning:  "continue" targeting switch is equivalent to "break". Did you mean to use "continue 2"? in /var/www/openemr/vendor/doctrine/orm/lib/Doctrine/ORM/UnitOfWork.php on line 2656
PHP Notice:  Undefined index: next_app_date in /var/www/openemr/interface/batchcom/emailnotification.php on line 48
PHP Notice:  Undefined variable: form_err in /var/www/openemr/interface/batchcom/emailnotification.php on line 62
PHP Notice:  Undefined index: hour in /var/www/openemr/interface/batchcom/emailnotification.php on line 63
PHP Notice:  Undefined index: min in /var/www/openemr/interface/batchcom/emailnotification.php on line 63
PHP Notice:  Undefined index: sms_gateway_type in /var/www/openemr/interface/batchcom/emailnotification.php on line 66
PHP Notice:  Undefined index: next_app_date in /var/www/openemr/interface/batchcom/emailnotification.php on line 66
SQL Error with statement:insert failed: REPLACE INTO `automatic_notification`  ( `notification_id` , `sms_gateway_type` , `next_app_date` , `next_app_time` , `provider_name` , `message` , `email_sender` , `email_subject` , `type` )  VALUES  (?, ?, ?, ?, ?, ?, ?, ?, ?) --Column 'sms_gateway_type' cannot be null==>/var/www/openemr/interface/batchcom/emailnotification.php at 71:sqlInsert
PHP Warning:  "continue" targeting switch is equivalent to "break". Did you mean to use "continue 2"? in /var/www/openemr/vendor/doctrine/orm/lib/Doctrine/ORM/UnitOfWork.php on line 2627
PHP Warning:  "continue" targeting switch is equivalent to "break". Did you mean to use "continue 2"? in /var/www/openemr/vendor/doctrine/orm/lib/Doctrine/ORM/UnitOfWork.php on line 2656
PHP Notice:  Undefined index: next_app_date in /var/www/openemr/interface/batchcom/emailnotification.php on line 48
PHP Notice:  Undefined variable: form_err in /var/www/openemr/interface/batchcom/emailnotification.php on line 62
PHP Notice:  Undefined index: hour in /var/www/openemr/interface/batchcom/emailnotification.php on line 63
PHP Notice:  Undefined index: min in /var/www/openemr/interface/batchcom/emailnotification.php on line 63
PHP Notice:  Undefined index: sms_gateway_type in /var/www/openemr/interface/batchcom/emailnotification.php on line 66
PHP Notice:  Undefined index: next_app_date in /var/www/openemr/interface/batchcom/emailnotification.php on line 66
SQL Error with statement:insert failed: REPLACE INTO `automatic_notification`  ( `notification_id` , `sms_gateway_type` , `next_app_date` , `next_app_time` , `provider_name` , `message` , `email_sender` , `email_subject` , `type` )  VALUES  (?, ?, ?, ?, ?, ?, ?, ?, ?) --Column 'sms_gateway_type' cannot be null==>/var/www/openemr/interface/batchcom/emailnotification.php at 71:sqlInsert
PHP Warning:  "continue" targeting switch is equivalent to "break". Did you mean to use "continue 2"? in /var/www/openemr/vendor/doctrine/orm/lib/Doctrine/ORM/UnitOfWork.php on line 2627
PHP Warning:  "continue" targeting switch is equivalent to "break". Did you mean to use "continue 2"? in /var/www/openemr/vendor/doctrine/orm/lib/Doctrine/ORM/UnitOfWork.php on line 2656
PHP Notice:  Undefined index: next_app_date in /var/www/openemr/interface/batchcom/emailnotification.php on line 48
PHP Notice:  Undefined variable: form_err in /var/www/openemr/interface/batchcom/emailnotification.php on line 62
PHP Notice:  Undefined index: hour in /var/www/openemr/interface/batchcom/emailnotification.php on line 63
PHP Notice:  Undefined index: min in /var/www/openemr/interface/batchcom/emailnotification.php on line 63
PHP Notice:  Undefined index: sms_gateway_type in /var/www/openemr/interface/batchcom/emailnotification.php on line 66
PHP Notice:  Undefined index: next_app_date in /var/www/openemr/interface/batchcom/emailnotification.php on line 66
SQL Error with statement:insert failed: REPLACE INTO `automatic_notification`  ( `notification_id` , `sms_gateway_type` , `next_app_date` , `next_app_time` , `provider_name` , `message` , `email_sender` , `email_subject` , `type` )  VALUES  (?, ?, ?, ?, ?, ?, ?, ?, ?) --Column 'sms_gateway_type' cannot be null==>/var/www/openemr/interface/batchcom/emailnotification.php at 71:sqlInsert
PHP Warning:  "continue" targeting switch is equivalent to "break". Did you mean to use "continue 2"? in /var/www/openemr/vendor/doctrine/orm/lib/Doctrine/ORM/UnitOfWork.php on line 2627
PHP Warning:  "continue" targeting switch is equivalent to "break". Did you mean to use "continue 2"? in /var/www/openemr/vendor/doctrine/orm/lib/Doctrine/ORM/UnitOfWork.php on line 2656
PHP Notice:  Undefined index: next_app_date in /var/www/openemr/interface/batchcom/emailnotification.php on line 48
PHP Notice:  Undefined variable: form_err in /var/www/openemr/interface/batchcom/emailnotification.php on line 62
PHP Notice:  Undefined index: hour in /var/www/openemr/interface/batchcom/emailnotification.php on line 63
PHP Notice:  Undefined index: min in /var/www/openemr/interface/batchcom/emailnotification.php on line 63
PHP Notice:  Undefined index: sms_gateway_type in /var/www/openemr/interface/batchcom/emailnotification.php on line 66
PHP Notice:  Undefined index: next_app_date in /var/www/openemr/interface/batchcom/emailnotification.php on line 66
SQL Error with statement:insert failed: REPLACE INTO `automatic_notification`  ( `notification_id` , `sms_gateway_type` , `next_app_date` , `next_app_time` , `provider_name` , `message` , `email_sender` , `email_subject` , `type` )  VALUES  (?, ?, ?, ?, ?, ?, ?, ?, ?) --Column 'sms_gateway_type' cannot be null==>/var/www/openemr/interface/batchcom/emailnotification.php at 71:sqlInsert
PHP Warning:  "continue" targeting switch is equivalent to "break". Did you mean to use "continue 2"? in /var/www/openemr/vendor/doctrine/orm/lib/Doctrine/ORM/UnitOfWork.php on line 2627
PHP Warning:  "continue" targeting switch is equivalent to "break". Did you mean to use "continue 2"? in /var/www/openemr/vendor/doctrine/orm/lib/Doctrine/ORM/UnitOfWork.php on line 2656
PHP Notice:  Undefined index: next_app_date in /var/www/openemr/interface/batchcom/emailnotification.php on line 48
PHP Notice:  Undefined variable: form_err in /var/www/openemr/interface/batchcom/emailnotification.php on line 62
PHP Notice:  Undefined index: hour in /var/www/openemr/interface/batchcom/emailnotification.php on line 63
PHP Notice:  Undefined index: min in /var/www/openemr/interface/batchcom/emailnotification.php on line 63
PHP Notice:  Undefined index: sms_gateway_type in /var/www/openemr/interface/batchcom/emailnotification.php on line 66
PHP Notice:  Undefined index: next_app_date in /var/www/openemr/interface/batchcom/emailnotification.php on line 66
SQL Error with statement:insert failed: REPLACE INTO `automatic_notification`  ( `notification_id` , `sms_gateway_type` , `next_app_date` , `next_app_time` , `provider_name` , `message` , `email_sender` , `email_subject` , `type` )  VALUES  (?, ?, ?, ?, ?, ?, ?, ?, ?) --Column 'sms_gateway_type' cannot be null==>/var/www/openemr/interface/batchcom/emailnotification.php at 71:sqlInsert
PHP Warning:  "continue" targeting switch is equivalent to "break". Did you mean to use "continue 2"? in /var/www/openemr/vendor/doctrine/orm/lib/Doctrine/ORM/U