PHP Warning:  "continue" targeting switch is equivalent to "break". Did you mean to use "continue 2"? in /var/www/openemr/vendor/doctrine/orm/lib/Doctrine/ORM/UnitOfWork.php on line 2627
PHP Warning:  "continue" targeting switch is equivalent to "break". Did you mean to use "continue 2"? in /var/www/openemr/vendor/doctrine/orm/lib/Doctrine/ORM/UnitOfWork.php on line 2656
PHP Notice:  Undefined index: revenue_code in /var/www/openemr/interface/patient_file/encounter/superbill_custom_full.php on line 65
PHP Warning:  A non-numeric value encountered in /var/www/openemr/interface/patient_file/encounter/superbill_custom_full.php on line 226
PHP Notice:  Undefined variable: join_info in /var/www/openemr/custom/code_types.inc.php on line 638
PHP Notice:  Array to string conversion in /var/www/openemr/library/sql.inc on line 507
PHP Notice:  Array to string conversion in /var/www/openemr/library/sql.inc on line 507
PHP Notice:  Array to string conversion in /var/www/openemr/library/sql.inc on line 507
SQL Error with statement:Code type not active or not defined:==>/var/www/openemr/custom/code_types.inc.php at 789:code_set_search
PHP Warning:  "continue" targeting switch is equivalent to "break". Did you mean to use "continue 2"? in /var/www/openemr/vendor/doctrine/orm/lib/Doctrine/ORM/UnitOfWork.php on line 2627
PHP Warning:  "continue" targeting switch is equivalent to "break". Did you mean to use "continue 2"? in /var/www/openemr/vendor/doctrine/orm/lib/Doctrine/ORM/UnitOfWork.php on line 2656
PHP Notice:  Undefined index: revenue_code in /var/www/openemr/interface/patient_file/encounter/superbill_custom_full.php on line 65
PHP Warning:  A non-numeric value encountered in /var/www/openemr/interface/patient_file/encounter/superbill_custom_full.php on line 226
PHP Notice:  Undefined variable: join_info in /var/www/openemr/custom/code_types.inc.php on line 638
PHP Notice:  Array to string conversion in /var/www/openemr/library/sql.inc on line 507
PHP Notice:  Array to string conversion in /var/www/openemr/library/sql.inc on line 507
PHP Notice:  Array to string conversion in /var/www/openemr/library/sql.inc on line 507
SQL Error with statement:Code type not active or not defined:==>/var/www/openemr/custom/code_types.inc.php at 789:code_set_search
PHP Warning:  "continue" targeting switch is equivalent to "break". Did you mean to use "continue 2"? in /var/www/openemr/vendor/doctrine/orm/lib/Doctrine/ORM/UnitOfWork.php on line 2627
PHP Warning:  "continue" targeting switch is equivalent to "break". Did you mean to use "continue 2"? in /var/www/openemr/vendor/doctrine/orm/lib/Doctrine/ORM/UnitOfWork.php on line 2656
PHP Notice:  Undefined index: revenue_code in /var/www/openemr/interface/patient_file/encounter/superbill_custom_full.php on line 65
PHP Warning:  A non-numeric value encountered in /var/www/openemr/interface/patient_file/encounter/superbill_custom_full.php on line 226
PHP Notice:  Undefined variable: join_info in /var/www/openemr/custom/code_types.inc.php on line 638
PHP Notice:  Array to string conversion in /var/www/openemr/library/sql.inc on line 507
PHP Notice:  Array to string conversion in /var/www/openemr/library/sql.inc on line 507
PHP Notice:  Array to string conversion in /var/www/openemr/library/sql.inc on line 507
SQL Error with statement:Code type not active or not defined:==>/var/www/openemr/custom/code_types.inc.php at 789:code_set_search
PHP Warning:  "continue" targeting switch is equivalent to "break". Did you mean to use "continue 2"? in /var/www/openemr/vendor/doctrine/orm/lib/Doctrine/ORM/UnitOfWork.php on line 2627
PHP Warning:  "continue" targeting switch is equivalent to "break". Did you mean to use "continue 2"? in /var/www/openemr/vendor/doctrine/orm/lib/Doctrine/ORM/UnitOfWork.php on line 2656
PHP Notice:  Undefined index: revenue_code in /var/www/openemr/interface/patient_file/encounter/superbill_custom_full.php on line 65
PHP Warning:  A non-numeric value encountered in /var/www/openemr/interface/patient_file/encounter/superbill_custom_full.php on line 226
PHP Notice:  Undefined variable: join_info in /var/www/openemr/custom/code_types.inc.php on line 638
PHP Notice:  Array to string conversion in /var/www/openemr/library/sql.inc on line 507
PHP Notice:  Array to string conversion in /var/www/openemr/library/sql.inc on line 507
PHP Notice:  Array to string conversion in /var/www/openemr/library/sql.inc on line 507
SQL Error with statement:Code type not active or not defined:==>/var/www/openemr/custom/code_types.inc.php at 789:code_set_search
PHP Warning:  "continue" targeting switch is equivalent to "break". Did you mean to use "continue 2"? in /var/www/openemr/vendor/doctrine/orm/lib/Doctrine/ORM/UnitOfWork.php on line 2627
PHP Warning:  "continue" targeting switch is equivalent to "break". Did you mean to use "continue 2"? in /var/www/openemr/vendor/doctrine/orm/lib/Doctrine/ORM/UnitOfWork.php on line 2656
PHP Notice:  Undefined index: revenue_code in /var/www/openemr/interface/patient_file/encounter/superbill_custom_full.php on line 65
PHP Warning:  A non-numeric value encountered in /var/www/openemr/interface/patient_file/encounter/superbill_custom_full.php on line 226
PHP Notice:  Undefined variable: join_info in /var/www/openemr/custom/code_types.inc.php on line 638
PHP Notice:  Array to string conversion in /var/www/openemr/library/sql.inc on line 507
PHP Notice:  Array to string conversion in /var/www/openemr/library/sql.inc on line 507
PHP Notice:  Array to string conversion in /var/www/openemr/library/sql.inc on line 507
SQL Error with statement:Code type not active or not defined:==>/var/www/openemr/custom/code_types.inc.php at 789:code_set_search
PHP Warning:  "continue" targeting switch is equivalent to "break". Did you mean to use "continue 2"? in /var/www/openemr/vendor/doctrine/orm/lib/Doctrine/ORM/UnitOfWork.php on line 2627
PHP Warning:  "continue" targeting switch is equivalent to "break". Did you mean to use "continue 2"? in /var/www/openemr/vendor/doctrine/orm/lib/Doctrine/ORM/UnitOfWork.php on line 2656
PHP Notice:  Undefined index: revenue_code in /var/www/openemr/interface/patient_file/encounter/superbill_custom_full.php on line 65
PHP Warning:  A non-numeric value encountered in /var/www/openemr/interface/patient_file/encounter/superbill_custom_full.php on line 226
PHP Notice:  Undefined variable: join_info in /var/www/openemr/custom/code_types.inc.php on line 638
PHP Notice:  Array to string conversion in /var/www/openemr/library/sql.inc on line 507
PHP Notice:  Array to string conversion in /var/www/openemr/library/sql.inc on line 507
PHP Notice:  Array to string conversion in /var/www/openemr/library/sql.inc on line 507
SQL Error with statement:Code type not active or not defined:==>/var/www/openemr/custom/code_types.inc.php at 789:code_set_search
PHP Warning:  "continue" targeting switch is equivalent to "break". Did you mean to use "continue 2"? in /var/www/openemr/vendor/doctrine/orm/lib/Doctrine/ORM/UnitOfWork.php on line 2627
PHP Warning:  "continue" targeting switch is equivalent to "break". Did you mean to use "continue 2"? in /var/www/openemr/vendor/doctrine/orm/lib/Doctrine/ORM/UnitOfWork.php on line 2656
PHP Notice:  Undefined index: revenue_code in /var/www/openemr/interface/patient_file/encounter/superbill_custom_full.php on line 65
PHP Warning:  A non-numeric value encountered in /var/www/openemr/interface/patient_file/encounter/superbill_custom_full.php on line 226
PHP Notice:  Undefined variable: join_info in /var/www/openemr/custom/code_types.inc.php on line 638
PHP Notice:  Array to string conversion in /var/www/openemr/library/sql.inc on line 507
PHP Notice:  Array to string conversion in /var/www/openemr/library/sql.inc on line 507
PHP Notice:  Array to string conversion in /var/www/openemr/library/sql.inc on line 507
SQL Error with statement:Code type not active or not defined:==>/var/www/openemr/custom/code_types.inc.php at 789:code_set_search
PHP Warning:  "continue" targeting switch is equivalent to "break". Did you mean to use "continue 2"? in /var/www/openemr/vendor/doctrine/orm/lib/Doctrine/ORM/UnitOfWork.php on line 2627
PHP Warning:  "continue" targeting switch is equivalent to "break". Did you mean to use "continue 2"? in /var/www/openemr/vendor/doctrine/orm/lib/Doctrine/ORM/UnitOfWork.php on line 2656
PHP Notice:  Undefined index: revenue_code in /var/www/openemr/interface/patient_file/encounter/superbill_custom_full.php on line 65
PHP Warning:  A non-numeric value encountered in /var/www/openemr/interface/patient_file/encounter/superbill_custom_full.php on line 226
PHP Notice:  Undefined variable: join_info in /var/www/openemr/custom/code_types.inc.php on line 638
PHP Notice:  Array to string conversion in /var/www/openemr/library/sql.inc on line 507
PHP Notice:  Array to string conversion in /var/www/openemr/library/sql.inc on line 507
PHP Notice:  Array to string conversion in /var/www/openemr/library/sql.inc on line 507
SQL Error with statement:Code type not active or not defined:==>/var/www/openemr/custom/code_types.inc.php at 789:code_set_search
PHP Warning:  "continue" targeting switch is equivalent to "break". Did you mean to use "continue 2"? in /var/www/openemr/vendor/doctrine/orm/lib/Doctrine/ORM/UnitOfWork.php on line 2627
PHP Warning:  "continue" targeting switch is equivalent to "break". Did you mean to use "continue 2"? in /var/www/openemr/vendor/doctrine/orm/lib/Doctrine/ORM/UnitOfWork.php on line 2656
PHP Notice:  Undefined index: revenue_code in /var/www/openemr/interface/patient_file/encounter/superbill_custom_full.php on line 65
PHP Notice:  Undefined index: search_reportable in /var/www/openemr/interface/patient_file/encounter/superbill_custom_full.php on line 234
PHP Notice:  Undefined index: list_backup_id in /var/www/openemr/library/options.inc.php on line 321
PHP Notice:  Undefined index: edit_options in /var/www/openemr/library/options.inc.php on line 332
PHP Notice:  Undefined index: edit_options in /var/www/openemr/library/options.inc.php on line 359
PHP Notice:  Undefined index: form_id in /var/www/openemr/library/options.inc.php on line 362
PHP Notice:  Undefined index: form_id in /var/www/openemr/library/options.inc.php on line