PHP Warning:  "continue" targeting switch is equivalent to "break". Did you mean to use "continue 2"? in /var/www/openemr/vendor/doctrine/orm/lib/Doctrine/ORM/UnitOfWork.php on line 2627
PHP Warning:  "continue" targeting switch is equivalent to "break". Did you mean to use "continue 2"? in /var/www/openemr/vendor/doctrine/orm/lib/Doctrine/ORM/UnitOfWork.php on line 2656
PHP Notice:  Undefined index: basePath in /var/www/openemr/library/core/src/Header.php on line 158
PHP Warning:  "continue" targeting switch is equivalent to "break". Did you mean to use "continue 2"? in /var/www/openemr/vendor/doctrine/orm/lib/Doctrine/ORM/UnitOfWork.php on line 2627
PHP Warning:  "continue" targeting switch is equivalent to "break". Did you mean to use "continue 2"? in /var/www/openemr/vendor/doctrine/orm/lib/Doctrine/ORM/UnitOfWork.php on line 2656
PHP Notice:  Undefined index: basePath in /var/www/openemr/library/core/src/Header.php on line 158
PHP Warning:  "continue" targeting switch is equivalent to "break". Did you mean to use "continue 2"? in /var/www/openemr/vendor/doctrine/orm/lib/Doctrine/ORM/UnitOfWork.php on line 2627
PHP Warning:  "continue" targeting switch is equivalent to "break". Did you mean to use "continue 2"? in /var/www/openemr/vendor/doctrine/orm/lib/Doctrine/ORM/UnitOfWork.php on line 2656
PHP Notice:  Undefined index: basePath in /var/www/openemr/library/core/src/Header.php on line 158
PHP Warning:  "continue" targeting switch is equivalent to "break". Did you mean to use "continue 2"? in /var/www/openemr/vendor/doctrine/orm/lib/Doctrine/ORM/UnitOfWork.php on line 2627
PHP Warning:  "continue" targeting switch is equivalent to "break". Did you mean to use "continue 2"? in /var/www/openemr/vendor/doctrine/orm/lib/Doctrine/ORM/UnitOfWork.php on line 2656
PHP Notice:  Undefined index: basePath in /var/www/openemr/library/core/src/Header.php on line 158
PHP Warning:  "continue" targeting switch is equivalent to "break". Did you mean to use "continue 2"? in /var/www/openemr/vendor/doctrine/orm/lib/Doctrine/ORM/UnitOfWork.php on line 2627
PHP Warning:  "continue" targeting switch is equivalent to "break". Did you mean to use "continue 2"? in /var/www/openemr/vendor/doctrine/orm/lib/Doctrine/ORM/UnitOfWork.php on line 2656
PHP Notice:  Undefined index: basePath in /var/www/openemr/library/core/src/Header.php on line 158
PHP Warning:  "continue" targeting switch is equivalent to "break". Did you mean to use "continue 2"? in /var/www/openemr/vendor/doctrine/orm/lib/Doctrine/ORM/UnitOfWork.php on line 2627
PHP Warning:  "continue" targeting switch is equivalent to "break". Did you mean to use "continue 2"? in /var/www/openemr/vendor/doctrine/orm/lib/Doctrine/ORM/UnitOfWork.php on line 2656
PHP Notice:  Undefined index: basePath in /var/www/openemr/library/core/src/Header.php on line 158
PHP Warning:  "continue" targeting switch is equivalent to "break". Did you mean to use "continue 2"? in /var/www/openemr/vendor/doctrine/orm/lib/Doctrine/ORM/UnitOfWork.php on line 2627
PHP Warning:  "continue" targeting switch is equivalent to "break". Did you mean to use "continue 2"? in /var/www/openemr/vendor/doctrine/orm/lib/Doctrine/ORM/UnitOfWork.php on line 2656
PHP Notice:  Undefined index: basePath in /var/www/openemr/library/core/src/Header.php on line 158
PHP Warning:  "continue" targeting switch is equivalent to "break". Did you mean to use "continue 2"? in /var/www/openemr/vendor/doctrine/orm/lib/Doctrine/ORM/UnitOfWork.php on line 2627
PHP Warning:  "continue" targeting switch is equivalent to "break". Did you mean to use "continue 2"? in /var/www/openemr/vendor/doctrine/orm/lib/Doctrine/ORM/UnitOfWork.php on line 2656
PHP Notice:  Undefined index: basePath in /var/www/openemr/library/core/src/Header.php on line 158
PHP Warning:  "continue" targeting switch is equivalent to "break". Did you mean to use "continue 2"? in /var/www/openemr/vendor/doctrine/orm/lib/Doctrine/ORM/UnitOfWork.php on line 2627
PHP Warning:  "continue" targeting switch is equivalent to "break". Did you mean to use "continue 2"? in /var/www/openemr/vendor/doctrine/orm/lib/Doctrine/ORM/UnitOfWork.php on line 2656
PHP Notice:  Undefined index: basePath in /var/www/openemr/library/core/src/Header.php on line 158
PHP Warning:  "continue" targeting switch is equivalent to "break". Did you mean to use "continue 2"? in /var/www/openemr/vendor/doctrine/orm/lib/Doctrine/ORM/UnitOfWork.php on line 2627
PHP Warning:  "continue" targeting switch is equivalent to "break". Did you mean to use "continue 2"? in /var/www/openemr/vendor/doctrine/orm/lib/Doctrine/ORM/UnitOfWork.php on line 2656
PHP Notice:  Undefined index: basePath in /var/www/openemr/library/core/src/Header.php on line 158
PHP Warning:  "continue" targeting switch is equivalent to "break". Did you mean to use "continue 2"? in /var/www/openemr/vendor/doctrine/orm/lib/Doctrine/ORM/UnitOfWork.php on line 2627
PHP Warning:  "continue" targeting switch is equivalent to "break". Did you mean to use "continue 2"? in /var/www/openemr/vendor/doctrine/orm/lib/Doctrine/ORM/UnitOfWork.php on line 2656
PHP Notice:  Undefined index: basePath in /var/www/openemr/library/core/src/Header.php on line 158
PHP Warning:  "continue" targeting switch is equivalent to "break". Did you mean to use "continue 2"? in /var/www/openemr/vendor/doctrine/orm/lib/Doctrine/ORM/UnitOfWork.php on line 2627
PHP Warning:  "continue" targeting switch is equivalent to "break". Did you mean to use "continue 2"? in /var/www/openemr/vendor/doctrine/orm/lib/Doctrine/ORM/UnitOfWork.php on line 2656
PHP Notice:  Undefined index: basePath in /var/www/openemr/library/core/src/Header.php on line 158
PHP Warning:  "continue" targeting switch is equivalent to "break". Did you mean to use "continue 2"? in /var/www/openemr/vendor/doctrine/orm/lib/Doctrine/ORM/UnitOfWork.php on line 2627
PHP Warning:  "continue" targeting switch is equivalent to "break". Did you mean to use "continue 2"? in /var/www/openemr/vendor/doctrine/orm/lib/Doctrine/ORM/UnitOfWork.php on line 2656
PHP Notice:  Undefined index: basePath in /var/www/openemr/library/core/src/Header.php on line 158
PHP Warning:  "continue" targeting switch is equivalent to "break". Did you mean to use "continue 2"? in /var/www/openemr/vendor/doctrine/orm/lib/Doctrine/ORM/UnitOfWork.php on line 2627
PHP Warning:  "continue" targeting switch is equivalent to "break". Did you mean to use "continue 2"? in /var/www/openemr/vendor/doctrine/orm/lib/Doctrine/ORM/UnitOfWork.php on line 2656
PHP Notice:  Undefined index: basePath in /var/www/openemr/library/core/src/Header.php on line 158
PHP Warning:  "continue" targeting switch is equivalent to "break". Did you mean to use "continue 2"? in /var/www/openemr/vendor/doctrine/orm/lib/Doctrine/ORM/UnitOfWork.php on line 2627
PHP Warning:  "continue" targeting switch is equivalent to "break". Did you mean to use "continue 2"? in /var/www/openemr/vendor/doctrine/orm/lib/Doctrine/ORM/UnitOfWork.php on line 2656
PHP Notice:  Undefined index: basePath in /var/www/openemr/library/core/src/Header.php on line 158
PHP Warning:  "continue" targeting switch is equivalent to "break". Did you mean to use "continue 2"? in /var/www/openemr/vendor/doctrine/orm/lib/Doctrine/ORM/UnitOfWork.php on line 2627
PHP Warning:  "continue" targeting switch is equivalent to "break". Did you mean to use "continue 2"? in /var/www/openemr/vendor/doctrine/orm/lib/Doctrine/ORM/UnitOfWork.php on line 2656
PHP Notice:  Undefined index: basePath in /var/www/openemr/library/core/src/Header.php on line 158
PHP Warning:  "continue" targeting switch is equivalent to "break". Did you mean to use "continue 2"? in /var/www/openemr/vendor/doctrine/orm/lib/Doctrine/ORM/UnitOfWork.php on line 2627
PHP Warning:  "continue" targeting switch is equivalent to "break". Did you mean to use "continue 2"? in /var/www/openemr/vendor/doctrine/orm/lib/Doctrine/ORM/UnitOfWork.php on line 2656
PHP Notice:  Undefined index: form_get_hl7 in /var/www/openemr/interface/reports/non_reported.php on line 97
PHP Notice:  Undefined index: form_get_hl7 in /var/www/openemr/interface/reports/non_reported.php on line 159
PHP Notice:  Undefined index: basePath in /var/www/openemr/library/core/src/Header.php on line 158
PHP Notice:  Undefined index: form_refresh in /var/www/openemr/interface/reports/non_reported.php on line 412
PHP Notice:  Undefined index: form_refresh in /var/www/openemr/interface/reports/non_reported.php on line 436
PHP Warning:  "continue" targeting switch is equivalent to "break". Did you mean to use "continue 2"? in /var/www/openemr/vendor/doctrine/orm/lib/Doctrine/ORM/UnitOfWork.php on line 2627
PHP Warning:  "continue" targeting switch is equivalent to "break". Did you mean to use "continue 2"? in /var/www/openemr/vendor/doctrine/orm/lib/Doctrine/ORM/UnitOfWork.php on line 2656
PHP Notice:  Undefined index: form_get_hl7 in /var/www/openemr/interface/reports/non_reported.php on line 97
PHP Notice:  Undefined index: form_get_hl7 in /var/www/openemr/interface/reports/non_reported.php on line 159
PHP Notice:  Undefined index: basePath in /var/www/openemr/library/core/src/Header.php on line 158
PHP Notice:  Undefined index: form_refresh in /var/www/openemr/interface/reports/non_reported.php on line 412
PHP Notice:  Undefined index: form_refresh in /var/www/openemr/interface/reports/non_reported.php on line 436
PHP Warning:  "continue" targeting switch is equivalent to "break". Did you mean to use "continue 2"? in /var/www/openemr/vendor/doctrine/orm/lib/Doctrine/ORM/UnitOfWork.php on line 2627
PHP Warning:  "continue" targeting switch is equivalent to "break". Did you mean to use "continue 2"? in /var/www/openemr/vendor/doctrine/orm/lib/Doctrine/ORM/UnitOfWork.php on line 2656
PHP Notice:  Undefined index: form_get_hl7 in /var/www/openemr/interface/reports/non_reported.php on line 97
PHP Notice:  Undefined index: form_get_hl7 in /var/www/openemr/interface/reports/non_reported.php on line 159
PHP Notice:  Undefined index: basePath in /var/www/openemr/library/core/src/Header.php on line 158
PHP Notice:  Undefined index: form_refresh in /var/www/openemr/interface/reports/non_reported.php on line 412
PHP Notice:  Undefined index: form_refresh in 