PHP Warning:  "continue" targeting switch is equivalent to "break". Did you mean to use "continue 2"? in /var/www/openemr/vendor/doctrine/orm/lib/Doctrine/ORM/UnitOfWork.php on line 2627
PHP Warning:  "continue" targeting switch is equivalent to "break". Did you mean to use "continue 2"? in /var/www/openemr/vendor/doctrine/orm/lib/Doctrine/ORM/UnitOfWork.php on line 2656
PHP Warning:  "continue" targeting switch is equivalent to "break". Did you mean to use "continue 2"? in /var/www/openemr/vendor/doctrine/orm/lib/Doctrine/ORM/UnitOfWork.php on line 2627
PHP Warning:  "continue" targeting switch is equivalent to "break". Did you mean to use "continue 2"? in /var/www/openemr/vendor/doctrine/orm/lib/Doctrine/ORM/UnitOfWork.php on line 2656
PHP Notice:  Undefined property: CategoryTree::$root_type in /var/www/openemr/library/classes/Tree.class.php on line 57
PHP Notice:  Trying to get property 'EOF' of non-object in /var/www/openemr/library/classes/ORDataObject.class.php on line 119
PHP Notice:  Undefined offset: 0 in /var/www/openemr/library/classes/Document.class.php on line 135
PHP Notice:  Undefined offset: 0 in /var/www/openemr/library/classes/Controller.class.php on line 163
PHP Notice:  Undefined offset: 0 in /var/www/openemr/library/classes/Controller.class.php on line 164
PHP Notice:  Undefined offset: 0 in /var/www/openemr/controllers/C_Document.class.php on line 1180
PHP Notice:  Undefined offset: 0 in /var/www/openemr/library/classes/Controller.class.php on line 163
PHP Notice:  Undefined offset: 0 in /var/www/openemr/library/classes/Controller.class.php on line 164
PHP Notice:  Only variables should be passed by reference in /var/www/openemr/controllers/C_Document.class.php on line 1157
PHP Notice:  Undefined offset: 0 in /var/www/openemr/controllers/C_Document.class.php on line 1180
PHP Notice:  Undefined offset: 0 in /var/www/openemr/library/classes/Controller.class.php on line 163
PHP Notice:  Undefined offset: 0 in /var/www/openemr/library/classes/Controller.class.php on line 164
PHP Notice:  Only variables should be passed by reference in /var/www/openemr/controllers/C_Document.class.php on line 1157
PHP Notice:  Undefined offset: 7 in /var/www/openemr/controllers/C_Document.class.php on line 1180
PHP Notice:  Undefined offset: 0 in /var/www/openemr/library/classes/Controller.class.php on line 163
PHP Notice:  Undefined offset: 0 in /var/www/openemr/library/classes/Controller.class.php on line 164
PHP Notice:  Only variables should be passed by reference in /var/www/openemr/controllers/C_Document.class.php on line 1157
PHP Notice:  Undefined offset: 8 in /var/www/openemr/controllers/C_Document.class.php on line 1180
PHP Notice:  Undefined offset: 0 in /var/www/openemr/library/classes/Controller.class.php on line 163
PHP Notice:  Undefined offset: 0 in /var/www/openemr/library/classes/Controller.class.php on line 164
PHP Notice:  Only variables should be passed by reference in /var/www/openemr/controllers/C_Document.class.php on line 1157
PHP Notice:  Undefined offset: 9 in /var/www/openemr/controllers/C_Document.class.php on line 1180
PHP Notice:  Undefined offset: 6 in /var/www/openemr/controllers/C_Document.class.php on line 1180
PHP Notice:  Undefined offset: 0 in /var/www/openemr/library/classes/Controller.class.php on line 163
PHP Notice:  Undefined offset: 0 in /var/www/openemr/library/classes/Controller.class.php on line 164
PHP Notice:  Only variables should be passed by reference in /var/www/openemr/controllers/C_Document.class.php on line 1157
PHP Notice:  Undefined offset: 12 in /var/www/openemr/controllers/C_Document.class.php on line 1180
PHP Notice:  Undefined offset: 0 in /var/www/openemr/library/classes/Controller.class.php on line 163
PHP Notice:  Undefined offset: 0 in /var/www/openemr/library/classes/Controller.class.php on line 164
PHP Notice:  Only variables should be passed by reference in /var/www/openemr/controllers/C_Document.class.php on line 1157
PHP Notice:  Undefined offset: 13 in /var/www/openemr/controllers/C_Document.class.php on line 1180
PHP Notice:  Undefined offset: 0 in /var/www/openemr/library/classes/Controller.class.php on line 163
PHP Notice:  Undefined offset: 0 in /var/www/openemr/library/classes/Controller.class.php on line 164
PHP Notice:  Only variables should be passed by reference in /var/www/openemr/controllers/C_Document.class.php on line 1157
PHP Notice:  Undefined offset: 11 in /var/www/openemr/controllers/C_Document.class.php on line 1180
PHP Notice:  Undefined offset: 0 in /var/www/openemr/library/classes/Controller.class.php on line 163
PHP Notice:  Undefined offset: 0 in /var/www/openemr/library/classes/Controller.class.php on line 164
PHP Notice:  Only variables should be passed by reference in /var/www/openemr/controllers/C_Document.class.php on line 1157
PHP Notice:  Undefined offset: 0 in /var/www/openemr/controllers/C_Document.class.php on line 1180
PHP Notice:  Undefined offset: 0 in /var/www/openemr/library/classes/Controller.class.php on line 163
PHP Notice:  Undefined offset: 0 in /var/www/openemr/library/classes/Controller.class.php on line 164
PHP Notice:  Only variables should be passed by reference in /var/www/openemr/controllers/C_Document.class.php on line 1157
PHP Notice:  Undefined offset: 15 in /var/www/openemr/controllers/C_Document.class.php on line 1180
PHP Notice:  Undefined offset: 0 in /var/www/openemr/library/classes/Controller.class.php on line 163
PHP Notice:  Undefined offset: 0 in /var/www/openemr/library/classes/Controller.class.php on line 164
PHP Notice:  Only variables should be passed by reference in /var/www/openemr/controllers/C_Document.class.php on line 1157
PHP Notice:  Undefined offset: 16 in /var/www/openemr/controllers/C_Document.class.php on line 1180
PHP Notice:  Undefined offset: 0 in /var/www/openemr/library/classes/Controller.class.php on line 163
PHP Notice:  Undefined offset: 0 in /var/www/openemr/library/classes/Controller.class.php on line 164
PHP Notice:  Only variables should be passed by reference in /var/www/openemr/controllers/C_Document.class.php on line 1157
PHP Notice:  Undefined offset: 0 in /var/www/openemr/controllers/C_Document.class.php on line 1180
PHP Notice:  Undefined offset: 0 in /var/www/openemr/library/classes/Controller.class.php on line 163
PHP Notice:  Undefined offset: 0 in /var/www/openemr/library/classes/Controller.class.php on line 164
PHP Notice:  Only variables should be passed by reference in /var/www/openemr/controllers/C_Document.class.php on line 1157
PHP Notice:  Undefined offset: 21 in /var/www/openemr/controllers/C_Document.class.php on line 1180
PHP Notice:  Undefined offset: 0 in /var/www/openemr/library/classes/Controller.class.php on line 163
PHP Notice:  Undefined offset: 0 in /var/www/openemr/library/classes/Controller.class.php on line 164
PHP Notice:  Only variables should be passed by reference in /var/www/openemr/controllers/C_Document.class.php on line 1157
PHP Notice:  Undefined offset: 26 in /var/www/openemr/controllers/C_Document.class.php on line 1180
PHP Notice:  Undefined offset: 0 in /var/www/openemr/library/classes/Controller.class.php on line 163
PHP Notice:  Undefined offset: 0 in /var/www/openemr/library/classes/Controller.class.php on line 164
PHP Notice:  Only variables should be passed by reference in /var/www/openemr/controllers/C_Document.class.php on line 1157
PHP Notice:  Undefined offset: 20 in /var/www/openemr/controllers/C_Document.class.php on line 1180
PHP Notice:  Undefined offset: 0 in /var/www/openemr/library/classes/Controller.class.php on line 163
PHP Notice:  Undefined offset: 0 in /var/www/openemr/library/classes/Controller.class.php on line 164
PHP Notice:  Only variables should be passed by reference in /var/www/openemr/controllers/C_Document.class.php on line 1157
PHP Notice:  Undefined offset: 19 in /var/www/openemr/controllers/C_Document.class.php on line 1180
PHP Notice:  Undefined offset: 0 in /var/www/openemr/library/classes/Controller.class.php on line 163
PHP Notice:  Undefined offset: 0 in /var/www/openemr/library/classes/Controller.class.php on line 164
PHP Notice:  Only variables should be passed by reference in /var/www/openemr/controllers/C_Document.class.php on line 1157
PHP Notice:  Undefined offset: 23 in /var/www/openemr/controllers/C_Document.class.php on line 1180
PHP Notice:  Undefined offset: 0 in /var/www/openemr/library/classes/Controller.class.php on line 163
PHP Notice:  Undefined offset: 0 in /var/www/openemr/library/classes/Controller.class.php on line 164
PHP Notice:  Only variables should be passed by reference in /var/www/openemr/controllers/C_Document.class.php on line 1157
PHP Notice:  Undefined offset: 18 in /var/www/openemr/controllers/C_Document.class.php on line 1180
PHP Notice:  Undefined offset: 0 in /var/www/openemr/library/classes/Controller.class.php on line 163
PHP Notice:  Undefined offset: 0 in /var/www/openemr/library/classes/Controller.class.php on line 164
PHP Notice:  Only variables should be passed by reference in /var/www/openemr/controllers/C_Document.class.php on line 1157
PHP Notice:  Undefined offset: 22 in /var/www/openemr/controllers/C_Document.class.php on line 1180
PHP Notice:  Undefined offset: 0 in /var/www/openemr/library/classes/Controller.class.php on line 163
PHP Notice:  Undefined offset: 0 in /var/www/openemr/library/classes/Controller.class.php on line 164
PHP Notice:  Only variables should be passed by reference in /var/www/openemr/controllers/C_Document.class.php on line 1157
PHP Notice:  Undefined offset: 24 in /var/www/openemr/controllers/C_Document.class.php on line 1180
PHP Notice:  Undefined offset: 0 in /var/www/openemr/library/classes/Controller.class.php on line 163
PHP Notice:  Undefined offset: 0 in /var/www/openemr/library/classes/Controller.class.php on line 164
PHP Notice:  Only variables should be passed by reference in /var/www/openemr/controllers/C_Document.class.php on line 1157
PHP Notice:  Undefined offset: 25 in /var/www/openemr/controllers/C_Document.class.php on line 1180
PHP Notice:  Undefined offset: 17 in /var/www/openemr/controllers/C_Document.class.php on line 1180
PHP Notice:  Undefined offset: 14 in /var/www/openemr/controllers/C_Document.class.php on