PHP Warning:  "continue" targeting switch is equivalent to "break". Did you mean to use "continue 2"? in /var/www/openemr/vendor/doctrine/orm/lib/Doctrine/ORM/UnitOfWork.php on line 2627
PHP Warning:  "continue" targeting switch is equivalent to "break". Did you mean to use "continue 2"? in /var/www/openemr/vendor/doctrine/orm/lib/Doctrine/ORM/UnitOfWork.php on line 2656
PHP Notice:  Undefined index: basePath in /var/www/openemr/library/core/src/Header.php on line 158
PHP Notice:  Undefined variable: provider_facility_filter in /var/www/openemr/interface/reports/appointments_report.php on line 201
PHP Notice:  Undefined index: list_backup_id in /var/www/openemr/library/options.inc.php on line 321
PHP Notice:  Undefined index: edit_options in /var/www/openemr/library/options.inc.php on line 332
PHP Notice:  Undefined index: edit_options in /var/www/openemr/library/options.inc.php on line 359
PHP Notice:  Undefined index: form_id in /var/www/openemr/library/options.inc.php on line 362
PHP Notice:  Undefined index: form_id in /var/www/openemr/library/options.inc.php on line 363
PHP Notice:  Undefined index: form_id in /var/www/openemr/library/options.inc.php on line 364
PHP Notice:  Undefined index: form_id in /var/www/openemr/library/options.inc.php on line 365
PHP Warning:  "continue" targeting switch is equivalent to "break". Did you mean to use "continue 2"? in /var/www/openemr/vendor/doctrine/orm/lib/Doctrine/ORM/UnitOfWork.php on line 2627
PHP Warning:  "continue" targeting switch is equivalent to "break". Did you mean to use "continue 2"? in /var/www/openemr/vendor/doctrine/orm/lib/Doctrine/ORM/UnitOfWork.php on line 2656
PHP Notice:  Undefined index: basePath in /var/www/openemr/library/core/src/Header.php on line 158
PHP Notice:  Undefined variable: provider_facility_filter in /var/www/openemr/interface/reports/appointments_report.php on line 201
PHP Notice:  Undefined index: list_backup_id in /var/www/openemr/library/options.inc.php on line 321
PHP Notice:  Undefined index: edit_options in /var/www/openemr/library/options.inc.php on line 332
PHP Notice:  Undefined index: edit_options in /var/www/openemr/library/options.inc.php on line 359
PHP Notice:  Undefined index: form_id in /var/www/openemr/library/options.inc.php on line 362
PHP Notice:  Undefined index: form_id in /var/www/openemr/library/options.inc.php on line 363
PHP Notice:  Undefined index: form_id in /var/www/openemr/library/options.inc.php on line 364
PHP Notice:  Undefined index: form_id in /var/www/openemr/library/options.inc.php on line 365
PHP Warning:  "continue" targeting switch is equivalent to "break". Did you mean to use "continue 2"? in /var/www/openemr/vendor/doctrine/orm/lib/Doctrine/ORM/UnitOfWork.php on line 2627
PHP Warning:  "continue" targeting switch is equivalent to "break". Did you mean to use "continue 2"? in /var/www/openemr/vendor/doctrine/orm/lib/Doctrine/ORM/UnitOfWork.php on line 2656
PHP Notice:  Undefined index: basePath in /var/www/openemr/library/core/src/Header.php on line 158
PHP Notice:  Undefined variable: provider_facility_filter in /var/www/openemr/interface/reports/appointments_report.php on line 201
PHP Notice:  Undefined index: list_backup_id in /var/www/openemr/library/options.inc.php on line 321
PHP Notice:  Undefined index: edit_options in /var/www/openemr/library/options.inc.php on line 332
PHP Notice:  Undefined index: edit_options in /var/www/openemr/library/options.inc.php on line 359
PHP Notice:  Undefined index: form_id in /var/www/openemr/library/options.inc.php on line 362
PHP Notice:  Undefined index: form_id in /var/www/openemr/library/options.inc.php on line 363
PHP Notice:  Undefined index: form_id in /var/www/openemr/library/options.inc.php on line 364
PHP Notice:  Undefined index: form_id in /var/www/openemr/library/options.inc.php on line 365
PHP Warning:  "continue" targeting switch is equivalent to "break". Did you mean to use "continue 2"? in /var/www/openemr/vendor/doctrine/orm/lib/Doctrine/ORM/UnitOfWork.php on line 2627
PHP Warning:  "continue" targeting switch is equivalent to "break". Did you mean to use "continue 2"? in /var/www/openemr/vendor/doctrine/orm/lib/Doctrine/ORM/UnitOfWork.php on line 2656
PHP Notice:  Undefined index: basePath in /var/www/openemr/library/core/src/Header.php on line 158
PHP Notice:  Undefined variable: provider_facility_filter in /var/www/openemr/interface/reports/appointments_report.php on line 201
PHP Notice:  Undefined index: list_backup_id in /var/www/openemr/library/options.inc.php on line 321
PHP Notice:  Undefined index: edit_options in /var/www/openemr/library/options.inc.php on line 332
PHP Notice:  Undefined index: edit_options in /var/www/openemr/library/options.inc.php on line 359
PHP Notice:  Undefined index: form_id in /var/www/openemr/library/options.inc.php on line 362
PHP Notice:  Undefined index: form_id in /var/www/openemr/library/options.inc.php on line 363
PHP Notice:  Undefined index: form_id in /var/www/openemr/library/options.inc.php on line 364
PHP Notice:  Undefined index: form_id in /var/www/openemr/library/options.inc.php on line 365
PHP Warning:  "continue" targeting switch is equivalent to "break". Did you mean to use "continue 2"? in /var/www/openemr/vendor/doctrine/orm/lib/Doctrine/ORM/UnitOfWork.php on line 2627
PHP Warning:  "continue" targeting switch is equivalent to "break". Did you mean to use "continue 2"? in /var/www/openemr/vendor/doctrine/orm/lib/Doctrine/ORM/UnitOfWork.php on line 2656
PHP Notice:  Undefined index: basePath in /var/www/openemr/library/core/src/Header.php on line 158
PHP Notice:  Undefined variable: provider_facility_filter in /var/www/openemr/interface/reports/appointments_report.php on line 201
PHP Notice:  Undefined index: list_backup_id in /var/www/openemr/library/options.inc.php on line 321
PHP Notice:  Undefined index: edit_options in /var/www/openemr/library/options.inc.php on line 332
PHP Notice:  Undefined index: edit_options in /var/www/openemr/library/options.inc.php on line 359
PHP Notice:  Undefined index: form_id in /var/www/openemr/library/options.inc.php on line 362
PHP Notice:  Undefined index: form_id in /var/www/openemr/library/options.inc.php on line 363
PHP Notice:  Undefined index: form_id in /var/www/openemr/library/options.inc.php on line 364
PHP Notice:  Undefined index: form_id in /var/www/openemr/library/options.inc.php on line 365
PHP Warning:  "continue" targeting switch is equivalent to "break". Did you mean to use "continue 2"? in /var/www/openemr/vendor/doctrine/orm/lib/Doctrine/ORM/UnitOfWork.php on line 2627
PHP Warning:  "continue" targeting switch is equivalent to "break". Did you mean to use "continue 2"? in /var/www/openemr/vendor/doctrine/orm/lib/Doctrine/ORM/UnitOfWork.php on line 2656
PHP Notice:  Undefined index: basePath in /var/www/openemr/library/core/src/Header.php on line 158
PHP Notice:  Undefined variable: provider_facility_filter in /var/www/openemr/interface/reports/appointments_report.php on line 201
PHP Notice:  Undefined index: list_backup_id in /var/www/openemr/library/options.inc.php on line 321
PHP Notice:  Undefined index: edit_options in /var/www/openemr/library/options.inc.php on line 332
PHP Notice:  Undefined index: edit_options in /var/www/openemr/library/options.inc.php on line 359
PHP Notice:  Undefined index: form_id in /var/www/openemr/library/options.inc.php on line 362
PHP Notice:  Undefined index: form_id in /var/www/openemr/library/options.inc.php on line 363
PHP Notice:  Undefined index: form_id in /var/www/openemr/library/options.inc.php on line 364
PHP Notice:  Undefined index: form_id in /var/www/openemr/library/options.inc.php on line 365
PHP Warning:  "continue" targeting switch is equivalent to "break". Did you mean to use "continue 2"? in /var/www/openemr/vendor/doctrine/orm/lib/Doctrine/ORM/UnitOfWork.php on line 2627
PHP Warning:  "continue" targeting switch is equivalent to "break". Did you mean to use "continue 2"? in /var/www/openemr/vendor/doctrine/orm/lib/Doctrine/ORM/UnitOfWork.php on line 2656
PHP Notice:  Undefined index: basePath in /var/www/openemr/library/core/src/Header.php on line 158
PHP Notice:  Undefined variable: provider_facility_filter in /var/www/openemr/interface/reports/appointments_report.php on line 201
PHP Notice:  Undefined index: list_backup_id in /var/www/openemr/library/options.inc.php on line 321
PHP Notice:  Undefined index: edit_options in /var/www/openemr/library/options.inc.php on line 332
PHP Notice:  Undefined index: edit_options in /var/www/openemr/library/options.inc.php on line 359
PHP Notice:  Undefined index: form_id in /var/www/openemr/library/options.inc.php on line 362
PHP Notice:  Undefined index: form_id in /var/www/openemr/library/options.inc.php on line 363
PHP Notice:  Undefined index: form_id in /var/www/openemr/library/options.inc.php on line 364
PHP Notice:  Undefined index: form_id in /var/www/openemr/library/options.inc.php on line 365
PHP Warning:  "continue" targeting switch is equivalent to "break". Did you mean to use "continue 2"? in /var/www/openemr/vendor/doctrine/orm/lib/Doctrine/ORM/UnitOfWork.php on line 2627
PHP Warning:  "continue" targeting switch is equivalent to "break". Did you mean to use "continue 2"? in /var/www/openemr/vendor/doctrine/orm/lib/Doctrine/ORM/UnitOfWork.php on line 2656
PHP Notice:  Undefined index: basePath in /var/www/openemr/library/core/src/Header.php on line 158
PHP Notice:  Undefined variable: provider_facility_filter in /var/www/openemr/interface/reports/appointments_report.php on line 201
PHP Notice:  Undefined index: list_backup_id in /var/www/openemr/library/options.inc.php on line 321
PHP Notice:  Undefined index: edit_options in /var/www/openemr/library/options.inc.php on line 332
PHP Notice:  Undefined index: edit_options in /var/www/openemr/library/options.inc.php on line 359
PHP Notice:  Undefined index: form_id in /var/www/openemr/library/options.inc.php on line 362
PHP Notice:  Undefined index: form_id in /var/www/openemr/library/options.inc.php on line 363
PHP Notice:  Undefined index: form_id in /var/www/openemr/library/options.inc.php on line 364
PHP Notice:  Undefined index: form_id in /var/www/openemr/library/options.inc.php on line 365
