[0;36mafl-fuzz [1;97m2.52b[0m by <lcamtuf@google.com>
[1;92m[+] [0mLooks like we're not running on a tty, so I'll be a bit less verbose.[0m
[1;92m[+] [0mYou have 128 CPU cores and 5 runnable tasks (utilization: 4%).[0m
[1;92m[+] [0mTry parallel jobs - see docs/parallel_fuzzing.txt.[0m
[1;93m[!] [1;97mWARNING: [0mSetting binding to 22[0m
[1;94m[*] [0mChecking core_pattern...[0m
[1;94m[*] [0mChecking CPU scaling governor...[0m
[1;94m[*] [0mUsing SHMID of '65603'...[0m
shm_id=65603 , tb[0]=6  0x7efc498f8000
[1;94m[*] [0mSetting up output directories...[0m
[1;94m[*] [0mScanning './WICHR/work/initial_seeds'...[0m
[1;92m[+] [0mNo auto-generated dictionary tokens to reuse.[0m
[1;94m[*] [0mCreating hard links for all input files...[0m
[1;94m[*] [0mLoading extra dictionary from './WICHR/work/dict.txt' (level 0)...[0m
[1;92m[+] [0mLoaded 140 extra tokens, size range 2 B to 104 B.[0m
[1;93m[!] [1;97mWARNING: [0mSome tokens are relatively large (104 B) - consider trimming.[0m
[1;94m[*] [0mValidating target binary...[0m
[1;94m[*] [0mAttempting dry run with 'id:000000,orig:seed-0'...[0m
[1;94m[*] [0mSpinning up the fork server...[0m
here b4 138479
here after 138479 138480 
fs status= 4 [AFL] Forkserver up
[1;92m[+] [0mAll right - fork server is up.[0m
[1;90m    len = 30, map size = 707, exec speed = 72250 us
[0m[1;93m[!] [1;97mWARNING: [0mInstrumentation output varies across runs.[0m
[1;94m[*] [0mAttempting dry run with 'id:000001,orig:seed-1'...[0m
[1;90m    len = 30, map size = 707, exec speed = 68178 us
[0m[1;93m[!] [1;97mWARNING: [0mNo new instrumentation output, test case may be useless.[0m
[1;94m[*] [0mAttempting dry run with 'id:000002,orig:seed-2'...[0m
[1;90m    len = 19, map size = 707, exec speed = 72028 us
[0m[1;93m[!] [1;97mWARNING: [0mNo new instrumentation output, test case may be useless.[0m
[1;94m[*] [0mAttempting dry run with 'id:000003,orig:seed-3'...[0m
[1;90m    len = 16, map size = 707, exec speed = 75356 us
[0m[1;93m[!] [1;97mWARNING: [0mNo new instrumentation output, test case may be useless.[0m
[1;94m[*] [0mAttempting dry run with 'id:000004,orig:seed-4'...[0m
[1;90m    len = 20, map size = 707, exec speed = 70498 us
[0m[1;93m[!] [1;97mWARNING: [0mNo new instrumentation output, test case may be useless.[0m
[1;94m[*] [0mAttempting dry run with 'id:000005,orig:seed-5'...[0m
[1;90m    len = 9, map size = 707, exec speed = 69622 us
[0m[1;93m[!] [1;97mWARNING: [0mNo new instrumentation output, test case may be useless.[0m
[1;94m[*] [0mAttempting dry run with 'id:000006,orig:seed-6'...[0m
[1;90m    len = 27, map size = 707, exec speed = 72156 us
[0m[1;93m[!] [1;97mWARNING: [0mNo new instrumentation output, test case may be useless.[0m
[1;94m[*] [0mAttempting dry run with 'id:000007,orig:seed-7'...[0m
[1;90m    len = 9, map size = 707, exec speed = 74683 us
[0m[1;93m[!] [1;97mWARNING: [0mNo new instrumentation output, test case may be useless.[0m
[1;92m[+] [0mAll test cases processed.[0m

[1;93m[!] [1;97mWARNING: [0m[1;91mThe target binary is pretty slow! See docs/perf_tips.txt.[0m
[1;93m[!] [1;97mWARNING: [0m[1;91mSome test cases look useless. Consider using a smaller set.[0m
[1;92m[+] [0mHere are some useful stats:

[1;90m    Test case count : [0m1 favored, 1 variable, 8 total
[1;90m       Bitmap range : [0m707 to 707 bits (average: 707.00 bits)
[1;90m        Exec timing : [0m68.2k to 75.4k us (average: 72.0k us)
[0m
[1;92m[+] [0mAll set and ready to roll![0m
[1;94m[*] [0mEntering queue cycle 1.[0m
[1;94m[*] [0mFuzzing test case #5 (8 total, 0 uniq crashes found)...[0m
[1;94m[*] [0mFuzzing test case #6 (8 total, 0 uniq crashes found)...[0m
[1;94m[*] [0mFuzzing test case #7 (8 total, 0 uniq crashes found)...[0m
[1;94m[*] [0mEntering queue cycle 2.[0m
[1;94m[*] [0mFuzzing test case #0 (8 total, 0 uniq crashes found)...[0m
[1;94m[*] [0mFuzzing test case #1 (8 total, 0 uniq crashes found)...[0m
[1;94m[*] [0mFuzzing test case #2 (8 total, 0 uniq crashes found)...[0m
[1;94m[*] [0mFuzzing test case #3 (8 total, 0 uniq crashes found)...[0m
[1;94m[*] [0mFuzzing test case #4 (8 total, 0 uniq crashes found)...[0m
[1;94m[*] [0mFuzzing test case #5 (8 total, 0 uniq crashes found)...[0m
[1;94m[*] [0mFuzzing test case #6 (8 total, 0 uniq crashes found)...[0m
[1;94m[*] [0mFuzzing test case #7 (8 total, 0 uniq crashes found)...[0m
[1;94m[*] [0mEntering queue cycle 3.[0m
[1;94m[*] [0mFuzzing test case #0 (8 total, 0 uniq crashes found)...[0m
[1;94m[*] [0mFuzzing test case #1 (8 total, 0 uniq crashes found)...[0m
[1;94m[*] [0mFuzzing test case #2 (8 total, 0 uniq crashes found)...[0m
[1;94m[*] [0mFuzzing test case #3 (8 total, 0 uniq crashes found)...[0m
[1;94m[*] [0mFuzzing test case #4 (8 total, 0 uniq crashes found)...[0m
[1;94m[*] [0mFuzzing test case #5 (8 total, 0 uniq crashes found)...[0m
[1;94m[*] [0mFuzzing test case #6 (8 total, 0 uniq crashes found)...[0m
[1;94m[*] [0mFuzzing test case #7 (8 total, 0 uniq crashes found)...[0m
[1;94m[*] [0mEntering queue cycle 4.[0m
[1;94m[*] [0mFuzzing test case #0 (8 total, 0 uniq crashes found)...[0m
[1;94m[*] [0mFuzzing test case #1 (8 total, 0 uniq crashes found)...[0m
[1;94m[*] [0mFuzzing test case #2 (8 total, 0 uniq crashes found)...[0m
[1;94m[*] [0mFuzzing test case #3 (8 total, 0 uniq crashes found)...[0m
[1;94m[*] [0mFuzzing test case #4 (8 total, 0 uniq crashes found)...[0m
[1;94m[*] [0mFuzzing test case #5 (8 total, 0 uniq crashes found)...[0m
[1;94m[*] [0mFuzzing test case #6 (8 total, 0 uniq crashes found)...[0m
[1;94m[*] [0mFuzzing test case #7 (8 total, 0 uniq crashes found)...[0m
[1;94m[*] [0mEntering queue cycle 5.[0m
[1;94m[*] [0mFuzzing test case #0 (8 total, 0 uniq crashes found)...[0m
[1;94m[*] [0mFuzzing test case #1 (8 total, 0 uniq crashes found)...[0m
