PHP Warning:  "continue" targeting switch is equivalent to "break". Did you mean to use "continue 2"? in /var/www/openemr/vendor/doctrine/orm/lib/Doctrine/ORM/UnitOfWork.php on line 2627
PHP Warning:  "continue" targeting switch is equivalent to "break". Did you mean to use "continue 2"? in /var/www/openemr/vendor/doctrine/orm/lib/Doctrine/ORM/UnitOfWork.php on line 2656
PHP Notice:  Undefined index: form_provider in /var/www/openemr/interface/reports/cqm.php on line 72
PHP Notice:  Undefined index: basePath in /var/www/openemr/library/core/src/Header.php on line 158
PHP Notice:  Undefined variable: dis_text in /var/www/openemr/interface/reports/cqm.php on line 363
PHP Notice:  Undefined variable: dis_text in /var/www/openemr/interface/reports/cqm.php on line 380
PHP Notice:  Undefined variable: dis_text in /var/www/openemr/interface/reports/cqm.php on line 411
PHP Notice:  Undefined variable: provider_facility_filter in /var/www/openemr/interface/reports/cqm.php on line 484
PHP Notice:  Undefined variable: dis_text in /var/www/openemr/interface/reports/cqm.php on line 488
PHP Notice:  Undefined variable: dis_text in /var/www/openemr/interface/reports/cqm.php on line 530
PHP Notice:  Undefined variable: dis_text in /var/www/openemr/interface/reports/cqm.php on line 555
PHP Warning:  "continue" targeting switch is equivalent to "break". Did you mean to use "continue 2"? in /var/www/openemr/vendor/doctrine/orm/lib/Doctrine/ORM/UnitOfWork.php on line 2627
PHP Warning:  "continue" targeting switch is equivalent to "break". Did you mean to use "continue 2"? in /var/www/openemr/vendor/doctrine/orm/lib/Doctrine/ORM/UnitOfWork.php on line 2656
PHP Notice:  Undefined index: form_provider in /var/www/openemr/interface/reports/cqm.php on line 72
PHP Notice:  Undefined index: basePath in /var/www/openemr/library/core/src/Header.php on line 158
PHP Notice:  Undefined variable: dis_text in /var/www/openemr/interface/reports/cqm.php on line 363
PHP Notice:  Undefined variable: dis_text in /var/www/openemr/interface/reports/cqm.php on line 380
PHP Notice:  Undefined variable: dis_text in /var/www/openemr/interface/reports/cqm.php on line 411
PHP Notice:  Undefined variable: provider_facility_filter in /var/www/openemr/interface/reports/cqm.php on line 484
PHP Notice:  Undefined variable: dis_text in /var/www/openemr/interface/reports/cqm.php on line 488
PHP Notice:  Undefined variable: dis_text in /var/www/openemr/interface/reports/cqm.php on line 530
PHP Notice:  Undefined variable: dis_text in /var/www/openemr/interface/reports/cqm.php on line 555
PHP Warning:  "continue" targeting switch is equivalent to "break". Did you mean to use "continue 2"? in /var/www/openemr/vendor/doctrine/orm/lib/Doctrine/ORM/UnitOfWork.php on line 2627
PHP Warning:  "continue" targeting switch is equivalent to "break". Did you mean to use "continue 2"? in /var/www/openemr/vendor/doctrine/orm/lib/Doctrine/ORM/UnitOfWork.php on line 2656
PHP Notice:  Undefined index: form_provider in /var/www/openemr/interface/reports/cqm.php on line 72
PHP Notice:  Undefined index: basePath in /var/www/openemr/library/core/src/Header.php on line 158
PHP Notice:  Undefined variable: dis_text in /var/www/openemr/interface/reports/cqm.php on line 363
PHP Notice:  Undefined variable: dis_text in /var/www/openemr/interface/reports/cqm.php on line 380
PHP Notice:  Undefined variable: dis_text in /var/www/openemr/interface/reports/cqm.php on line 411
PHP Notice:  Undefined variable: provider_facility_filter in /var/www/openemr/interface/reports/cqm.php on line 484
PHP Notice:  Undefined variable: dis_text in /var/www/openemr/interface/reports/cqm.php on line 488
PHP Notice:  Undefined variable: dis_text in /var/www/openemr/interface/reports/cqm.php on line 530
PHP Notice:  Undefined variable: dis_text in /var/www/openemr/interface/reports/cqm.php on line 555
PHP Warning:  "continue" targeting switch is equivalent to "break". Did you mean to use "continue 2"? in /var/www/openemr/vendor/doctrine/orm/lib/Doctrine/ORM/UnitOfWork.php on line 2627
PHP Warning:  "continue" targeting switch is equivalent to "break". Did you mean to use "continue 2"? in /var/www/openemr/vendor/doctrine/orm/lib/Doctrine/ORM/UnitOfWork.php on line 2656
PHP Notice:  Undefined index: form_provider in /var/www/openemr/interface/reports/cqm.php on line 72
PHP Notice:  Undefined index: basePath in /var/www/openemr/library/core/src/Header.php on line 158
PHP Notice:  Undefined variable: dis_text in /var/www/openemr/interface/reports/cqm.php on line 363
PHP Notice:  Undefined variable: dis_text in /var/www/openemr/interface/reports/cqm.php on line 380
PHP Notice:  Undefined variable: dis_text in /var/www/openemr/interface/reports/cqm.php on line 411
PHP Notice:  Undefined variable: provider_facility_filter in /var/www/openemr/interface/reports/cqm.php on line 484
PHP Notice:  Undefined variable: dis_text in /var/www/openemr/interface/reports/cqm.php on line 488
PHP Notice:  Undefined variable: dis_text in /var/www/openemr/interface/reports/cqm.php on line 530
PHP Notice:  Undefined variable: dis_text in /var/www/openemr/interface/reports/cqm.php on line 555
PHP Warning:  "continue" targeting switch is equivalent to "break". Did you mean to use "continue 2"? in /var/www/openemr/vendor/doctrine/orm/lib/Doctrine/ORM/UnitOfWork.php on line 2627
PHP Warning:  "continue" targeting switch is equivalent to "break". Did you mean to use "continue 2"? in /var/www/openemr/vendor/doctrine/orm/lib/Doctrine/ORM/UnitOfWork.php on line 2656
PHP Notice:  Undefined index: form_provider in /var/www/openemr/interface/reports/cqm.php on line 72
PHP Notice:  Undefined index: basePath in /var/www/openemr/library/core/src/Header.php on line 158
PHP Notice:  Undefined variable: dis_text in /var/www/openemr/interface/reports/cqm.php on line 363
PHP Notice:  Undefined variable: dis_text in /var/www/openemr/interface/reports/cqm.php on line 380
PHP Notice:  Undefined variable: dis_text in /var/www/openemr/interface/reports/cqm.php on line 411
PHP Notice:  Undefined variable: provider_facility_filter in /var/www/openemr/interface/reports/cqm.php on line 484
PHP Notice:  Undefined variable: dis_text in /var/www/openemr/interface/reports/cqm.php on line 488
PHP Notice:  Undefined variable: dis_text in /var/www/openemr/interface/reports/cqm.php on line 530
PHP Notice:  Undefined variable: dis_text in /var/www/openemr/interface/reports/cqm.php on line 555
PHP Warning:  "continue" targeting switch is equivalent to "break". Did you mean to use "continue 2"? in /var/www/openemr/vendor/doctrine/orm/lib/Doctrine/ORM/UnitOfWork.php on line 2627
PHP Warning:  "continue" targeting switch is equivalent to "break". Did you mean to use "continue 2"? in /var/www/openemr/vendor/doctrine/orm/lib/Doctrine/ORM/UnitOfWork.php on line 2656
PHP Notice:  Undefined index: form_provider in /var/www/openemr/interface/reports/cqm.php on line 72
PHP Notice:  Undefined index: basePath in /var/www/openemr/library/core/src/Header.php on line 158
PHP Notice:  Undefined variable: dis_text in /var/www/openemr/interface/reports/cqm.php on line 363
PHP Notice:  Undefined variable: dis_text in /var/www/openemr/interface/reports/cqm.php on line 380
PHP Notice:  Undefined variable: dis_text in /var/www/openemr/interface/reports/cqm.php on line 411
PHP Notice:  Undefined variable: provider_facility_filter in /var/www/openemr/interface/reports/cqm.php on line 484
PHP Notice:  Undefined variable: dis_text in /var/www/openemr/interface/reports/cqm.php on line 488
PHP Notice:  Undefined variable: dis_text in /var/www/openemr/interface/reports/cqm.php on line 530
PHP Notice:  Undefined variable: dis_text in /var/www/openemr/interface/reports/cqm.php on line 555
PHP Warning:  "continue" targeting switch is equivalent to "break". Did you mean to use "continue 2"? in /var/www/openemr/vendor/doctrine/orm/lib/Doctrine/ORM/UnitOfWork.php on line 2627
PHP Warning:  "continue" targeting switch is equivalent to "break". Did you mean to use "continue 2"? in /var/www/openemr/vendor/doctrine/orm/lib/Doctrine/ORM/UnitOfWork.php on line 2656
PHP Notice:  Undefined index: form_provider in /var/www/openemr/interface/reports/cqm.php on line 72
PHP Notice:  Undefined index: basePath in /var/www/openemr/library/core/src/Header.php on line 158
PHP Notice:  Undefined variable: dis_text in /var/www/openemr/interface/reports/cqm.php on line 363
PHP Notice:  Undefined variable: dis_text in /var/www/openemr/interface/reports/cqm.php on line 380
PHP Notice:  Undefined variable: dis_text in /var/www/openemr/interface/reports/cqm.php on line 411
PHP Notice:  Undefined variable: provider_facility_filter in /var/www/openemr/interface/reports/cqm.php on line 484
PHP Notice:  Undefined variable: dis_text in /var/www/openemr/interface/reports/cqm.php on line 488
PHP Notice:  Undefined variable: dis_text in /var/www/openemr/interface/reports/cqm.php on line 530
PHP Notice:  Undefined variable: dis_text in /var/www/openemr/interface/reports/cqm.php on line 555
PHP Warning:  "continue" targeting switch is equivalent to "break". Did you mean to use "continue 2"? in /var/www/openemr/vendor/doctrine/orm/lib/Doctrine/ORM/UnitOfWork.php on line 2627
PHP Warning:  "continue" targeting switch is equivalent to "break". Did you mean to use "continue 2"? in /var/www/openemr/vendor/doctrine/orm/lib/Doctrine/ORM/UnitOfWork.php on line 2656
PHP Notice:  Undefined index: form_provider in /var/www/openemr/interface/reports/cqm.php on line 72
PHP Notice:  Undefined index: basePath in /var/www/openemr/library/core/src/Header.php on line 158
PHP Notice:  Undefined variable: dis_text in /var/www/openemr/interface/reports/cqm.php on line 363
PHP Notice:  Undefined variable: dis_text in /var/www/openemr/interface/reports/cqm.php on line 380
PHP Notice:  Undefined variable: dis_text in /var/www/openemr/interface/reports/cqm.php on line 411
PHP Notice:  Undefined variable: provider_facility_filter in /var/www/openemr/interface/reports/cqm.php on line 484
PHP Notice:  Undefined variable: dis_text in /var/www/openemr/interface/reports/cqm.php on line 488
PHP Notice:  Undefined variable: dis_text in /var/www/openemr/interface/reports/cqm.php on line 530
PHP Notice:  Undefin