PHP Warning:  "continue" targeting switch is equivalent to "break". Did you mean to use "continue 2"? in /var/www/openemr/vendor/doctrine/orm/lib/Doctrine/ORM/UnitOfWork.php on line 2627
PHP Warning:  "continue" targeting switch is equivalent to "break". Did you mean to use "continue 2"? in /var/www/openemr/vendor/doctrine/orm/lib/Doctrine/ORM/UnitOfWork.php on line 2656
PHP Notice:  Undefined index: next_app_date in /var/www/openemr/interface/batchcom/smsnotification.php on line 40
PHP Notice:  Undefined variable: form_err in /var/www/openemr/interface/batchcom/smsnotification.php on line 46
PHP Notice:  Undefined index: basePath in /var/www/openemr/library/core/src/Header.php on line 158
PHP Notice:  Undefined variable: sql_msg in /var/www/openemr/interface/batchcom/smsnotification.php on line 113
PHP Warning:  "continue" targeting switch is equivalent to "break". Did you mean to use "continue 2"? in /var/www/openemr/vendor/doctrine/orm/lib/Doctrine/ORM/UnitOfWork.php on line 2627
PHP Warning:  "continue" targeting switch is equivalent to "break". Did you mean to use "continue 2"? in /var/www/openemr/vendor/doctrine/orm/lib/Doctrine/ORM/UnitOfWork.php on line 2656
PHP Notice:  Undefined index: next_app_date in /var/www/openemr/interface/batchcom/smsnotification.php on line 40
PHP Notice:  Undefined variable: form_err in /var/www/openemr/interface/batchcom/smsnotification.php on line 46
PHP Notice:  Undefined index: basePath in /var/www/openemr/library/core/src/Header.php on line 158
PHP Notice:  Undefined variable: sql_msg in /var/www/openemr/interface/batchcom/smsnotification.php on line 113
PHP Warning:  "continue" targeting switch is equivalent to "break". Did you mean to use "continue 2"? in /var/www/openemr/vendor/doctrine/orm/lib/Doctrine/ORM/UnitOfWork.php on line 2627
PHP Warning:  "continue" targeting switch is equivalent to "break". Did you mean to use "continue 2"? in /var/www/openemr/vendor/doctrine/orm/lib/Doctrine/ORM/UnitOfWork.php on line 2656
PHP Notice:  Undefined index: next_app_date in /var/www/openemr/interface/batchcom/smsnotification.php on line 40
PHP Notice:  Undefined variable: form_err in /var/www/openemr/interface/batchcom/smsnotification.php on line 46
PHP Notice:  Undefined index: basePath in /var/www/openemr/library/core/src/Header.php on line 158
PHP Notice:  Undefined variable: sql_msg in /var/www/openemr/interface/batchcom/smsnotification.php on line 113
PHP Warning:  "continue" targeting switch is equivalent to "break". Did you mean to use "continue 2"? in /var/www/openemr/vendor/doctrine/orm/lib/Doctrine/ORM/UnitOfWork.php on line 2627
PHP Warning:  "continue" targeting switch is equivalent to "break". Did you mean to use "continue 2"? in /var/www/openemr/vendor/doctrine/orm/lib/Doctrine/ORM/UnitOfWork.php on line 2656
PHP Notice:  Undefined index: next_app_date in /var/www/openemr/interface/batchcom/smsnotification.php on line 40
PHP Notice:  Undefined variable: form_err in /var/www/openemr/interface/batchcom/smsnotification.php on line 46
PHP Notice:  Undefined index: basePath in /var/www/openemr/library/core/src/Header.php on line 158
PHP Notice:  Undefined variable: sql_msg in /var/www/openemr/interface/batchcom/smsnotification.php on line 113
PHP Warning:  "continue" targeting switch is equivalent to "break". Did you mean to use "continue 2"? in /var/www/openemr/vendor/doctrine/orm/lib/Doctrine/ORM/UnitOfWork.php on line 2627
PHP Warning:  "continue" targeting switch is equivalent to "break". Did you mean to use "continue 2"? in /var/www/openemr/vendor/doctrine/orm/lib/Doctrine/ORM/UnitOfWork.php on line 2656
PHP Notice:  Undefined index: next_app_date in /var/www/openemr/interface/batchcom/smsnotification.php on line 40
PHP Notice:  Undefined variable: form_err in /var/www/openemr/interface/batchcom/smsnotification.php on line 46
PHP Notice:  Undefined index: basePath in /var/www/openemr/library/core/src/Header.php on line 158
PHP Notice:  Undefined variable: sql_msg in /var/www/openemr/interface/batchcom/smsnotification.php on line 113
PHP Warning:  "continue" targeting switch is equivalent to "break". Did you mean to use "continue 2"? in /var/www/openemr/vendor/doctrine/orm/lib/Doctrine/ORM/UnitOfWork.php on line 2627
PHP Warning:  "continue" targeting switch is equivalent to "break". Did you mean to use "continue 2"? in /var/www/openemr/vendor/doctrine/orm/lib/Doctrine/ORM/UnitOfWork.php on line 2656
PHP Notice:  Undefined index: next_app_date in /var/www/openemr/interface/batchcom/smsnotification.php on line 40
PHP Notice:  Undefined variable: form_err in /var/www/openemr/interface/batchcom/smsnotification.php on line 46
PHP Notice:  Undefined index: basePath in /var/www/openemr/library/core/src/Header.php on line 158
PHP Notice:  Undefined variable: sql_msg in /var/www/openemr/interface/batchcom/smsnotification.php on line 113
PHP Warning:  "continue" targeting switch is equivalent to "break". Did you mean to use "continue 2"? in /var/www/openemr/vendor/doctrine/orm/lib/Doctrine/ORM/UnitOfWork.php on line 2627
PHP Warning:  "continue" targeting switch is equivalent to "break". Did you mean to use "continue 2"? in /var/www/openemr/vendor/doctrine/orm/lib/Doctrine/ORM/UnitOfWork.php on line 2656
PHP Notice:  Undefined index: next_app_date in /var/www/openemr/interface/batchcom/smsnotification.php on line 40
PHP Notice:  Undefined variable: form_err in /var/www/openemr/interface/batchcom/smsnotification.php on line 46
PHP Notice:  Undefined index: basePath in /var/www/openemr/library/core/src/Header.php on line 158
PHP Notice:  Undefined variable: sql_msg in /var/www/openemr/interface/batchcom/smsnotification.php on line 113
PHP Warning:  "continue" targeting switch is equivalent to "break". Did you mean to use "continue 2"? in /var/www/openemr/vendor/doctrine/orm/lib/Doctrine/ORM/UnitOfWork.php on line 2627
PHP Warning:  "continue" targeting switch is equivalent to "break". Did you mean to use "continue 2"? in /var/www/openemr/vendor/doctrine/orm/lib/Doctrine/ORM/UnitOfWork.php on line 2656
PHP Notice:  Undefined index: next_app_date in /var/www/openemr/interface/batchcom/smsnotification.php on line 40
PHP Notice:  Undefined variable: form_err in /var/www/openemr/interface/batchcom/smsnotification.php on line 46
PHP Notice:  Undefined index: basePath in /var/www/openemr/library/core/src/Header.php on line 158
PHP Notice:  Undefined variable: sql_msg in /var/www/openemr/interface/batchcom/smsnotification.php on line 113
PHP Warning:  "continue" targeting switch is equivalent to "break". Did you mean to use "continue 2"? in /var/www/openemr/vendor/doctrine/orm/lib/Doctrine/ORM/UnitOfWork.php on line 2627
PHP Warning:  "continue" targeting switch is equivalent to "break". Did you mean to use "continue 2"? in /var/www/openemr/vendor/doctrine/orm/lib/Doctrine/ORM/UnitOfWork.php on line 2656
PHP Notice:  Undefined index: form_action in /var/www/openemr/interface/batchcom/smsnotification.php on line 37
PHP Notice:  Undefined index: basePath in /var/www/openemr/library/core/src/Header.php on line 158
PHP Notice:  Undefined variable: form_err in /var/www/openemr/interface/batchcom/smsnotification.php on line 109
PHP Notice:  Undefined variable: sql_msg in /var/www/openemr/interface/batchcom/smsnotification.php on line 113
PHP Warning:  "continue" targeting switch is equivalent to "break". Did you mean to use "continue 2"? in /var/www/openemr/vendor/doctrine/orm/lib/Doctrine/ORM/UnitOfWork.php on line 2627
PHP Warning:  "continue" targeting switch is equivalent to "break". Did you mean to use "continue 2"? in /var/www/openemr/vendor/doctrine/orm/lib/Doctrine/ORM/UnitOfWork.php on line 2656
PHP Notice:  Undefined index: form_action in /var/www/openemr/interface/batchcom/smsnotification.php on line 37
PHP Notice:  Undefined index: basePath in /var/www/openemr/library/core/src/Header.php on line 158
PHP Notice:  Undefined variable: form_err in /var/www/openemr/interface/batchcom/smsnotification.php on line 109
PHP Notice:  Undefined variable: sql_msg in /var/www/openemr/interface/batchcom/smsnotification.php on line 113
PHP Warning:  "continue" targeting switch is equivalent to "break". Did you mean to use "continue 2"? in /var/www/openemr/vendor/doctrine/orm/lib/Doctrine/ORM/UnitOfWork.php on line 2627
PHP Warning:  "continue" targeting switch is equivalent to "break". Did you mean to use "continue 2"? in /var/www/openemr/vendor/doctrine/orm/lib/Doctrine/ORM/UnitOfWork.php on line 2656
PHP Notice:  Undefined index: form_action in /var/www/openemr/interface/batchcom/smsnotification.php on line 37
PHP Notice:  Undefined index: basePath in /var/www/openemr/library/core/src/Header.php on line 158
PHP Notice:  Undefined variable: form_err in /var/www/openemr/interface/batchcom/smsnotification.php on line 109
PHP Notice:  Undefined variable: sql_msg in /var/www/openemr/interface/batchcom/smsnotification.php on line 113
PHP Warning:  "continue" targeting switch is equivalent to "break". Did you mean to use "continue 2"? in /var/www/openemr/vendor/doctrine/orm/lib/Doctrine/ORM/UnitOfWork.php on line 2627
PHP Warning:  "continue" targeting switch is equivalent to "break". Did you mean to use "continue 2"? in /var/www/openemr/vendor/doctrine/orm/lib/Doctrine/ORM/UnitOfWork.php on line 2656
PHP Notice:  Undefined index: form_action in /var/www/openemr/interface/batchcom/smsnotification.php on line 37
PHP Notice:  Undefined index: basePath in /var/www/openemr/library/core/src/Header.php on line 158
PHP Notice:  Undefined variable: form_err in /var/www/openemr/interface/batchcom/smsnotification.php on line 109
PHP Notice:  Undefined variable: sql_msg in /var/www/openemr/interface/batchcom/smsnotification.php on line 113
PHP Warning:  "continue" targeting switch is equivalent to "break". Did you mean to use "continue 2"? in /var/www/openemr/vendor/doctrine/orm/lib/Doctrine/ORM/UnitOfWork.php on line 2627
PHP Warning:  "continue" targeting switch is equivalent to "break". Did you mean to use "continue 2"? in /var/www/openemr/vendor/doctrine/orm/lib/Doctrine/ORM/UnitOfWork.php on line 2656
PHP Notice:  Undefined index: form_action in /var/www/openemr/interface/batchcom/smsnotification.php on line 37
PHP Notice:  Undefined ind