[0;36mafl-fuzz [1;97m2.52b[0m by <lcamtuf@google.com>
[1;92m[+] [0mLooks like we're not running on a tty, so I'll be a bit less verbose.[0m
[1;92m[+] [0mYou have 128 CPU cores and 18 runnable tasks (utilization: 14%).[0m
[1;92m[+] [0mTry parallel jobs - see docs/parallel_fuzzing.txt.[0m
[1;93m[!] [1;97mWARNING: [0mSetting binding to 14[0m
[1;94m[*] [0mChecking core_pattern...[0m
[1;94m[*] [0mChecking CPU scaling governor...[0m
[1;94m[*] [0mUsing SHMID of '98659'...[0m
shm_id=98659 , tb[0]=6  0x7fa1c12b0000
[1;94m[*] [0mSetting up output directories...[0m
[1;94m[*] [0mScanning './WICHR/work/initial_seeds'...[0m
[1;92m[+] [0mNo auto-generated dictionary tokens to reuse.[0m
[1;94m[*] [0mCreating hard links for all input files...[0m
[1;94m[*] [0mLoading extra dictionary from './WICHR/work/dict.txt' (level 0)...[0m
[1;92m[+] [0mLoaded 4024 extra tokens, size range 4 B to 125 B.[0m
[1;93m[!] [1;97mWARNING: [0mSome tokens are relatively large (125 B) - consider trimming.[0m
[1;93m[!] [1;97mWARNING: [0mMore than 4000 tokens - will use them probabilistically.[0m
[1;94m[*] [0mValidating target binary...[0m
[1;94m[*] [0mAttempting dry run with 'id:000000,orig:seed-0'...[0m
[1;94m[*] [0mSpinning up the fork server...[0m
here b4 428495
here after 428495 428497 
fs status= 4 [AFL] Forkserver up
[1;92m[+] [0mAll right - fork server is up.[0m
	child_timeout=1 kill_signal=9, status=9
[1;93m[!] [1;97mWARNING: [0mTest case results in a timeout (skipping)[0m
[1;94m[*] [0mAttempting dry run with 'id:000001,orig:seed-1'...[0m
[1;90m    len = 85, map size = 2394, exec speed = 4991847 us
[0m[1;94m[*] [0mAttempting dry run with 'id:000002,orig:seed-2'...[0m
[1;90m    len = 78, map size = 2384, exec speed = 5031520 us
[0m[1;94m[*] [0mAttempting dry run with 'id:000003,orig:seed-3'...[0m
	child_timeout=1 kill_signal=9, status=9
[1;93m[!] [1;97mWARNING: [0mTest case results in a timeout (skipping)[0m
[1;93m[!] [1;97mWARNING: [0mSkipped 2 test cases (50.00%) due to timeouts.[0m
[1;93m[!] [1;97mWARNING: [0m[1;91mHigh percentage of rejected test cases, check settings![0m
[1;92m[+] [0mAll test cases processed.[0m

[1;93m[!] [1;97mWARNING: [0m[1;91mThe target binary is pretty slow! See docs/perf_tips.txt.[0m
[1;92m[+] [0mHere are some useful stats:

[1;90m    Test case count : [0m2 favored, 0 variable, 4 total
[1;90m       Bitmap range : [0m0 to 2394 bits (average: 2389.00 bits)
[1;90m        Exec timing : [0m0 to 5.03M us (average: 5.01M us)
[0m
[1;92m[+] [0mAll set and ready to roll![0m
[1;94m[*] [0mEntering queue cycle 1.[0m
[1;94m[*] [0mFuzzing test case #1 (4 total, 0 uniq crashes found)...[0m
