PHP Warning:  "continue" targeting switch is equivalent to "break". Did you mean to use "continue 2"? in /var/www/openemr/vendor/doctrine/orm/lib/Doctrine/ORM/UnitOfWork.php on line 2627
PHP Warning:  "continue" targeting switch is equivalent to "break". Did you mean to use "continue 2"? in /var/www/openemr/vendor/doctrine/orm/lib/Doctrine/ORM/UnitOfWork.php on line 2656
PHP Notice:  Undefined variable: form_err in /var/www/openemr/interface/batchcom/batchcom.php on line 82
PHP Notice:  Undefined variable: choices in /var/www/openemr/interface/batchcom/batchcom.php on line 138
PHP Notice:  Undefined variable: flag_on in /var/www/openemr/interface/batchcom/batchcom.inc.php on line 65
PHP Notice:  Undefined variable: file in /var/www/openemr/interface/batchcom/batchcom.inc.php on line 68
PHP Notice:  Undefined variable: line in /var/www/openemr/interface/batchcom/batchcom.inc.php on line 77
PHP Warning:  "continue" targeting switch is equivalent to "break". Did you mean to use "continue 2"? in /var/www/openemr/vendor/doctrine/orm/lib/Doctrine/ORM/UnitOfWork.php on line 2627
PHP Warning:  "continue" targeting switch is equivalent to "break". Did you mean to use "continue 2"? in /var/www/openemr/vendor/doctrine/orm/lib/Doctrine/ORM/UnitOfWork.php on line 2656
PHP Notice:  Undefined variable: form_err in /var/www/openemr/interface/batchcom/batchcom.php on line 82
PHP Notice:  Undefined variable: choices in /var/www/openemr/interface/batchcom/batchcom.php on line 138
PHP Notice:  Undefined variable: flag_on in /var/www/openemr/interface/batchcom/batchcom.inc.php on line 65
PHP Notice:  Undefined variable: file in /var/www/openemr/interface/batchcom/batchcom.inc.php on line 68
PHP Notice:  Undefined variable: line in /var/www/openemr/interface/batchcom/batchcom.inc.php on line 77
PHP Warning:  "continue" targeting switch is equivalent to "break". Did you mean to use "continue 2"? in /var/www/openemr/vendor/doctrine/orm/lib/Doctrine/ORM/UnitOfWork.php on line 2627
PHP Warning:  "continue" targeting switch is equivalent to "break". Did you mean to use "continue 2"? in /var/www/openemr/vendor/doctrine/orm/lib/Doctrine/ORM/UnitOfWork.php on line 2656
PHP Notice:  Undefined variable: form_err in /var/www/openemr/interface/batchcom/batchcom.php on line 82
PHP Notice:  Undefined variable: choices in /var/www/openemr/interface/batchcom/batchcom.php on line 138
PHP Notice:  Undefined variable: flag_on in /var/www/openemr/interface/batchcom/batchcom.inc.php on line 65
PHP Notice:  Undefined variable: file in /var/www/openemr/interface/batchcom/batchcom.inc.php on line 68
PHP Notice:  Undefined variable: line in /var/www/openemr/interface/batchcom/batchcom.inc.php on line 77
PHP Warning:  "continue" targeting switch is equivalent to "break". Did you mean to use "continue 2"? in /var/www/openemr/vendor/doctrine/orm/lib/Doctrine/ORM/UnitOfWork.php on line 2627
PHP Warning:  "continue" targeting switch is equivalent to "break". Did you mean to use "continue 2"? in /var/www/openemr/vendor/doctrine/orm/lib/Doctrine/ORM/UnitOfWork.php on line 2656
PHP Notice:  Undefined variable: form_err in /var/www/openemr/interface/batchcom/batchcom.php on line 82
PHP Notice:  Undefined variable: choices in /var/www/openemr/interface/batchcom/batchcom.php on line 138
PHP Notice:  Undefined variable: flag_on in /var/www/openemr/interface/batchcom/batchcom.inc.php on line 65
PHP Notice:  Undefined variable: file in /var/www/openemr/interface/batchcom/batchcom.inc.php on line 68
PHP Notice:  Undefined variable: line in /var/www/openemr/interface/batchcom/batchcom.inc.php on line 77
PHP Warning:  "continue" targeting switch is equivalent to "break". Did you mean to use "continue 2"? in /var/www/openemr/vendor/doctrine/orm/lib/Doctrine/ORM/UnitOfWork.php on line 2627
PHP Warning:  "continue" targeting switch is equivalent to "break". Did you mean to use "continue 2"? in /var/www/openemr/vendor/doctrine/orm/lib/Doctrine/ORM/UnitOfWork.php on line 2656
PHP Notice:  Undefined variable: form_err in /var/www/openemr/interface/batchcom/batchcom.php on line 82
PHP Notice:  Undefined variable: choices in /var/www/openemr/interface/batchcom/batchcom.php on line 138
PHP Notice:  Undefined variable: flag_on in /var/www/openemr/interface/batchcom/batchcom.inc.php on line 65
PHP Notice:  Undefined variable: file in /var/www/openemr/interface/batchcom/batchcom.inc.php on line 68
PHP Notice:  Undefined variable: line in /var/www/openemr/interface/batchcom/batchcom.inc.php on line 77
PHP Warning:  "continue" targeting switch is equivalent to "break". Did you mean to use "continue 2"? in /var/www/openemr/vendor/doctrine/orm/lib/Doctrine/ORM/UnitOfWork.php on line 2627
PHP Warning:  "continue" targeting switch is equivalent to "break". Did you mean to use "continue 2"? in /var/www/openemr/vendor/doctrine/orm/lib/Doctrine/ORM/UnitOfWork.php on line 2656
PHP Notice:  Undefined variable: form_err in /var/www/openemr/interface/batchcom/batchcom.php on line 82
PHP Notice:  Undefined variable: choices in /var/www/openemr/interface/batchcom/batchcom.php on line 138
PHP Notice:  Undefined variable: flag_on in /var/www/openemr/interface/batchcom/batchcom.inc.php on line 65
PHP Notice:  Undefined variable: file in /var/www/openemr/interface/batchcom/batchcom.inc.php on line 68
PHP Notice:  Undefined variable: line in /var/www/openemr/interface/batchcom/batchcom.inc.php on line 77
PHP Warning:  "continue" targeting switch is equivalent to "break". Did you mean to use "continue 2"? in /var/www/openemr/vendor/doctrine/orm/lib/Doctrine/ORM/UnitOfWork.php on line 2627
PHP Warning:  "continue" targeting switch is equivalent to "break". Did you mean to use "continue 2"? in /var/www/openemr/vendor/doctrine/orm/lib/Doctrine/ORM/UnitOfWork.php on line 2656
PHP Notice:  Undefined variable: form_err in /var/www/openemr/interface/batchcom/batchcom.php on line 82
PHP Notice:  Undefined variable: choices in /var/www/openemr/interface/batchcom/batchcom.php on line 138
PHP Notice:  Undefined variable: flag_on in /var/www/openemr/interface/batchcom/batchcom.inc.php on line 65
PHP Notice:  Undefined variable: file in /var/www/openemr/interface/batchcom/batchcom.inc.php on line 68
PHP Notice:  Undefined variable: line in /var/www/openemr/interface/batchcom/batchcom.inc.php on line 77
PHP Warning:  "continue" targeting switch is equivalent to "break". Did you mean to use "continue 2"? in /var/www/openemr/vendor/doctrine/orm/lib/Doctrine/ORM/UnitOfWork.php on line 2627
PHP Warning:  "continue" targeting switch is equivalent to "break". Did you mean to use "continue 2"? in /var/www/openemr/vendor/doctrine/orm/lib/Doctrine/ORM/UnitOfWork.php on line 2656
PHP Notice:  Undefined variable: form_err in /var/www/openemr/interface/batchcom/batchcom.php on line 82
PHP Notice:  Undefined variable: choices in /var/www/openemr/interface/batchcom/batchcom.php on line 138
PHP Notice:  Undefined variable: flag_on in /var/www/openemr/interface/batchcom/batchcom.inc.php on line 65
PHP Notice:  Undefined variable: file in /var/www/openemr/interface/batchcom/batchcom.inc.php on line 68
PHP Notice:  Undefined variable: line in /var/www/openemr/interface/batchcom/batchcom.inc.php on line 77
PHP Warning:  "continue" targeting switch is equivalent to "break". Did you mean to use "continue 2"? in /var/www/openemr/vendor/doctrine/orm/lib/Doctrine/ORM/UnitOfWork.php on line 2627
PHP Warning:  "continue" targeting switch is equivalent to "break". Did you mean to use "continue 2"? in /var/www/openemr/vendor/doctrine/orm/lib/Doctrine/ORM/UnitOfWork.php on line 2656
PHP Notice:  Undefined variable: form_err in /var/www/openemr/interface/batchcom/batchcom.php on line 44
PHP Notice:  Undefined index: basePath in /var/www/openemr/library/core/src/Header.php on line 158
PHP Warning:  "continue" targeting switch is equivalent to "break". Did you mean to use "continue 2"? in /var/www/openemr/vendor/doctrine/orm/lib/Doctrine/ORM/UnitOfWork.php on line 2627
PHP Warning:  "continue" targeting switch is equivalent to "break". Did you mean to use "continue 2"? in /var/www/openemr/vendor/doctrine/orm/lib/Doctrine/ORM/UnitOfWork.php on line 2656
PHP Notice:  Undefined variable: form_err in /var/www/openemr/interface/batchcom/batchcom.php on line 44
PHP Notice:  Undefined index: basePath in /var/www/openemr/library/core/src/Header.php on line 158
PHP Warning:  "continue" targeting switch is equivalent to "break". Did you mean to use "continue 2"? in /var/www/openemr/vendor/doctrine/orm/lib/Doctrine/ORM/UnitOfWork.php on line 2627
PHP Warning:  "continue" targeting switch is equivalent to "break". Did you mean to use "continue 2"? in /var/www/openemr/vendor/doctrine/orm/lib/Doctrine/ORM/UnitOfWork.php on line 2656
PHP Notice:  Undefined variable: form_err in /var/www/openemr/interface/batchcom/batchcom.php on line 44
PHP Notice:  Undefined index: basePath in /var/www/openemr/library/core/src/Header.php on line 158
PHP Warning:  "continue" targeting switch is equivalent to "break". Did you mean to use "continue 2"? in /var/www/openemr/vendor/doctrine/orm/lib/Doctrine/ORM/UnitOfWork.php on line 2627
PHP Warning:  "continue" targeting switch is equivalent to "break". Did you mean to use "continue 2"? in /var/www/openemr/vendor/doctrine/orm/lib/Doctrine/ORM/UnitOfWork.php on line 2656
PHP Notice:  Undefined variable: form_err in /var/www/openemr/interface/batchcom/batchcom.php on line 44
PHP Notice:  Undefined index: basePath in /var/www/openemr/library/core/src/Header.php on line 158
PHP Warning:  "continue" targeting switch is equivalent to "break". Did you mean to use "continue 2"? in /var/www/openemr/vendor/doctrine/orm/lib/Doctrine/ORM/UnitOfWork.php on line 2627
PHP Warning:  "continue" targeting switch is equivalent to "break". Did you mean to use "continue 2"? in /var/www/openemr/vendor/doctrine/orm/lib/Doctrine/ORM/UnitOfWork.php on line 2656
PHP Notice:  Undefined variable: form_err in /var/www/openemr/interface/batchcom/batchcom.php on line 44
PHP Notice:  Undefined index: basePath in /var/www/openemr/library/core/src/Header.php on line 158
PHP Warning:  "continue" targeting switch is equivalent to "break". Did you mean to use "continue 2"? in /var/www/openemr/vendor/doctr