PHP Warning:  "continue" targeting switch is equivalent to "break". Did you mean to use "continue 2"? in /var/www/openemr/vendor/doctrine/orm/lib/Doctrine/ORM/UnitOfWork.php on line 2627
PHP Warning:  "continue" targeting switch is equivalent to "break". Did you mean to use "continue 2"? in /var/www/openemr/vendor/doctrine/orm/lib/Doctrine/ORM/UnitOfWork.php on line 2656
PHP Notice:  Undefined index: form_diagnosis in /var/www/openemr/interface/reports/clinical_reports.php on line 35
PHP Notice:  Undefined index: basePath in /var/www/openemr/library/core/src/Header.php on line 158
PHP Warning:  "continue" targeting switch is equivalent to "break". Did you mean to use "continue 2"? in /var/www/openemr/vendor/doctrine/orm/lib/Doctrine/ORM/UnitOfWork.php on line 2627
PHP Warning:  "continue" targeting switch is equivalent to "break". Did you mean to use "continue 2"? in /var/www/openemr/vendor/doctrine/orm/lib/Doctrine/ORM/UnitOfWork.php on line 2656
PHP Notice:  Undefined index: form_diagnosis in /var/www/openemr/interface/reports/clinical_reports.php on line 35
PHP Notice:  Undefined index: basePath in /var/www/openemr/library/core/src/Header.php on line 158
PHP Warning:  "continue" targeting switch is equivalent to "break". Did you mean to use "continue 2"? in /var/www/openemr/vendor/doctrine/orm/lib/Doctrine/ORM/UnitOfWork.php on line 2627
PHP Warning:  "continue" targeting switch is equivalent to "break". Did you mean to use "continue 2"? in /var/www/openemr/vendor/doctrine/orm/lib/Doctrine/ORM/UnitOfWork.php on line 2656
PHP Notice:  Undefined index: form_diagnosis in /var/www/openemr/interface/reports/clinical_reports.php on line 35
PHP Notice:  Undefined index: basePath in /var/www/openemr/library/core/src/Header.php on line 158
PHP Warning:  "continue" targeting switch is equivalent to "break". Did you mean to use "continue 2"? in /var/www/openemr/vendor/doctrine/orm/lib/Doctrine/ORM/UnitOfWork.php on line 2627
PHP Warning:  "continue" targeting switch is equivalent to "break". Did you mean to use "continue 2"? in /var/www/openemr/vendor/doctrine/orm/lib/Doctrine/ORM/UnitOfWork.php on line 2656
PHP Notice:  Undefined index: form_diagnosis in /var/www/openemr/interface/reports/clinical_reports.php on line 35
PHP Notice:  Undefined index: basePath in /var/www/openemr/library/core/src/Header.php on line 158
PHP Warning:  "continue" targeting switch is equivalent to "break". Did you mean to use "continue 2"? in /var/www/openemr/vendor/doctrine/orm/lib/Doctrine/ORM/UnitOfWork.php on line 2627
PHP Warning:  "continue" targeting switch is equivalent to "break". Did you mean to use "continue 2"? in /var/www/openemr/vendor/doctrine/orm/lib/Doctrine/ORM/UnitOfWork.php on line 2656
PHP Notice:  Undefined index: form_diagnosis in /var/www/openemr/interface/reports/clinical_reports.php on line 35
PHP Notice:  Undefined index: basePath in /var/www/openemr/library/core/src/Header.php on line 158
PHP Warning:  "continue" targeting switch is equivalent to "break". Did you mean to use "continue 2"? in /var/www/openemr/vendor/doctrine/orm/lib/Doctrine/ORM/UnitOfWork.php on line 2627
PHP Warning:  "continue" targeting switch is equivalent to "break". Did you mean to use "continue 2"? in /var/www/openemr/vendor/doctrine/orm/lib/Doctrine/ORM/UnitOfWork.php on line 2656
PHP Notice:  Undefined index: form_diagnosis in /var/www/openemr/interface/reports/clinical_reports.php on line 35
PHP Notice:  Undefined index: basePath in /var/www/openemr/library/core/src/Header.php on line 158
PHP Warning:  "continue" targeting switch is equivalent to "break". Did you mean to use "continue 2"? in /var/www/openemr/vendor/doctrine/orm/lib/Doctrine/ORM/UnitOfWork.php on line 2627
PHP Warning:  "continue" targeting switch is equivalent to "break". Did you mean to use "continue 2"? in /var/www/openemr/vendor/doctrine/orm/lib/Doctrine/ORM/UnitOfWork.php on line 2656
PHP Notice:  Undefined index: form_diagnosis in /var/www/openemr/interface/reports/clinical_reports.php on line 35
PHP Notice:  Undefined index: basePath in /var/www/openemr/library/core/src/Header.php on line 158
PHP Warning:  "continue" targeting switch is equivalent to "break". Did you mean to use "continue 2"? in /var/www/openemr/vendor/doctrine/orm/lib/Doctrine/ORM/UnitOfWork.php on line 2627
PHP Warning:  "continue" targeting switch is equivalent to "break". Did you mean to use "continue 2"? in /var/www/openemr/vendor/doctrine/orm/lib/Doctrine/ORM/UnitOfWork.php on line 2656
PHP Notice:  Undefined index: form_diagnosis in /var/www/openemr/interface/reports/clinical_reports.php on line 35
PHP Notice:  Undefined index: basePath in /var/www/openemr/library/core/src/Header.php on line 158
PHP Warning:  "continue" targeting switch is equivalent to "break". Did you mean to use "continue 2"? in /var/www/openemr/vendor/doctrine/orm/lib/Doctrine/ORM/UnitOfWork.php on line 2627
PHP Warning:  "continue" targeting switch is equivalent to "break". Did you mean to use "continue 2"? in /var/www/openemr/vendor/doctrine/orm/lib/Doctrine/ORM/UnitOfWork.php on line 2656
PHP Notice:  Undefined index: form_diagnosis in /var/www/openemr/interface/reports/clinical_reports.php on line 35
PHP Notice:  Undefined index: basePath in /var/www/openemr/library/core/src/Header.php on line 158
PHP Notice:  Undefined index: form_pt_name in /var/www/openemr/interface/reports/clinical_reports.php on line 320
PHP Notice:  Undefined index: form_pt_age in /var/www/openemr/interface/reports/clinical_reports.php on line 329
PHP Notice:  Undefined index: form_diagnosis_allergy in /var/www/openemr/interface/reports/clinical_reports.php on line 338
PHP Notice:  Undefined index: form_diagnosis_medprb in /var/www/openemr/interface/reports/clinical_reports.php on line 347
PHP Notice:  Undefined index: form_drug in /var/www/openemr/interface/reports/clinical_reports.php on line 356
PHP Notice:  Undefined index: ndc_no in /var/www/openemr/interface/reports/clinical_reports.php on line 365
PHP Notice:  Undefined index: communication_check in /var/www/openemr/interface/reports/clinical_reports.php on line 383
PHP Warning:  "continue" targeting switch is equivalent to "break". Did you mean to use "continue 2"? in /var/www/openemr/vendor/doctrine/orm/lib/Doctrine/ORM/UnitOfWork.php on line 2627
PHP Warning:  "continue" targeting switch is equivalent to "break". Did you mean to use "continue 2"? in /var/www/openemr/vendor/doctrine/orm/lib/Doctrine/ORM/UnitOfWork.php on line 2656
PHP Notice:  Undefined index: form_diagnosis in /var/www/openemr/interface/reports/clinical_reports.php on line 35
PHP Notice:  Undefined index: basePath in /var/www/openemr/library/core/src/Header.php on line 158
PHP Notice:  Undefined index: form_pt_name in /var/www/openemr/interface/reports/clinical_reports.php on line 320
PHP Notice:  Undefined index: form_pt_age in /var/www/openemr/interface/reports/clinical_reports.php on line 329
PHP Notice:  Undefined index: form_diagnosis_allergy in /var/www/openemr/interface/reports/clinical_reports.php on line 338
PHP Notice:  Undefined index: form_diagnosis_medprb in /var/www/openemr/interface/reports/clinical_reports.php on line 347
PHP Notice:  Undefined index: form_drug in /var/www/openemr/interface/reports/clinical_reports.php on line 356
PHP Notice:  Undefined index: ndc_no in /var/www/openemr/interface/reports/clinical_reports.php on line 365
PHP Notice:  Undefined index: communication_check in /var/www/openemr/interface/reports/clinical_reports.php on line 383
PHP Warning:  "continue" targeting switch is equivalent to "break". Did you mean to use "continue 2"? in /var/www/openemr/vendor/doctrine/orm/lib/Doctrine/ORM/UnitOfWork.php on line 2627
PHP Warning:  "continue" targeting switch is equivalent to "break". Did you mean to use "continue 2"? in /var/www/openemr/vendor/doctrine/orm/lib/Doctrine/ORM/UnitOfWork.php on line 2656
PHP Notice:  Undefined index: form_diagnosis in /var/www/openemr/interface/reports/clinical_reports.php on line 35
PHP Notice:  Undefined index: basePath in /var/www/openemr/library/core/src/Header.php on line 158
PHP Notice:  Undefined index: form_pt_name in /var/www/openemr/interface/reports/clinical_reports.php on line 320
PHP Notice:  Undefined index: form_pt_age in /var/www/openemr/interface/reports/clinical_reports.php on line 329
PHP Notice:  Undefined index: form_diagnosis_allergy in /var/www/openemr/interface/reports/clinical_reports.php on line 338
PHP Notice:  Undefined index: form_diagnosis_medprb in /var/www/openemr/interface/reports/clinical_reports.php on line 347
PHP Notice:  Undefined index: form_drug in /var/www/openemr/interface/reports/clinical_reports.php on line 356
PHP Notice:  Undefined index: ndc_no in /var/www/openemr/interface/reports/clinical_reports.php on line 365
PHP Notice:  Undefined index: communication_check in /var/www/openemr/interface/reports/clinical_reports.php on line 383
PHP Warning:  "continue" targeting switch is equivalent to "break". Did you mean to use "continue 2"? in /var/www/openemr/vendor/doctrine/orm/lib/Doctrine/ORM/UnitOfWork.php on line 2627
PHP Warning:  "continue" targeting switch is equivalent to "break". Did you mean to use "continue 2"? in /var/www/openemr/vendor/doctrine/orm/lib/Doctrine/ORM/UnitOfWork.php on line 2656
PHP Notice:  Undefined index: form_diagnosis in /var/www/openemr/interface/reports/clinical_reports.php on line 35
PHP Notice:  Undefined index: basePath in /var/www/openemr/library/core/src/Header.php on line 158
PHP Notice:  Undefined index: form_pt_name in /var/www/openemr/interface/reports/clinical_reports.php on line 320
PHP Notice:  Undefined index: form_pt_age in /var/www/openemr/interface/reports/clinical_reports.php on line 329
PHP Notice:  Undefined index: form_diagnosis_allergy in /var/www/openemr/interface/reports/clinical_reports.php on line 338
PHP Notice:  Undefined index: form_diagnosis_medprb in /var/www/openemr/interface/reports/clinical_reports.php on line 347
PHP Notice:  Undefined index: form_drug in /var/www/openemr/interface/reports/clinical_reports.php on line 356
PHP Notice:  Undefined index: ndc_no in /var/www/openemr/interface/reports/clinical_reports.php on line 365
PHP Notice:  Undefined index: communication_check