[0;36mafl-fuzz [1;97m2.52b[0m by <lcamtuf@google.com>
[1;92m[+] [0mLooks like we're not running on a tty, so I'll be a bit less verbose.[0m
[1;92m[+] [0mYou have 128 CPU cores and 12 runnable tasks (utilization: 9%).[0m
[1;92m[+] [0mTry parallel jobs - see docs/parallel_fuzzing.txt.[0m
[1;93m[!] [1;97mWARNING: [0mSetting binding to 28[0m
[1;94m[*] [0mChecking core_pattern...[0m
[1;94m[*] [0mChecking CPU scaling governor...[0m
[1;94m[*] [0mUsing SHMID of '3'...[0m
shm_id=3 , tb[0]=6  0x7fc6f90d8000
[1;94m[*] [0mSetting up output directories...[0m
[1;94m[*] [0mScanning './WICHR/work/initial_seeds'...[0m
[1;92m[+] [0mNo auto-generated dictionary tokens to reuse.[0m
[1;94m[*] [0mCreating hard links for all input files...[0m
[1;94m[*] [0mLoading extra dictionary from './WICHR/work/dict.txt' (level 0)...[0m
[1;92m[+] [0mLoaded 294 extra tokens, size range 2 B to 42 B.[0m
[1;93m[!] [1;97mWARNING: [0mSome tokens are relatively large (42 B) - consider trimming.[0m
[1;94m[*] [0mValidating target binary...[0m
[1;94m[*] [0mAttempting dry run with 'id:000000,orig:seed-0'...[0m
[1;94m[*] [0mSpinning up the fork server...[0m
here b4 12974
here after 12974 12975 
fs status= 4 [AFL] Forkserver up
[1;92m[+] [0mAll right - fork server is up.[0m
[1;90m    len = 17, map size = 1305, exec speed = 201562 us
[0m[1;93m[!] [1;97mWARNING: [0mInstrumentation output varies across runs.[0m
[1;94m[*] [0mAttempting dry run with 'id:000001,orig:seed-1'...[0m
[1;90m    len = 16, map size = 1310, exec speed = 194622 us
[0m[1;94m[*] [0mAttempting dry run with 'id:000002,orig:seed-10'...[0m
[1;90m    len = 48, map size = 1295, exec speed = 192880 us
[0m[1;94m[*] [0mAttempting dry run with 'id:000003,orig:seed-11'...[0m
[1;90m    len = 48, map size = 1295, exec speed = 194378 us
[0m[1;94m[*] [0mAttempting dry run with 'id:000004,orig:seed-12'...[0m
[1;90m    len = 68, map size = 967, exec speed = 107977 us
[0m[1;93m[!] [1;97mWARNING: [0mInstrumentation output varies across runs.[0m
[1;94m[*] [0mAttempting dry run with 'id:000005,orig:seed-13'...[0m
[1;90m    len = 72, map size = 966, exec speed = 111797 us
[0m[1;93m[!] [1;97mWARNING: [0mInstrumentation output varies across runs.[0m
[1;94m[*] [0mAttempting dry run with 'id:000006,orig:seed-14'...[0m
[1;90m    len = 67, map size = 968, exec speed = 115708 us
[0m[1;93m[!] [1;97mWARNING: [0mInstrumentation output varies across runs.[0m
[1;94m[*] [0mAttempting dry run with 'id:000007,orig:seed-15'...[0m
[1;90m    len = 59, map size = 959, exec speed = 114524 us
[0m[1;93m[!] [1;97mWARNING: [0mInstrumentation output varies across runs.[0m
[1;94m[*] [0mAttempting dry run with 'id:000008,orig:seed-16'...[0m
[1;90m    len = 40, map size = 1299, exec speed = 190541 us
[0m[1;93m[!] [1;97mWARNING: [0mInstrumentation output varies across runs.[0m
[1;94m[*] [0mAttempting dry run with 'id:000009,orig:seed-17'...[0m
[1;90m    len = 40, map size = 1299, exec speed = 189966 us
[0m[1;93m[!] [1;97mWARNING: [0mNo new instrumentation output, test case may be useless.[0m
[1;93m[!] [1;97mWARNING: [0mInstrumentation output varies across runs.[0m
[1;94m[*] [0mAttempting dry run with 'id:000010,orig:seed-18'...[0m
[1;90m    len = 76, map size = 963, exec speed = 122577 us
[0m[1;93m[!] [1;97mWARNING: [0mInstrumentation output varies across runs.[0m
[1;94m[*] [0mAttempting dry run with 'id:000011,orig:seed-19'...[0m
[1;90m    len = 72, map size = 963, exec speed = 124681 us
[0m[1;93m[!] [1;97mWARNING: [0mInstrumentation output varies across runs.[0m
[1;94m[*] [0mAttempting dry run with 'id:000012,orig:seed-2'...[0m
[1;90m    len = 35, map size = 1304, exec speed = 204644 us
[0m[1;93m[!] [1;97mWARNING: [0mInstrumentation output varies across runs.[0m
[1;94m[*] [0mAttempting dry run with 'id:000013,orig:seed-20'...[0m
[1;90m    len = 76, map size = 964, exec speed = 125916 us
[0m[1;93m[!] [1;97mWARNING: [0mInstrumentation output varies across runs.[0m
[1;94m[*] [0mAttempting dry run with 'id:000014,orig:seed-21'...[0m
[1;90m    len = 85, map size = 968, exec speed = 112551 us
[0m[1;93m[!] [1;97mWARNING: [0mInstrumentation output varies across runs.[0m
[1;94m[*] [0mAttempting dry run with 'id:000015,orig:seed-22'...[0m
[1;90m    len = 76, map size = 968, exec speed = 108342 us
[0m[1;93m[!] [1;97mWARNING: [0mInstrumentation output varies across runs.[0m
[1;94m[*] [0mAttempting dry run with 'id:000016,orig:seed-23'...[0m
[1;90m    len = 66, map size = 961, exec speed = 119465 us
[0m[1;93m[!] [1;97mWARNING: [0mInstrumentation output varies across runs.[0m
[1;94m[*] [0mAttempting dry run with 'id:000017,orig:seed-3'...[0m
[1;90m    len = 35, map size = 1301, exec speed = 221123 us
[0m[1;93m[!] [1;97mWARNING: [0mInstrumentation output varies across runs.[0m
[1;94m[*] [0mAttempting dry run with 'id:000018,orig:seed-4'...[0m
[1;90m    len = 30, map size = 1321, exec speed = 213728 us
[0m[1;94m[*] [0mAttempting dry run with 'id:000019,orig:seed-5'...[0m
[1;90m    len = 30, map size = 1331, exec speed = 219448 us
[0m[1;94m[*] [0mAttempting dry run with 'id:000020,orig:seed-6'...[0m
[1;90m    len = 54, map size = 959, exec speed = 108145 us
[0m[1;93m[!] [1;97mWARNING: [0mNo new instrumentation output, test case may be useless.[0m
[1;93m[!] [1;97mWARNING: [0mInstrumentation output varies across runs.[0m
[1;94m[*] [0mAttempting dry run with 'id:000021,orig:seed-7'...[0m
[1;90m    len = 26, map size = 1312, exec speed = 220016 us
[0m[1;93m[!] [1;97mWARNING: [0mInstrumentation output varies across runs.[0m
[1;94m[*] [0mAttempting dry run with 'id:000022,orig:seed-8'...[0m
[1;90m    len = 52, map size = 958, exec speed = 106630 us
[0m[1;93m[!] [1;97mWARNING: [0mInstrumentation output varies across runs.[0m
[1;94m[*] [0mAttempting dry run with 'id:000023,orig:seed-9'...[0m
[1;90m    len = 27, map size = 1311, exec speed = 218157 us
[0m[1;93m[!] [1;97mWARNING: [0mInstrumentation output varies across runs.[0m
[1;92m[+] [0mAll test cases processed.[0m

[1;93m[!] [1;97mWARNING: [0m[1;91mThe target binary is pretty slow! See docs/perf_tips.txt.[0m
[1;93m[!] [1;97mWARNING: [0m[1;91mSome test cases look useless. Consider using a smaller set.[0m
[1;93m[!] [1;97mWARNING: [0mYou have lots of input files; try starting small.[0m
[1;92m[+] [0mHere are some useful stats:

[1;90m    Test case count : [0m7 favored, 19 variable, 24 total
[1;90m       Bitmap range : [0m958 to 1331 bits (average: 1135.29 bits)
[1;90m        Exec timing : [0m106k to 221k us (average: 167k us)
[0m
[1;92m[+] [0mAll set and ready to roll![0m
[1;94m[*] [0mEntering queue cycle 1.[0m
[1;94m[*] [0mFuzzing test case #0 (24 total, 0 uniq crashes found)...[0m
)B[?25h[0m[1;91m
[-]  SYSTEM ERROR : [1;97mUnable to create './WICHR/work/fuzzer-master/queue/.state/deterministic_done/id:000000,orig:seed-0'[1;91m
    Stop location : [0mmark_as_det_done(), afl-fuzz.c:774
[1;91m       OS message : [0mFile exists
