PHP Warning:  "continue" targeting switch is equivalent to "break". Did you mean to use "continue 2"? in /var/www/openemr/vendor/doctrine/orm/lib/Doctrine/ORM/UnitOfWork.php on line 2627
PHP Warning:  "continue" targeting switch is equivalent to "break". Did you mean to use "continue 2"? in /var/www/openemr/vendor/doctrine/orm/lib/Doctrine/ORM/UnitOfWork.php on line 2656
PHP Warning:  "continue" targeting switch is equivalent to "break". Did you mean to use "continue 2"? in /var/www/openemr/vendor/doctrine/orm/lib/Doctrine/ORM/UnitOfWork.php on line 2627
PHP Warning:  "continue" targeting switch is equivalent to "break". Did you mean to use "continue 2"? in /var/www/openemr/vendor/doctrine/orm/lib/Doctrine/ORM/UnitOfWork.php on line 2656
PHP Warning:  "continue" targeting switch is equivalent to "break". Did you mean to use "continue 2"? in /var/www/openemr/vendor/doctrine/orm/lib/Doctrine/ORM/UnitOfWork.php on line 2627
PHP Warning:  "continue" targeting switch is equivalent to "break". Did you mean to use "continue 2"? in /var/www/openemr/vendor/doctrine/orm/lib/Doctrine/ORM/UnitOfWork.php on line 2656
PHP Warning:  "continue" targeting switch is equivalent to "break". Did you mean to use "continue 2"? in /var/www/openemr/vendor/doctrine/orm/lib/Doctrine/ORM/UnitOfWork.php on line 2627
PHP Warning:  "continue" targeting switch is equivalent to "break". Did you mean to use "continue 2"? in /var/www/openemr/vendor/doctrine/orm/lib/Doctrine/ORM/UnitOfWork.php on line 2656
PHP Warning:  "continue" targeting switch is equivalent to "break". Did you mean to use "continue 2"? in /var/www/openemr/vendor/doctrine/orm/lib/Doctrine/ORM/UnitOfWork.php on line 2627
PHP Warning:  "continue" targeting switch is equivalent to "break". Did you mean to use "continue 2"? in /var/www/openemr/vendor/doctrine/orm/lib/Doctrine/ORM/UnitOfWork.php on line 2656
PHP Warning:  "continue" targeting switch is equivalent to "break". Did you mean to use "continue 2"? in /var/www/openemr/vendor/doctrine/orm/lib/Doctrine/ORM/UnitOfWork.php on line 2627
PHP Warning:  "continue" targeting switch is equivalent to "break". Did you mean to use "continue 2"? in /var/www/openemr/vendor/doctrine/orm/lib/Doctrine/ORM/UnitOfWork.php on line 2656
PHP Warning:  "continue" targeting switch is equivalent to "break". Did you mean to use "continue 2"? in /var/www/openemr/vendor/doctrine/orm/lib/Doctrine/ORM/UnitOfWork.php on line 2627
PHP Warning:  "continue" targeting switch is equivalent to "break". Did you mean to use "continue 2"? in /var/www/openemr/vendor/doctrine/orm/lib/Doctrine/ORM/UnitOfWork.php on line 2656
PHP Warning:  "continue" targeting switch is equivalent to "break". Did you mean to use "continue 2"? in /var/www/openemr/vendor/doctrine/orm/lib/Doctrine/ORM/UnitOfWork.php on line 2627
PHP Warning:  "continue" targeting switch is equivalent to "break". Did you mean to use "continue 2"? in /var/www/openemr/vendor/doctrine/orm/lib/Doctrine/ORM/UnitOfWork.php on line 2656
PHP Warning:  "continue" targeting switch is equivalent to "break". Did you mean to use "continue 2"? in /var/www/openemr/vendor/doctrine/orm/lib/Doctrine/ORM/UnitOfWork.php on line 2627
PHP Warning:  "continue" targeting switch is equivalent to "break". Did you mean to use "continue 2"? in /var/www/openemr/vendor/doctrine/orm/lib/Doctrine/ORM/UnitOfWork.php on line 2656
PHP Warning:  "continue" targeting switch is equivalent to "break". Did you mean to use "continue 2"? in /var/www/openemr/vendor/doctrine/orm/lib/Doctrine/ORM/UnitOfWork.php on line 2627
PHP Warning:  "continue" targeting switch is equivalent to "break". Did you mean to use "continue 2"? in /var/www/openemr/vendor/doctrine/orm/lib/Doctrine/ORM/UnitOfWork.php on line 2656
PHP Warning:  "continue" targeting switch is equivalent to "break". Did you mean to use "continue 2"? in /var/www/openemr/vendor/doctrine/orm/lib/Doctrine/ORM/UnitOfWork.php on line 2627
PHP Warning:  "continue" targeting switch is equivalent to "break". Did you mean to use "continue 2"? in /var/www/openemr/vendor/doctrine/orm/lib/Doctrine/ORM/UnitOfWork.php on line 2656
PHP Warning:  "continue" targeting switch is equivalent to "break". Did you mean to use "continue 2"? in /var/www/openemr/vendor/doctrine/orm/lib/Doctrine/ORM/UnitOfWork.php on line 2627
PHP Warning:  "continue" targeting switch is equivalent to "break". Did you mean to use "continue 2"? in /var/www/openemr/vendor/doctrine/orm/lib/Doctrine/ORM/UnitOfWork.php on line 2656
PHP Warning:  "continue" targeting switch is equivalent to "break". Did you mean to use "continue 2"? in /var/www/openemr/vendor/doctrine/orm/lib/Doctrine/ORM/UnitOfWork.php on line 2627
PHP Warning:  "continue" targeting switch is equivalent to "break". Did you mean to use "continue 2"? in /var/www/openemr/vendor/doctrine/orm/lib/Doctrine/ORM/UnitOfWork.php on line 2656
PHP Warning:  "continue" targeting switch is equivalent to "break". Did you mean to use "continue 2"? in /var/www/openemr/vendor/doctrine/orm/lib/Doctrine/ORM/UnitOfWork.php on line 2627
PHP Warning:  "continue" targeting switch is equivalent to "break". Did you mean to use "continue 2"? in /var/www/openemr/vendor/doctrine/orm/lib/Doctrine/ORM/UnitOfWork.php on line 2656
PHP Warning:  "continue" targeting switch is equivalent to "break". Did you mean to use "continue 2"? in /var/www/openemr/vendor/doctrine/orm/lib/Doctrine/ORM/UnitOfWork.php on line 2627
PHP Warning:  "continue" targeting switch is equivalent to "break". Did you mean to use "continue 2"? in /var/www/openemr/vendor/doctrine/orm/lib/Doctrine/ORM/UnitOfWork.php on line 2656
PHP Warning:  "continue" targeting switch is equivalent to "break". Did you mean to use "continue 2"? in /var/www/openemr/vendor/doctrine/orm/lib/Doctrine/ORM/UnitOfWork.php on line 2627
PHP Warning:  "continue" targeting switch is equivalent to "break". Did you mean to use "continue 2"? in /var/www/openemr/vendor/doctrine/orm/lib/Doctrine/ORM/UnitOfWork.php on line 2656
PHP Warning:  "continue" targeting switch is equivalent to "break". Did you mean to use "continue 2"? in /var/www/openemr/vendor/doctrine/orm/lib/Doctrine/ORM/UnitOfWork.php on line 2627
PHP Warning:  "continue" targeting switch is equivalent to "break". Did you mean to use "continue 2"? in /var/www/openemr/vendor/doctrine/orm/lib/Doctrine/ORM/UnitOfWork.php on line 2656
PHP Notice:  Undefined index: form_refresh in /var/www/openemr/interface/reports/custom_report_range.php on line 239
PHP Warning:  "continue" targeting switch is equivalent to "break". Did you mean to use "continue 2"? in /var/www/openemr/vendor/doctrine/orm/lib/Doctrine/ORM/UnitOfWork.php on line 2627
PHP Warning:  "continue" targeting switch is equivalent to "break". Did you mean to use "continue 2"? in /var/www/openemr/vendor/doctrine/orm/lib/Doctrine/ORM/UnitOfWork.php on line 2656
PHP Warning:  "continue" targeting switch is equivalent to "break". Did you mean to use "continue 2"? in /var/www/openemr/vendor/doctrine/orm/lib/Doctrine/ORM/UnitOfWork.php on line 2627
PHP Warning:  "continue" targeting switch is equivalent to "break". Did you mean to use "continue 2"? in /var/www/openemr/vendor/doctrine/orm/lib/Doctrine/ORM/UnitOfWork.php on line 2656
PHP Warning:  "continue" targeting switch is equivalent to "break". Did you mean to use "continue 2"? in /var/www/openemr/vendor/doctrine/orm/lib/Doctrine/ORM/UnitOfWork.php on line 2627
PHP Warning:  "continue" targeting switch is equivalent to "break". Did you mean to use "continue 2"? in /var/www/openemr/vendor/doctrine/orm/lib/Doctrine/ORM/UnitOfWork.php on line 2656
PHP Warning:  "continue" targeting switch is equivalent to "break". Did you mean to use "continue 2"? in /var/www/openemr/vendor/doctrine/orm/lib/Doctrine/ORM/UnitOfWork.php on line 2627
PHP Warning:  "continue" targeting switch is equivalent to "break". Did you mean to use "continue 2"? in /var/www/openemr/vendor/doctrine/orm/lib/Doctrine/ORM/UnitOfWork.php on line 2656
PHP Notice:  Undefined index: form_patient in /var/www/openemr/interface/reports/custom_report_range.php on line 34
PHP Notice:  Undefined variable: form_patient in /var/www/openemr/interface/reports/custom_report_range.php on line 39
PHP Notice:  Undefined variable: form_patient in /var/www/openemr/interface/reports/custom_report_range.php on line 217
PHP Warning:  "continue" targeting switch is equivalent to "break". Did you mean to use "continue 2"? in /var/www/openemr/vendor/doctrine/orm/lib/Doctrine/ORM/UnitOfWork.php on line 2627
PHP Warning:  "continue" targeting switch is equivalent to "break". Did you mean to use "continue 2"? in /var/www/openemr/vendor/doctrine/orm/lib/Doctrine/ORM/UnitOfWork.php on line 2656
PHP Notice:  Undefined index: form_patient in /var/www/openemr/interface/reports/custom_report_range.php on line 34
PHP Notice:  Undefined variable: form_patient in /var/www/openemr/interface/reports/custom_report_range.php on line 39
PHP Notice:  Undefined variable: form_patient in /var/www/openemr/interface/reports/custom_report_range.php on line 217
PHP Warning:  "continue" targeting switch is equivalent to "break". Did you mean to use "continue 2"? in /var/www/openemr/vendor/doctrine/orm/lib/Doctrine/ORM/UnitOfWork.php on line 2627
PHP Warning:  "continue" targeting switch is equivalent to "break". Did you mean to use "continue 2"? in /var/www/openemr/vendor/doctrine/orm/lib/Doctrine/ORM/UnitOfWork.php on line 2656
PHP Notice:  Undefined index: form_patient in /var/www/openemr/interface/reports/custom_report_range.php on line 34
PHP Notice:  Undefined variable: form_patient in /var/www/openemr/interface/reports/custom_report_range.php on line 39
PHP Notice:  Undefined variable: form_patient in /var/www/openemr/interface/reports/custom_report_range.php on line 217
PHP Warning:  "continue" targeting switch is equivalent to "break". Did you mean to use "continue 2"? in /var/www/openemr/vendor/doctrine/orm/lib/Doctrine/ORM/UnitOfWork.php on line 2627
PHP Warning:  "continue" targeting switch is equivalent to "break". Did you mean to use "continue 2"? in /var/www/openemr/vendor/doctrine/orm/lib/Doctrine/ORM/UnitOfWork.php on line 2656
PHP Warning:  "continue" targeting switch is equivalent to "break". Did you mean t