[0;36mafl-fuzz [1;97m2.52b[0m by <lcamtuf@google.com>
[1;92m[+] [0mLooks like we're not running on a tty, so I'll be a bit less verbose.[0m
[1;92m[+] [0mYou have 128 CPU cores and 10 runnable tasks (utilization: 8%).[0m
[1;92m[+] [0mTry parallel jobs - see docs/parallel_fuzzing.txt.[0m
[1;94m[*] [0mChecking CPU core loadout...[0m
[1;92m[+] [0mFound a free CPU core, binding to #0.[0m
[1;94m[*] [0mChecking core_pattern...[0m
[1;94m[*] [0mChecking CPU scaling governor...[0m
[1;94m[*] [0mUsing SHMID of '65614'...[0m
shm_id=65614 , tb[0]=6  0x7fabd1327000
[1;94m[*] [0mSetting up output directories...[0m
[1;94m[*] [0mScanning '/p/Witcher/python/tests/flaskbb/WICHR/work/initial_seeds'...[0m
[1;92m[+] [0mNo auto-generated dictionary tokens to reuse.[0m
[1;94m[*] [0mCreating hard links for all input files...[0m
[1;94m[*] [0mLoading extra dictionary from '/p/Witcher/python/tests/flaskbb/WICHR/work/dict.txt' (level 0)...[0m
[1;92m[+] [0mLoaded 306 extra tokens, size range 3 B to 115 B.[0m
[1;93m[!] [1;97mWARNING: [0mSome tokens are relatively large (115 B) - consider trimming.[0m
[1;94m[*] [0mValidating target binary...[0m
[1;94m[*] [0mAttempting dry run with 'id:000000,orig:seed-0'...[0m
[1;94m[*] [0mSpinning up the fork server...[0m
here b4 804246
here after 804246 804247 
fs status= 4 [AFL] Forkserver up
[1;92m[+] [0mAll right - fork server is up.[0m
[1;90m    len = 10, map size = 7098, exec speed = 4375 us
[0m[1;93m[!] [1;97mWARNING: [0mInstrumentation output varies across runs.[0m
[1;92m[+] [0mAll test cases processed.[0m

[1;92m[+] [0mHere are some useful stats:

[1;90m    Test case count : [0m1 favored, 1 variable, 1 total
[1;90m       Bitmap range : [0m7098 to 7098 bits (average: 7098.00 bits)
[1;90m        Exec timing : [0m4375 to 4375 us (average: 4375 us)
[0m
[1;92m[+] [0mAll set and ready to roll![0m
[1;94m[*] [0mEntering queue cycle 1.[0m
[1;94m[*] [0mFuzzing test case #0 (1 total, 0 uniq crashes found)...[0m
count_bytes  = 0, spot=0
, count_bytes  = 0, spot=0
, count_bytes  = 0, spot=0
, count_bytes  = 0, spot=0
, count_bytes  = 0, spot=0
, count_bytes  = 0, spot=0
, count_bytes  = 0, spot=0
, count_bytes  = 0, spot=0
, [1;94m[*] [0mFuzzing test case #6 (144 total, 0 uniq crashes found)...[0m
count_bytes  = 0, spot=0
, count_bytes  = 0, spot=0
, [1;94m[*] [0mFuzzing test case #7 (168 total, 0 uniq crashes found)...[0m
[1;94m[*] [0mFuzzing test case #8 (169 total, 0 uniq crashes found)...[0m
[1;94m[*] [0mFuzzing test case #10 (171 total, 0 uniq crashes found)...[0m
[1;94m[*] [0mFuzzing test case #11 (174 total, 0 uniq crashes found)...[0m
count_bytes  = 0, spot=0
, [1;94m[*] [0mFuzzing test case #25 (176 total, 0 uniq crashes found)...[0m
count_bytes  = 0, spot=0
, count_bytes  = 0, spot=0
, count_bytes  = 0, spot=0
, count_bytes  = 0, spot=0
, [1;94m[*] [0mFuzzing test case #61 (180 total, 0 uniq crashes found)...[0m
count_bytes  = 0, spot=0
, [1;94m[*] [0mFuzzing test case #86 (183 total, 0 uniq crashes found)...[0m
count_bytes  = 0, spot=0
, count_bytes  = 0, spot=0
, [1;94m[*] [0mFuzzing test case #87 (185 total, 0 uniq crashes found)...[0m
[1;94m[*] [0mFuzzing test case #88 (185 total, 0 uniq crashes found)...[0m
count_bytes  = 0, spot=0
, [1;94m[*] [0mFuzzing test case #90 (188 total, 0 uniq crashes found)...[0m
count_bytes  = 0, spot=0
, count_bytes  = 0, spot=0
, count_bytes  = 0, spot=0
, count_bytes  = 0, spot=0
, count_bytes  = 0, spot=0
, count_bytes  = 0, spot=0
, count_bytes  = 0, spot=0
, count_bytes  = 0, spot=0
, [1;94m[*] [0mFuzzing test case #94 (199 total, 0 uniq crashes found)...[0m
[1;94m[*] [0mFuzzing test case #106 (199 total, 0 uniq crashes found)...[0m
count_bytes  = 0, spot=0
, count_bytes  = 0, spot=0
, [1;94m[*] [0mFuzzing test case #136 (201 total, 0 uniq crashes found)...[0m
count_bytes  = 0, spot=0
, [1;94m[*] [0mFuzzing test case #170 (201 total, 0 uniq crashes found)...[0m
count_bytes  = 0, spot=0
, count_bytes  = 0, spot=0
, count_bytes  = 0, spot=0
, [1;94m[*] [0mFuzzing test case #171 (204 total, 0 uniq crashes found)...[0m
[1;94m[*] [0mFuzzing test case #189 (205 total, 0 uniq crashes found)...[0m
count_bytes  = 0, spot=0
, [1;94m[*] [0mFuzzing test case #193 (207 total, 0 uniq crashes found)...[0m
count_bytes  = 0, spot=0
, [1;94m[*] [0mFuzzing test case #201 (207 total, 0 uniq crashes found)...[0m
count_bytes  = 0, spot=0
, [1;94m[*] [0mEntering queue cycle 2.[0m
[1;94m[*] [0mFuzzing test case #4 (207 total, 0 uniq crashes found)...[0m
[1;94m[*] [0mFuzzing test case #5 (207 total, 0 uniq crashes found)...[0m
[1;94m[*] [0mFuzzing test case #6 (207 total, 0 uniq crashes found)...[0m
[1;94m[*] [0mFuzzing test case #7 (207 total, 0 uniq crashes found)...[0m
[1;94m[*] [0mFuzzing test case #9 (207 total, 0 uniq crashes found)...[0m
[1;94m[*] [0mFuzzing test case #11 (207 total, 0 uniq crashes found)...[0m
[1;94m[*] [0mFuzzing test case #12 (207 total, 0 uniq crashes found)...[0m
count_bytes  = 0, spot=0
, count_bytes  = 0, spot=0
, [1;94m[*] [0mFuzzing test case #15 (209 total, 0 uniq crashes found)...[0m
[1;94m[*] [0mFuzzing test case #25 (209 total, 0 uniq crashes found)...[0m
[1;94m[*] [0mFuzzing test case #28 (209 total, 0 uniq crashes found)...[0m
[1;94m[*] [0mFuzzing test case #33 (209 total, 0 uniq crashes found)...[0m
[1;94m[*] [0mFuzzing test case #36 (209 total, 0 uniq crashes found)...[0m
count_bytes  = 0, spot=0
, [1;94m[*] [0mFuzzing test case #47 (210 total, 0 uniq crashes found)...[0m
[1;94m[*] [0mFuzzing test case #50 (211 total, 0 uniq crashes found)...[0m
[1;94m[*] [0mFuzzing test case #51 (211 total, 0 uniq crashes found)...[0m
[1;94m[*] [0mFuzzing test case #53 (212 total, 0 uniq crashes found)...[0m
