PHP Warning:  "continue" targeting switch is equivalent to "break". Did you mean to use "continue 2"? in /var/www/openemr/vendor/doctrine/orm/lib/Doctrine/ORM/UnitOfWork.php on line 2627
PHP Warning:  "continue" targeting switch is equivalent to "break". Did you mean to use "continue 2"? in /var/www/openemr/vendor/doctrine/orm/lib/Doctrine/ORM/UnitOfWork.php on line 2656
PHP Notice:  Undefined index: form_category in /var/www/openemr/interface/reports/collections_report.php on line 35
PHP Notice:  Undefined index: form_category in /var/www/openemr/interface/reports/collections_report.php on line 36
PHP Notice:  Undefined index: form_category in /var/www/openemr/interface/reports/collections_report.php on line 37
PHP Notice:  Undefined index: form_category in /var/www/openemr/interface/reports/collections_report.php on line 38
PHP Notice:  Undefined index: form_ageby in /var/www/openemr/interface/reports/collections_report.php on line 39
PHP Notice:  Undefined index: form_facility in /var/www/openemr/interface/reports/collections_report.php on line 40
PHP Notice:  Undefined index: form_provider in /var/www/openemr/interface/reports/collections_report.php on line 41
PHP Notice:  Undefined index: form_payer_id in /var/www/openemr/interface/reports/collections_report.php on line 42
PHP Notice:  Undefined index: form_refresh in /var/www/openemr/interface/reports/collections_report.php on line 44
PHP Notice:  Undefined index: form_export in /var/www/openemr/interface/reports/collections_report.php on line 44
PHP Notice:  Undefined index: form_csvexport in /var/www/openemr/interface/reports/collections_report.php on line 44
PHP Notice:  Undefined index: form_age_cols in /var/www/openemr/interface/reports/collections_report.php on line 84
PHP Notice:  Undefined index: form_age_inc in /var/www/openemr/interface/reports/collections_report.php on line 85
PHP Notice:  Undefined index: form_cb_with_debt in /var/www/openemr/interface/reports/collections_report.php on line 141
PHP Notice:  Undefined index: form_csvexport in /var/www/openemr/interface/reports/collections_report.php on line 297
PHP Notice:  Undefined index: basePath in /var/www/openemr/library/core/src/Header.php on line 158
PHP Notice:  Undefined index: form_category in /var/www/openemr/interface/reports/collections_report.php on line 461
PHP Notice:  Undefined index: form_category in /var/www/openemr/interface/reports/collections_report.php on line 461
PHP Notice:  Undefined index: form_category in /var/www/openemr/interface/reports/collections_report.php on line 461
PHP Notice:  Undefined index: form_category in /var/www/openemr/interface/reports/collections_report.php on line 461
PHP Notice:  Undefined index: form_category in /var/www/openemr/interface/reports/collections_report.php on line 461
PHP Notice:  Undefined index: form_category in /var/www/openemr/interface/reports/collections_report.php on line 461
PHP Notice:  Undefined index: form_payer_id in /var/www/openemr/interface/reports/collections_report.php on line 492
PHP Notice:  Undefined index: form_payer_id in /var/www/openemr/interface/reports/collections_report.php on line 497
PHP Notice:  Undefined index: form_payer_id in /var/www/openemr/interface/reports/collections_report.php on line 492
PHP Notice:  Undefined index: form_payer_id in /var/www/openemr/interface/reports/collections_report.php on line 497
PHP Notice:  Undefined index: form_payer_id in /var/www/openemr/interface/reports/collections_report.php on line 492
PHP Notice:  Undefined index: form_payer_id in /var/www/openemr/interface/reports/collections_report.php on line 497
PHP Notice:  Undefined index: form_payer_id in /var/www/openemr/interface/reports/collections_report.php on line 492
PHP Notice:  Undefined index: form_payer_id in /var/www/openemr/interface/reports/collections_report.php on line 497
PHP Notice:  Undefined index: form_payer_id in /var/www/openemr/interface/reports/collections_report.php on line 492
PHP Notice:  Undefined index: form_payer_id in /var/www/openemr/interface/reports/collections_report.php on line 497
PHP Notice:  Undefined index: form_payer_id in /var/www/openemr/interface/reports/collections_report.php on line 492
PHP Notice:  Undefined index: form_payer_id in /var/www/openemr/interface/reports/collections_report.php on line 497
PHP Notice:  Undefined index: form_payer_id in /var/www/openemr/interface/reports/collections_report.php on line 492
PHP Notice:  Undefined index: form_payer_id in /var/www/openemr/interface/reports/collections_report.php on line 497
PHP Notice:  Undefined index: form_payer_id in /var/www/openemr/interface/reports/collections_report.php on line 492
PHP Notice:  Undefined index: form_payer_id in /var/www/openemr/interface/reports/collections_report.php on line 497
PHP Notice:  Undefined index: form_payer_id in /var/www/openemr/interface/reports/collections_report.php on line 492
PHP Notice:  Undefined index: form_payer_id in /var/www/openemr/interface/reports/collections_report.php on line 497
PHP Notice:  Undefined index: form_payer_id in /var/www/openemr/interface/reports/collections_report.php on line 492
PHP Notice:  Undefined index: form_payer_id in /var/www/openemr/interface/reports/collections_report.php on line 497
PHP Notice:  Undefined index: form_payer_id in /var/www/openemr/interface/reports/collections_report.php on line 492
PHP Notice:  Undefined index: form_payer_id in /var/www/openemr/interface/reports/collections_report.php on line 497
PHP Notice:  Undefined index: form_payer_id in /var/www/openemr/interface/reports/collections_report.php on line 492
PHP Notice:  Undefined index: form_payer_id in /var/www/openemr/interface/reports/collections_report.php on line 497
PHP Notice:  Undefined index: form_payer_id in /var/www/openemr/interface/reports/collections_report.php on line 492
PHP Notice:  Undefined index: form_payer_id in /var/www/openemr/interface/reports/collections_report.php on line 497
PHP Notice:  Undefined index: form_payer_id in /var/www/openemr/interface/reports/collections_report.php on line 492
PHP Notice:  Undefined index: form_payer_id in /var/www/openemr/interface/reports/collections_report.php on line 497
PHP Notice:  Undefined index: form_payer_id in /var/www/openemr/interface/reports/collections_report.php on line 492
PHP Notice:  Undefined index: form_payer_id in /var/www/openemr/interface/reports/collections_report.php on line 497
PHP Notice:  Undefined index: form_payer_id in /var/www/openemr/interface/reports/collections_report.php on line 492
PHP Notice:  Undefined index: form_payer_id in /var/www/openemr/interface/reports/collections_report.php on line 497
PHP Notice:  Undefined index: form_payer_id in /var/www/openemr/interface/reports/collections_report.php on line 492
PHP Notice:  Undefined index: form_payer_id in /var/www/openemr/interface/reports/collections_report.php on line 497
PHP Notice:  Undefined index: form_payer_id in /var/www/openemr/interface/reports/collections_report.php on line 492
PHP Notice:  Undefined index: form_payer_id in /var/www/openemr/interface/reports/collections_report.php on line 497
PHP Notice:  Undefined index: form_payer_id in /var/www/openemr/interface/reports/collections_report.php on line 492
PHP Notice:  Undefined index: form_payer_id in /var/www/openemr/interface/reports/collections_report.php on line 497
PHP Notice:  Undefined index: form_payer_id in /var/www/openemr/interface/reports/collections_report.php on line 492
PHP Notice:  Undefined index: form_payer_id in /var/www/openemr/interface/reports/collections_report.php on line 497
PHP Notice:  Undefined index: form_payer_id in /var/www/openemr/interface/reports/collections_report.php on line 492
PHP Notice:  Undefined index: form_payer_id in /var/www/openemr/interface/reports/collections_report.php on line 497
PHP Notice:  Undefined index: form_payer_id in /var/www/openemr/interface/reports/collections_report.php on line 492
PHP Notice:  Undefined index: form_payer_id in /var/www/openemr/interface/reports/collections_report.php on line 497
PHP Notice:  Undefined index: form_payer_id in /var/www/openemr/interface/reports/collections_report.php on line 492
PHP Notice:  Undefined index: form_payer_id in /var/www/openemr/interface/reports/collections_report.php on line 497
PHP Notice:  Undefined index: form_payer_id in /var/www/openemr/interface/reports/collections_report.php on line 492
PHP Notice:  Undefined index: form_payer_id in /var/www/openemr/interface/reports/collections_report.php on line 497
PHP Notice:  Undefined index: form_payer_id in /var/www/openemr/interface/reports/collections_report.php on line 492
PHP Notice:  Undefined index: form_payer_id in /var/www/openemr/interface/reports/collections_report.php on line 497
PHP Notice:  Undefined index: form_payer_id in /var/www/openemr/interface/reports/collections_report.php on line 492
PHP Notice:  Undefined index: form_payer_id in /var/www/openemr/interface/reports/collections_report.php on line 497
PHP Notice:  Undefined index: form_payer_id in /var/www/openemr/interface/reports/collections_report.php on line 492
PHP Notice:  Undefined index: form_payer_id in /var/www/openemr/interface/reports/collections_report.php on line 497
PHP Notice:  Undefined index: form_payer_id in /var/www/openemr/interface/reports/collections_report.php on line 492
PHP Notice:  Undefined index: form_payer_id in /var/www/openemr/interface/reports/collections_report.php on line 497
PHP Notice:  Undefined index: form_payer_id in /var/www/openemr/interface/reports/collections_report.php on line 492
PHP Notice:  Undefined index: form_payer_id in /var/www/openemr/interface/reports/collections_report.php on line 497
PHP Notice:  Undefined index: form_payer_id in /var/www/openemr/interface/reports/collections_report.php on line 492
PHP Notice:  Undefined index: form_payer_id in /var/www/openemr/interface/reports/collections_report.php on line 497
PHP Notice:  Undefined index: form_payer_id in /var/www/openemr/interface/reports/collections_report.php on line 492
PHP Notice:  Undefined index: form_payer_id in /var/www/openemr/interface/reports/collections_report.php on line 497
PHP Notice:  Undefined index: form_payer_id in /var/www/openemr/interf