[0;36mafl-fuzz [1;97m2.52b[0m by <lcamtuf@google.com>
[1;92m[+] [0mLooks like we're not running on a tty, so I'll be a bit less verbose.[0m
[1;92m[+] [0mYou have 128 CPU cores and 6 runnable tasks (utilization: 5%).[0m
[1;92m[+] [0mTry parallel jobs - see docs/parallel_fuzzing.txt.[0m
[1;94m[*] [0mChecking CPU core loadout...[0m
[1;92m[+] [0mFound a free CPU core, binding to #0.[0m
[1;94m[*] [0mChecking core_pattern...[0m
[1;94m[*] [0mChecking CPU scaling governor...[0m
[1;94m[*] [0mUsing SHMID of '65681'...[0m
shm_id=65681 , tb[0]=6  0x7fca6bd80000
[1;94m[*] [0mSetting up output directories...[0m
[1;94m[*] [0mScanning '/p/Witcher/python/tests/flaskbb/WICHR/work/initial_seeds'...[0m
[1;92m[+] [0mNo auto-generated dictionary tokens to reuse.[0m
[1;94m[*] [0mCreating hard links for all input files...[0m
[1;94m[*] [0mLoading extra dictionary from '/p/Witcher/python/tests/flaskbb/WICHR/work/dict.txt' (level 0)...[0m
[1;92m[+] [0mLoaded 306 extra tokens, size range 3 B to 115 B.[0m
[1;93m[!] [1;97mWARNING: [0mSome tokens are relatively large (115 B) - consider trimming.[0m
[1;94m[*] [0mValidating target binary...[0m
[1;94m[*] [0mAttempting dry run with 'id:000000,orig:seed-0'...[0m
[1;94m[*] [0mSpinning up the fork server...[0m
here b4 1081778
here after 1081778 1081779 
fs status= 4 [AFL] Forkserver up
[1;92m[+] [0mAll right - fork server is up.[0m
[1;90m    len = 57, map size = 9046, exec speed = 6911 us
[0m[1;93m[!] [1;97mWARNING: [0mInstrumentation output varies across runs.[0m
[1;94m[*] [0mAttempting dry run with 'id:000001,orig:seed-1'...[0m
[1;90m    len = 60, map size = 9119, exec speed = 6795 us
[0m[1;93m[!] [1;97mWARNING: [0mNo new instrumentation output, test case may be useless.[0m
[1;93m[!] [1;97mWARNING: [0mInstrumentation output varies across runs.[0m
[1;92m[+] [0mAll test cases processed.[0m

[1;93m[!] [1;97mWARNING: [0m[1;91mSome test cases look useless. Consider using a smaller set.[0m
[1;92m[+] [0mHere are some useful stats:

[1;90m    Test case count : [0m2 favored, 2 variable, 2 total
[1;90m       Bitmap range : [0m9046 to 9119 bits (average: 9082.50 bits)
[1;90m        Exec timing : [0m6795 to 6911 us (average: 6892 us)
[0m
[1;92m[+] [0mAll set and ready to roll![0m
[1;94m[*] [0mEntering queue cycle 1.[0m
[1;94m[*] [0mFuzzing test case #0 (2 total, 0 uniq crashes found)...[0m
count_bytes  = 0, spot=0
, count_bytes  = 0, spot=0
, count_bytes  = 0, spot=0
, count_bytes  = 0, spot=0
, count_bytes  = 0, spot=0
, count_bytes  = 0, spot=0
, count_bytes  = 0, spot=0
, count_bytes  = 0, spot=0
, count_bytes  = 0, spot=0
, count_bytes  = 0, spot=0
, count_bytes  = 0, spot=0
, [1;94m[*] [0mFuzzing test case #5 (191 total, 0 uniq crashes found)...[0m
count_bytes  = 0, spot=0
, count_bytes  = 0, spot=0
, count_bytes  = 0, spot=0
, count_bytes  = 0, spot=0
, count_bytes  = 0, spot=0
, [1;94m[*] [0mFuzzing test case #15 (197 total, 0 uniq crashes found)...[0m
count_bytes  = 0, spot=0
, count_bytes  = 0, spot=0
, [1;94m[*] [0mFuzzing test case #19 (200 total, 0 uniq crashes found)...[0m
count_bytes  = 0, spot=0
, count_bytes  = 0, spot=0
, count_bytes  = 0, spot=0
, count_bytes  = 0, spot=0
, count_bytes  = 0, spot=0
, [1;94m[*] [0mFuzzing test case #35 (205 total, 0 uniq crashes found)...[0m
count_bytes  = 0, spot=0
, count_bytes  = 0, spot=0
, [1;94m[*] [0mFuzzing test case #101 (207 total, 0 uniq crashes found)...[0m
count_bytes  = 0, spot=0
, count_bytes  = 0, spot=0
, [1;94m[*] [0mFuzzing test case #114 (210 total, 0 uniq crashes found)...[0m
count_bytes  = 0, spot=0
, count_bytes  = 0, spot=0
, [1;94m[*] [0mFuzzing test case #157 (212 total, 0 uniq crashes found)...[0m
[1;94m[*] [0mFuzzing test case #159 (212 total, 0 uniq crashes found)...[0m
count_bytes  = 0, spot=0
, [1;94m[*] [0mFuzzing test case #170 (214 total, 0 uniq crashes found)...[0m
