[0;36mafl-fuzz [1;97m2.52b[0m by <lcamtuf@google.com>
[1;92m[+] [0mLooks like we're not running on a tty, so I'll be a bit less verbose.[0m
[1;92m[+] [0mYou have 128 CPU cores and 5 runnable tasks (utilization: 4%).[0m
[1;92m[+] [0mTry parallel jobs - see docs/parallel_fuzzing.txt.[0m
[1;93m[!] [1;97mWARNING: [0mSetting binding to 24[0m
[1;94m[*] [0mChecking core_pattern...[0m
[1;94m[*] [0mChecking CPU scaling governor...[0m
[1;94m[*] [0mUsing SHMID of '98623'...[0m
shm_id=98623 , tb[0]=6  0x7f7c8ccf6000
[1;94m[*] [0mSetting up output directories...[0m
[1;94m[*] [0mScanning './WICHR/work/initial_seeds'...[0m
[1;92m[+] [0mNo auto-generated dictionary tokens to reuse.[0m
[1;94m[*] [0mCreating hard links for all input files...[0m
[1;94m[*] [0mLoading extra dictionary from './WICHR/work/dict.txt' (level 0)...[0m
[1;92m[+] [0mLoaded 1702 extra tokens, size range 4 B to 109 B.[0m
[1;93m[!] [1;97mWARNING: [0mSome tokens are relatively large (109 B) - consider trimming.[0m
[1;94m[*] [0mValidating target binary...[0m
[1;94m[*] [0mAttempting dry run with 'id:000000,orig:seed-0'...[0m
[1;94m[*] [0mSpinning up the fork server...[0m
here b4 434403
here after 434403 434404 
fs status= 4 [AFL] Forkserver up
[1;92m[+] [0mAll right - fork server is up.[0m
[1;90m    len = 109, map size = 2467, exec speed = 1610416 us
[0m[1;94m[*] [0mAttempting dry run with 'id:000001,orig:seed-1'...[0m
[1;90m    len = 116, map size = 2505, exec speed = 1222704 us
[0m[1;94m[*] [0mAttempting dry run with 'id:000002,orig:seed-10'...[0m
[1;90m    len = 117, map size = 2505, exec speed = 1010301 us
[0m[1;93m[!] [1;97mWARNING: [0mNo new instrumentation output, test case may be useless.[0m
[1;94m[*] [0mAttempting dry run with 'id:000003,orig:seed-11'...[0m
[1;90m    len = 112, map size = 2505, exec speed = 1017326 us
[0m[1;93m[!] [1;97mWARNING: [0mNo new instrumentation output, test case may be useless.[0m
[1;94m[*] [0mAttempting dry run with 'id:000004,orig:seed-12'...[0m
[1;90m    len = 112, map size = 2450, exec speed = 1017827 us
[0m[1;94m[*] [0mAttempting dry run with 'id:000005,orig:seed-13'...[0m
[1;90m    len = 106, map size = 2505, exec speed = 1028504 us
[0m[1;93m[!] [1;97mWARNING: [0mNo new instrumentation output, test case may be useless.[0m
[1;94m[*] [0mAttempting dry run with 'id:000006,orig:seed-2'...[0m
[1;90m    len = 112, map size = 2467, exec speed = 1009672 us
[0m[1;93m[!] [1;97mWARNING: [0mNo new instrumentation output, test case may be useless.[0m
[1;94m[*] [0mAttempting dry run with 'id:000007,orig:seed-3'...[0m
[1;90m    len = 111, map size = 2467, exec speed = 1002680 us
[0m[1;93m[!] [1;97mWARNING: [0mNo new instrumentation output, test case may be useless.[0m
[1;94m[*] [0mAttempting dry run with 'id:000008,orig:seed-4'...[0m
[1;90m    len = 114, map size = 2505, exec speed = 1027566 us
[0m[1;93m[!] [1;97mWARNING: [0mNo new instrumentation output, test case may be useless.[0m
[1;94m[*] [0mAttempting dry run with 'id:000009,orig:seed-5'...[0m
[1;90m    len = 96, map size = 2505, exec speed = 1033949 us
[0m[1;94m[*] [0mAttempting dry run with 'id:000010,orig:seed-6'...[0m
[1;90m    len = 111, map size = 2467, exec speed = 1009756 us
[0m[1;93m[!] [1;97mWARNING: [0mNo new instrumentation output, test case may be useless.[0m
[1;94m[*] [0mAttempting dry run with 'id:000011,orig:seed-7'...[0m
[1;90m    len = 119, map size = 2505, exec speed = 1008502 us
[0m[1;93m[!] [1;97mWARNING: [0mNo new instrumentation output, test case may be useless.[0m
[1;94m[*] [0mAttempting dry run with 'id:000012,orig:seed-8'...[0m
[1;90m    len = 109, map size = 2505, exec speed = 1020808 us
[0m[1;93m[!] [1;97mWARNING: [0mNo new instrumentation output, test case may be useless.[0m
[1;94m[*] [0mAttempting dry run with 'id:000013,orig:seed-9'...[0m
[1;90m    len = 121, map size = 2505, exec speed = 1034804 us
[0m[1;93m[!] [1;97mWARNING: [0mNo new instrumentation output, test case may be useless.[0m
[1;92m[+] [0mAll test cases processed.[0m

[1;93m[!] [1;97mWARNING: [0m[1;91mThe target binary is pretty slow! See docs/perf_tips.txt.[0m
[1;93m[!] [1;97mWARNING: [0m[1;91mSome test cases look useless. Consider using a smaller set.[0m
[1;92m[+] [0mHere are some useful stats:

[1;90m    Test case count : [0m3 favored, 0 variable, 14 total
[1;90m       Bitmap range : [0m2450 to 2505 bits (average: 2490.21 bits)
[1;90m        Exec timing : [0m1.00M to 1.61M us (average: 1.08M us)
[0m
[1;92m[+] [0mAll set and ready to roll![0m
[1;94m[*] [0mEntering queue cycle 1.[0m
[1;94m[*] [0mFuzzing test case #4 (14 total, 0 uniq crashes found)...[0m
