[0;36mafl-fuzz [1;97m2.52b[0m by <lcamtuf@google.com>
[1;92m[+] [0mLooks like we're not running on a tty, so I'll be a bit less verbose.[0m
[1;92m[+] [0mYou have 128 CPU cores and 7 runnable tasks (utilization: 5%).[0m
[1;92m[+] [0mTry parallel jobs - see docs/parallel_fuzzing.txt.[0m
[1;93m[!] [1;97mWARNING: [0mSetting binding to 28[0m
[1;94m[*] [0mChecking core_pattern...[0m
[1;94m[*] [0mChecking CPU scaling governor...[0m
[1;94m[*] [0mUsing SHMID of '21'...[0m
shm_id=21 , tb[0]=6  0x7fc90f713000
[1;94m[*] [0mSetting up output directories...[0m
[1;94m[*] [0mScanning './WICHR/work/initial_seeds'...[0m
[1;92m[+] [0mNo auto-generated dictionary tokens to reuse.[0m
[1;94m[*] [0mCreating hard links for all input files...[0m
[1;94m[*] [0mLoading extra dictionary from './WICHR/work/dict.txt' (level 0)...[0m
[1;92m[+] [0mLoaded 294 extra tokens, size range 2 B to 42 B.[0m
[1;93m[!] [1;97mWARNING: [0mSome tokens are relatively large (42 B) - consider trimming.[0m
[1;94m[*] [0mValidating target binary...[0m
[1;94m[*] [0mAttempting dry run with 'id:000000,orig:seed-0'...[0m
[1;94m[*] [0mSpinning up the fork server...[0m
here b4 114715
here after 114715 114716 
fs status= 4 [AFL] Forkserver up
[1;92m[+] [0mAll right - fork server is up.[0m
[1;90m    len = 15, map size = 1337, exec speed = 134655 us
[0m[1;93m[!] [1;97mWARNING: [0mInstrumentation output varies across runs.[0m
[1;94m[*] [0mAttempting dry run with 'id:000001,orig:seed-1'...[0m
[1;90m    len = 15, map size = 1337, exec speed = 135545 us
[0m[1;93m[!] [1;97mWARNING: [0mNo new instrumentation output, test case may be useless.[0m
[1;94m[*] [0mAttempting dry run with 'id:000002,orig:seed-10'...[0m
[1;90m    len = 38, map size = 967, exec speed = 68305 us
[0m[1;93m[!] [1;97mWARNING: [0mInstrumentation output varies across runs.[0m
[1;94m[*] [0mAttempting dry run with 'id:000003,orig:seed-11'...[0m
[1;90m    len = 39, map size = 967, exec speed = 68084 us
[0m[1;93m[!] [1;97mWARNING: [0mInstrumentation output varies across runs.[0m
[1;94m[*] [0mAttempting dry run with 'id:000004,orig:seed-12'...[0m
[1;90m    len = 51, map size = 967, exec speed = 67244 us
[0m[1;93m[!] [1;97mWARNING: [0mInstrumentation output varies across runs.[0m
[1;94m[*] [0mAttempting dry run with 'id:000005,orig:seed-2'...[0m
[1;90m    len = 17, map size = 1333, exec speed = 135632 us
[0m[1;93m[!] [1;97mWARNING: [0mInstrumentation output varies across runs.[0m
[1;94m[*] [0mAttempting dry run with 'id:000006,orig:seed-3'...[0m
[1;90m    len = 17, map size = 1335, exec speed = 147757 us
[0m[1;94m[*] [0mAttempting dry run with 'id:000007,orig:seed-4'...[0m
[1;90m    len = 32, map size = 959, exec speed = 69716 us
[0m[1;93m[!] [1;97mWARNING: [0mInstrumentation output varies across runs.[0m
[1;94m[*] [0mAttempting dry run with 'id:000008,orig:seed-5'...[0m
[1;90m    len = 32, map size = 959, exec speed = 68470 us
[0m[1;93m[!] [1;97mWARNING: [0mInstrumentation output varies across runs.[0m
[1;94m[*] [0mAttempting dry run with 'id:000009,orig:seed-6'...[0m
[1;90m    len = 30, map size = 1335, exec speed = 138144 us
[0m[1;93m[!] [1;97mWARNING: [0mInstrumentation output varies across runs.[0m
[1;94m[*] [0mAttempting dry run with 'id:000010,orig:seed-7'...[0m
[1;90m    len = 30, map size = 1336, exec speed = 139049 us
[0m[1;94m[*] [0mAttempting dry run with 'id:000011,orig:seed-8'...[0m
[1;90m    len = 45, map size = 969, exec speed = 68629 us
[0m[1;93m[!] [1;97mWARNING: [0mInstrumentation output varies across runs.[0m
[1;94m[*] [0mAttempting dry run with 'id:000012,orig:seed-9'...[0m
[1;90m    len = 45, map size = 968, exec speed = 68297 us
[0m[1;93m[!] [1;97mWARNING: [0mInstrumentation output varies across runs.[0m
[1;92m[+] [0mAll test cases processed.[0m

[1;93m[!] [1;97mWARNING: [0m[1;91mThe target binary is pretty slow! See docs/perf_tips.txt.[0m
[1;93m[!] [1;97mWARNING: [0m[1;91mSome test cases look useless. Consider using a smaller set.[0m
[1;92m[+] [0mHere are some useful stats:

[1;90m    Test case count : [0m5 favored, 10 variable, 13 total
[1;90m       Bitmap range : [0m959 to 1337 bits (average: 1136.08 bits)
[1;90m        Exec timing : [0m67.2k to 147k us (average: 97.3k us)
[0m
[1;92m[+] [0mAll set and ready to roll![0m
[1;94m[*] [0mEntering queue cycle 1.[0m
[1;94m[*] [0mFuzzing test case #0 (13 total, 0 uniq crashes found)...[0m
