[0;36mafl-fuzz [1;97m2.52b[0m by <lcamtuf@google.com>
[1;92m[+] [0mLooks like we're not running on a tty, so I'll be a bit less verbose.[0m
[1;92m[+] [0mYou have 128 CPU cores and 18 runnable tasks (utilization: 14%).[0m
[1;92m[+] [0mTry parallel jobs - see docs/parallel_fuzzing.txt.[0m
[1;93m[!] [1;97mWARNING: [0mSetting binding to 16[0m
[1;94m[*] [0mChecking core_pattern...[0m
[1;94m[*] [0mChecking CPU scaling governor...[0m
[1;94m[*] [0mUsing SHMID of '11'...[0m
shm_id=11 , tb[0]=6  0x7fca131a3000
[1;94m[*] [0mSetting up output directories...[0m
[1;94m[*] [0mScanning './WICHR/work/initial_seeds'...[0m
[1;92m[+] [0mNo auto-generated dictionary tokens to reuse.[0m
[1;94m[*] [0mCreating hard links for all input files...[0m
[1;94m[*] [0mLoading extra dictionary from './WICHR/work/dict.txt' (level 0)...[0m
[1;92m[+] [0mLoaded 470 extra tokens, size range 3 B to 42 B.[0m
[1;93m[!] [1;97mWARNING: [0mSome tokens are relatively large (42 B) - consider trimming.[0m
[1;94m[*] [0mValidating target binary...[0m
[1;94m[*] [0mAttempting dry run with 'id:000000,orig:seed-0'...[0m
[1;94m[*] [0mSpinning up the fork server...[0m
here b4 147124
here after 147124 147125 
fs status= 4 [AFL] Forkserver up
[1;92m[+] [0mAll right - fork server is up.[0m
[1;90m    len = 16, map size = 153, exec speed = 143530 us
[0m[1;94m[*] [0mAttempting dry run with 'id:000001,orig:seed-1'...[0m
[1;90m    len = 21, map size = 153, exec speed = 132274 us
[0m[1;93m[!] [1;97mWARNING: [0mNo new instrumentation output, test case may be useless.[0m
[1;94m[*] [0mAttempting dry run with 'id:000002,orig:seed-2'...[0m
[1;90m    len = 35, map size = 153, exec speed = 140451 us
[0m[1;93m[!] [1;97mWARNING: [0mNo new instrumentation output, test case may be useless.[0m
[1;94m[*] [0mAttempting dry run with 'id:000003,orig:seed-3'...[0m
[1;90m    len = 38, map size = 153, exec speed = 135903 us
[0m[1;93m[!] [1;97mWARNING: [0mNo new instrumentation output, test case may be useless.[0m
[1;94m[*] [0mAttempting dry run with 'id:000004,orig:seed-4'...[0m
[1;90m    len = 9, map size = 153, exec speed = 133385 us
[0m[1;93m[!] [1;97mWARNING: [0mNo new instrumentation output, test case may be useless.[0m
[1;94m[*] [0mAttempting dry run with 'id:000005,orig:seed-5'...[0m
[1;90m    len = 361, map size = 153, exec speed = 133068 us
[0m[1;93m[!] [1;97mWARNING: [0mNo new instrumentation output, test case may be useless.[0m
[1;92m[+] [0mAll test cases processed.[0m

[1;93m[!] [1;97mWARNING: [0m[1;91mThe target binary is pretty slow! See docs/perf_tips.txt.[0m
[1;93m[!] [1;97mWARNING: [0m[1;91mSome test cases look useless. Consider using a smaller set.[0m
[1;92m[+] [0mHere are some useful stats:

[1;90m    Test case count : [0m1 favored, 0 variable, 6 total
[1;90m       Bitmap range : [0m153 to 153 bits (average: 153.00 bits)
[1;90m        Exec timing : [0m132k to 143k us (average: 136k us)
[0m
[1;92m[+] [0mAll set and ready to roll![0m
[1;94m[*] [0mEntering queue cycle 1.[0m
[1;94m[*] [0mFuzzing test case #4 (6 total, 0 uniq crashes found)...[0m
[1;94m[*] [0mFuzzing test case #6 (9 total, 0 uniq crashes found)...[0m
