PHP Warning:  "continue" targeting switch is equivalent to "break". Did you mean to use "continue 2"? in /var/www/openemr/vendor/doctrine/orm/lib/Doctrine/ORM/UnitOfWork.php on line 2627
PHP Warning:  "continue" targeting switch is equivalent to "break". Did you mean to use "continue 2"? in /var/www/openemr/vendor/doctrine/orm/lib/Doctrine/ORM/UnitOfWork.php on line 2656
PHP Notice:  Undefined index: noteid in /var/www/openemr/portal/messaging/handle_note.php on line 46
PHP Notice:  Undefined index: notejson in /var/www/openemr/portal/messaging/handle_note.php on line 47
PHP Notice:  Undefined index: replyid in /var/www/openemr/portal/messaging/handle_note.php on line 48
PHP Notice:  Undefined index: inputBody in /var/www/openemr/portal/messaging/handle_note.php on line 50
PHP Notice:  Undefined index: title in /var/www/openemr/portal/messaging/handle_note.php on line 51
PHP Notice:  Undefined index: sender_id in /var/www/openemr/portal/messaging/handle_note.php on line 52
PHP Notice:  Undefined index: sender_name in /var/www/openemr/portal/messaging/handle_note.php on line 53
PHP Notice:  Undefined index: recipient_id in /var/www/openemr/portal/messaging/handle_note.php on line 54
PHP Notice:  Undefined index: recipient_name in /var/www/openemr/portal/messaging/handle_note.php on line 55
PHP Warning:  "continue" targeting switch is equivalent to "break". Did you mean to use "continue 2"? in /var/www/openemr/vendor/doctrine/orm/lib/Doctrine/ORM/UnitOfWork.php on line 2627
PHP Warning:  "continue" targeting switch is equivalent to "break". Did you mean to use "continue 2"? in /var/www/openemr/vendor/doctrine/orm/lib/Doctrine/ORM/UnitOfWork.php on line 2656
PHP Notice:  Undefined index: noteid in /var/www/openemr/portal/messaging/handle_note.php on line 46
PHP Notice:  Undefined index: notejson in /var/www/openemr/portal/messaging/handle_note.php on line 47
PHP Notice:  Undefined index: replyid in /var/www/openemr/portal/messaging/handle_note.php on line 48
PHP Notice:  Undefined index: inputBody in /var/www/openemr/portal/messaging/handle_note.php on line 50
PHP Notice:  Undefined index: title in /var/www/openemr/portal/messaging/handle_note.php on line 51
PHP Notice:  Undefined index: sender_id in /var/www/openemr/portal/messaging/handle_note.php on line 52
PHP Notice:  Undefined index: sender_name in /var/www/openemr/portal/messaging/handle_note.php on line 53
PHP Notice:  Undefined index: recipient_id in /var/www/openemr/portal/messaging/handle_note.php on line 54
PHP Notice:  Undefined index: recipient_name in /var/www/openemr/portal/messaging/handle_note.php on line 55
PHP Warning:  "continue" targeting switch is equivalent to "break". Did you mean to use "continue 2"? in /var/www/openemr/vendor/doctrine/orm/lib/Doctrine/ORM/UnitOfWork.php on line 2627
PHP Warning:  "continue" targeting switch is equivalent to "break". Did you mean to use "continue 2"? in /var/www/openemr/vendor/doctrine/orm/lib/Doctrine/ORM/UnitOfWork.php on line 2656
PHP Notice:  Undefined index: noteid in /var/www/openemr/portal/messaging/handle_note.php on line 46
PHP Notice:  Undefined index: notejson in /var/www/openemr/portal/messaging/handle_note.php on line 47
PHP Notice:  Undefined index: replyid in /var/www/openemr/portal/messaging/handle_note.php on line 48
PHP Notice:  Undefined index: inputBody in /var/www/openemr/portal/messaging/handle_note.php on line 50
PHP Notice:  Undefined index: title in /var/www/openemr/portal/messaging/handle_note.php on line 51
PHP Notice:  Undefined index: sender_id in /var/www/openemr/portal/messaging/handle_note.php on line 52
PHP Notice:  Undefined index: sender_name in /var/www/openemr/portal/messaging/handle_note.php on line 53
PHP Notice:  Undefined index: recipient_id in /var/www/openemr/portal/messaging/handle_note.php on line 54
PHP Notice:  Undefined index: recipient_name in /var/www/openemr/portal/messaging/handle_note.php on line 55
PHP Warning:  "continue" targeting switch is equivalent to "break". Did you mean to use "continue 2"? in /var/www/openemr/vendor/doctrine/orm/lib/Doctrine/ORM/UnitOfWork.php on line 2627
PHP Warning:  "continue" targeting switch is equivalent to "break". Did you mean to use "continue 2"? in /var/www/openemr/vendor/doctrine/orm/lib/Doctrine/ORM/UnitOfWork.php on line 2656
PHP Notice:  Undefined index: noteid in /var/www/openemr/portal/messaging/handle_note.php on line 46
PHP Notice:  Undefined index: notejson in /var/www/openemr/portal/messaging/handle_note.php on line 47
PHP Notice:  Undefined index: replyid in /var/www/openemr/portal/messaging/handle_note.php on line 48
PHP Notice:  Undefined index: inputBody in /var/www/openemr/portal/messaging/handle_note.php on line 50
PHP Notice:  Undefined index: title in /var/www/openemr/portal/messaging/handle_note.php on line 51
PHP Notice:  Undefined index: sender_id in /var/www/openemr/portal/messaging/handle_note.php on line 52
PHP Notice:  Undefined index: sender_name in /var/www/openemr/portal/messaging/handle_note.php on line 53
PHP Notice:  Undefined index: recipient_id in /var/www/openemr/portal/messaging/handle_note.php on line 54
PHP Notice:  Undefined index: recipient_name in /var/www/openemr/portal/messaging/handle_note.php on line 55
PHP Warning:  "continue" targeting switch is equivalent to "break". Did you mean to use "continue 2"? in /var/www/openemr/vendor/doctrine/orm/lib/Doctrine/ORM/UnitOfWork.php on line 2627
PHP Warning:  "continue" targeting switch is equivalent to "break". Did you mean to use "continue 2"? in /var/www/openemr/vendor/doctrine/orm/lib/Doctrine/ORM/UnitOfWork.php on line 2656
PHP Notice:  Undefined index: noteid in /var/www/openemr/portal/messaging/handle_note.php on line 46
PHP Notice:  Undefined index: notejson in /var/www/openemr/portal/messaging/handle_note.php on line 47
PHP Notice:  Undefined index: replyid in /var/www/openemr/portal/messaging/handle_note.php on line 48
PHP Notice:  Undefined index: inputBody in /var/www/openemr/portal/messaging/handle_note.php on line 50
PHP Notice:  Undefined index: title in /var/www/openemr/portal/messaging/handle_note.php on line 51
PHP Notice:  Undefined index: sender_id in /var/www/openemr/portal/messaging/handle_note.php on line 52
PHP Notice:  Undefined index: sender_name in /var/www/openemr/portal/messaging/handle_note.php on line 53
PHP Notice:  Undefined index: recipient_id in /var/www/openemr/portal/messaging/handle_note.php on line 54
PHP Notice:  Undefined index: recipient_name in /var/www/openemr/portal/messaging/handle_note.php on line 55
PHP Warning:  "continue" targeting switch is equivalent to "break". Did you mean to use "continue 2"? in /var/www/openemr/vendor/doctrine/orm/lib/Doctrine/ORM/UnitOfWork.php on line 2627
PHP Warning:  "continue" targeting switch is equivalent to "break". Did you mean to use "continue 2"? in /var/www/openemr/vendor/doctrine/orm/lib/Doctrine/ORM/UnitOfWork.php on line 2656
PHP Notice:  Undefined index: noteid in /var/www/openemr/portal/messaging/handle_note.php on line 46
PHP Notice:  Undefined index: notejson in /var/www/openemr/portal/messaging/handle_note.php on line 47
PHP Notice:  Undefined index: replyid in /var/www/openemr/portal/messaging/handle_note.php on line 48
PHP Notice:  Undefined index: inputBody in /var/www/openemr/portal/messaging/handle_note.php on line 50
PHP Notice:  Undefined index: title in /var/www/openemr/portal/messaging/handle_note.php on line 51
PHP Notice:  Undefined index: sender_id in /var/www/openemr/portal/messaging/handle_note.php on line 52
PHP Notice:  Undefined index: sender_name in /var/www/openemr/portal/messaging/handle_note.php on line 53
PHP Notice:  Undefined index: recipient_id in /var/www/openemr/portal/messaging/handle_note.php on line 54
PHP Notice:  Undefined index: recipient_name in /var/www/openemr/portal/messaging/handle_note.php on line 55
PHP Warning:  "continue" targeting switch is equivalent to "break". Did you mean to use "continue 2"? in /var/www/openemr/vendor/doctrine/orm/lib/Doctrine/ORM/UnitOfWork.php on line 2627
PHP Warning:  "continue" targeting switch is equivalent to "break". Did you mean to use "continue 2"? in /var/www/openemr/vendor/doctrine/orm/lib/Doctrine/ORM/UnitOfWork.php on line 2656
PHP Notice:  Undefined index: noteid in /var/www/openemr/portal/messaging/handle_note.php on line 46
PHP Notice:  Undefined index: notejson in /var/www/openemr/portal/messaging/handle_note.php on line 47
PHP Notice:  Undefined index: replyid in /var/www/openemr/portal/messaging/handle_note.php on line 48
PHP Notice:  Undefined index: inputBody in /var/www/openemr/portal/messaging/handle_note.php on line 50
PHP Notice:  Undefined index: title in /var/www/openemr/portal/messaging/handle_note.php on line 51
PHP Notice:  Undefined index: sender_id in /var/www/openemr/portal/messaging/handle_note.php on line 52
PHP Notice:  Undefined index: sender_name in /var/www/openemr/portal/messaging/handle_note.php on line 53
PHP Notice:  Undefined index: recipient_id in /var/www/openemr/portal/messaging/handle_note.php on line 54
PHP Notice:  Undefined index: recipient_name in /var/www/openemr/portal/messaging/handle_note.php on line 55
PHP Warning:  "continue" targeting switch is equivalent to "break". Did you mean to use "continue 2"? in /var/www/openemr/vendor/doctrine/orm/lib/Doctrine/ORM/UnitOfWork.php on line 2627
PHP Warning:  "continue" targeting switch is equivalent to "break". Did you mean to use "continue 2"? in /var/www/openemr/vendor/doctrine/orm/lib/Doctrine/ORM/UnitOfWork.php on line 2656
PHP Notice:  Undefined index: noteid in /var/www/openemr/portal/messaging/handle_note.php on line 46
PHP Notice:  Undefined index: notejson in /var/www/openemr/portal/messaging/handle_note.php on line 47
PHP Notice:  Undefined index: replyid in /var/www/openemr/portal/messaging/handle_note.php on line 48
PHP Notice:  Undefined index: inputBody in /var/www/openemr/portal/messaging/handle_note.php on line 50
PHP Notice:  Undefined index: title in /var/www/openemr/portal/messaging/handle_note.php on line 51
PHP Notice:  Undefined index: sender_id in /var/www/openemr/portal/messaging/handle_note.php on line 52
PHP Notice:  Undefined index: sender_name in /var/www/openemr/portal/messaging/han