PHP Warning:  "continue" targeting switch is equivalent to "break". Did you mean to use "continue 2"? in /var/www/openemr/vendor/doctrine/orm/lib/Doctrine/ORM/UnitOfWork.php on line 2627
PHP Warning:  "continue" targeting switch is equivalent to "break". Did you mean to use "continue 2"? in /var/www/openemr/vendor/doctrine/orm/lib/Doctrine/ORM/UnitOfWork.php on line 2656
PHP Warning:  filesize(): stat failed for /var/www/openemr/sites/default/documents/doctemplates/ in /var/www/openemr/interface/super/manage_document_templates.php on line 40
PHP Warning:  readfile(/var/www/openemr/sites/default/documents/doctemplates/): failed to open stream: No such file or directory in /var/www/openemr/interface/super/manage_document_templates.php on line 43
PHP Warning:  "continue" targeting switch is equivalent to "break". Did you mean to use "continue 2"? in /var/www/openemr/vendor/doctrine/orm/lib/Doctrine/ORM/UnitOfWork.php on line 2627
PHP Warning:  "continue" targeting switch is equivalent to "break". Did you mean to use "continue 2"? in /var/www/openemr/vendor/doctrine/orm/lib/Doctrine/ORM/UnitOfWork.php on line 2656
PHP Warning:  filesize(): stat failed for /var/www/openemr/sites/default/documents/doctemplates/ in /var/www/openemr/interface/super/manage_document_templates.php on line 40
PHP Warning:  readfile(/var/www/openemr/sites/default/documents/doctemplates/): failed to open stream: No such file or directory in /var/www/openemr/interface/super/manage_document_templates.php on line 43
PHP Warning:  "continue" targeting switch is equivalent to "break". Did you mean to use "continue 2"? in /var/www/openemr/vendor/doctrine/orm/lib/Doctrine/ORM/UnitOfWork.php on line 2627
PHP Warning:  "continue" targeting switch is equivalent to "break". Did you mean to use "continue 2"? in /var/www/openemr/vendor/doctrine/orm/lib/Doctrine/ORM/UnitOfWork.php on line 2656
PHP Warning:  filesize(): stat failed for /var/www/openemr/sites/default/documents/doctemplates/ in /var/www/openemr/interface/super/manage_document_templates.php on line 40
PHP Warning:  readfile(/var/www/openemr/sites/default/documents/doctemplates/): failed to open stream: No such file or directory in /var/www/openemr/interface/super/manage_document_templates.php on line 43
PHP Warning:  "continue" targeting switch is equivalent to "break". Did you mean to use "continue 2"? in /var/www/openemr/vendor/doctrine/orm/lib/Doctrine/ORM/UnitOfWork.php on line 2627
PHP Warning:  "continue" targeting switch is equivalent to "break". Did you mean to use "continue 2"? in /var/www/openemr/vendor/doctrine/orm/lib/Doctrine/ORM/UnitOfWork.php on line 2656
PHP Warning:  filesize(): stat failed for /var/www/openemr/sites/default/documents/doctemplates/ in /var/www/openemr/interface/super/manage_document_templates.php on line 40
PHP Warning:  readfile(/var/www/openemr/sites/default/documents/doctemplates/): failed to open stream: No such file or directory in /var/www/openemr/interface/super/manage_document_templates.php on line 43
PHP Warning:  "continue" targeting switch is equivalent to "break". Did you mean to use "continue 2"? in /var/www/openemr/vendor/doctrine/orm/lib/Doctrine/ORM/UnitOfWork.php on line 2627
PHP Warning:  "continue" targeting switch is equivalent to "break". Did you mean to use "continue 2"? in /var/www/openemr/vendor/doctrine/orm/lib/Doctrine/ORM/UnitOfWork.php on line 2656
PHP Warning:  filesize(): stat failed for /var/www/openemr/sites/default/documents/doctemplates/ in /var/www/openemr/interface/super/manage_document_templates.php on line 40
PHP Warning:  readfile(/var/www/openemr/sites/default/documents/doctemplates/): failed to open stream: No such file or directory in /var/www/openemr/interface/super/manage_document_templates.php on line 43
PHP Warning:  "continue" targeting switch is equivalent to "break". Did you mean to use "continue 2"? in /var/www/openemr/vendor/doctrine/orm/lib/Doctrine/ORM/UnitOfWork.php on line 2627
PHP Warning:  "continue" targeting switch is equivalent to "break". Did you mean to use "continue 2"? in /var/www/openemr/vendor/doctrine/orm/lib/Doctrine/ORM/UnitOfWork.php on line 2656
PHP Warning:  filesize(): stat failed for /var/www/openemr/sites/default/documents/doctemplates/ in /var/www/openemr/interface/super/manage_document_templates.php on line 40
PHP Warning:  readfile(/var/www/openemr/sites/default/documents/doctemplates/): failed to open stream: No such file or directory in /var/www/openemr/interface/super/manage_document_templates.php on line 43
PHP Warning:  "continue" targeting switch is equivalent to "break". Did you mean to use "continue 2"? in /var/www/openemr/vendor/doctrine/orm/lib/Doctrine/ORM/UnitOfWork.php on line 2627
PHP Warning:  "continue" targeting switch is equivalent to "break". Did you mean to use "continue 2"? in /var/www/openemr/vendor/doctrine/orm/lib/Doctrine/ORM/UnitOfWork.php on line 2656
PHP Warning:  filesize(): stat failed for /var/www/openemr/sites/default/documents/doctemplates/ in /var/www/openemr/interface/super/manage_document_templates.php on line 40
PHP Warning:  readfile(/var/www/openemr/sites/default/documents/doctemplates/): failed to open stream: No such file or directory in /var/www/openemr/interface/super/manage_document_templates.php on line 43
PHP Warning:  "continue" targeting switch is equivalent to "break". Did you mean to use "continue 2"? in /var/www/openemr/vendor/doctrine/orm/lib/Doctrine/ORM/UnitOfWork.php on line 2627
PHP Warning:  "continue" targeting switch is equivalent to "break". Did you mean to use "continue 2"? in /var/www/openemr/vendor/doctrine/orm/lib/Doctrine/ORM/UnitOfWork.php on line 2656
PHP Warning:  filesize(): stat failed for /var/www/openemr/sites/default/documents/doctemplates/ in /var/www/openemr/interface/super/manage_document_templates.php on line 40
PHP Warning:  readfile(/var/www/openemr/sites/default/documents/doctemplates/): failed to open stream: No such file or directory in /var/www/openemr/interface/super/manage_document_templates.php on line 43
PHP Warning:  "continue" targeting switch is equivalent to "break". Did you mean to use "continue 2"? in /var/www/openemr/vendor/doctrine/orm/lib/Doctrine/ORM/UnitOfWork.php on line 2627
PHP Warning:  "continue" targeting switch is equivalent to "break". Did you mean to use "continue 2"? in /var/www/openemr/vendor/doctrine/orm/lib/Doctrine/ORM/UnitOfWork.php on line 2656
PHP Warning:  filesize(): stat failed for /var/www/openemr/sites/default/documents/doctemplates/ in /var/www/openemr/interface/super/manage_document_templates.php on line 40
PHP Warning:  readfile(/var/www/openemr/sites/default/documents/doctemplates/): failed to open stream: No such file or directory in /var/www/openemr/interface/super/manage_document_templates.php on line 43
PHP Warning:  "continue" targeting switch is equivalent to "break". Did you mean to use "continue 2"? in /var/www/openemr/vendor/doctrine/orm/lib/Doctrine/ORM/UnitOfWork.php on line 2627
PHP Warning:  "continue" targeting switch is equivalent to "break". Did you mean to use "continue 2"? in /var/www/openemr/vendor/doctrine/orm/lib/Doctrine/ORM/UnitOfWork.php on line 2656
PHP Warning:  filesize(): stat failed for /var/www/openemr/sites/default/documents/doctemplates/ in /var/www/openemr/interface/super/manage_document_templates.php on line 40
PHP Warning:  readfile(/var/www/openemr/sites/default/documents/doctemplates/): failed to open stream: No such file or directory in /var/www/openemr/interface/super/manage_document_templates.php on line 43
PHP Warning:  "continue" targeting switch is equivalent to "break". Did you mean to use "continue 2"? in /var/www/openemr/vendor/doctrine/orm/lib/Doctrine/ORM/UnitOfWork.php on line 2627
PHP Warning:  "continue" targeting switch is equivalent to "break". Did you mean to use "continue 2"? in /var/www/openemr/vendor/doctrine/orm/lib/Doctrine/ORM/UnitOfWork.php on line 2656
PHP Warning:  filesize(): stat failed for /var/www/openemr/sites/default/documents/doctemplates/ in /var/www/openemr/interface/super/manage_document_templates.php on line 40
PHP Warning:  readfile(/var/www/openemr/sites/default/documents/doctemplates/): failed to open stream: No such file or directory in /var/www/openemr/interface/super/manage_document_templates.php on line 43
PHP Warning:  "continue" targeting switch is equivalent to "break". Did you mean to use "continue 2"? in /var/www/openemr/vendor/doctrine/orm/lib/Doctrine/ORM/UnitOfWork.php on line 2627
PHP Warning:  "continue" targeting switch is equivalent to "break". Did you mean to use "continue 2"? in /var/www/openemr/vendor/doctrine/orm/lib/Doctrine/ORM/UnitOfWork.php on line 2656
PHP Warning:  "continue" targeting switch is equivalent to "break". Did you mean to use "continue 2"? in /var/www/openemr/vendor/doctrine/orm/lib/Doctrine/ORM/UnitOfWork.php on line 2627
PHP Warning:  "continue" targeting switch is equivalent to "break". Did you mean to use "continue 2"? in /var/www/openemr/vendor/doctrine/orm/lib/Doctrine/ORM/UnitOfWork.php on line 2656
PHP Warning:  "continue" targeting switch is equivalent to "break". Did you mean to use "continue 2"? in /var/www/openemr/vendor/doctrine/orm/lib/Doctrine/ORM/UnitOfWork.php on line 2627
PHP Warning:  "continue" targeting switch is equivalent to "break". Did you mean to use "continue 2"? in /var/www/openemr/vendor/doctrine/orm/lib/Doctrine/ORM/UnitOfWork.php on line 2656
PHP Notice:  Undefined index: form_filename in /var/www/openemr/interface/super/manage_document_templates.php on line 22
PHP Warning:  filesize(): stat failed for /var/www/openemr/sites/default/documents/doctemplates/ in /var/www/openemr/interface/super/manage_document_templates.php on line 40
PHP Warning:  readfile(/var/www/openemr/sites/default/documents/doctemplates/): failed to open stream: No such file or directory in /var/www/openemr/interface/super/manage_document_templates.php on line 43
PHP Warning:  "continue" targeting switch is equivalent to "break". Did you mean to use "continue 2"? in /var/www/openemr/vendor/doctrine/orm/lib/Doctrine/ORM/UnitOfWork.php on line 2627
PHP Warning:  "continue" targeting switch is equivalent to "break". Did you mean to use "continue 2"? in /var/www/openemr/vendor/doctrin