PHP Warning:  "continue" targeting switch is equivalent to "break". Did you mean to use "continue 2"? in /var/www/openemr/vendor/doctrine/orm/lib/Doctrine/ORM/UnitOfWork.php on line 2627
PHP Warning:  "continue" targeting switch is equivalent to "break". Did you mean to use "continue 2"? in /var/www/openemr/vendor/doctrine/orm/lib/Doctrine/ORM/UnitOfWork.php on line 2656
PHP Warning:  "continue" targeting switch is equivalent to "break". Did you mean to use "continue 2"? in /var/www/openemr/vendor/doctrine/orm/lib/Doctrine/ORM/UnitOfWork.php on line 2627
PHP Warning:  "continue" targeting switch is equivalent to "break". Did you mean to use "continue 2"? in /var/www/openemr/vendor/doctrine/orm/lib/Doctrine/ORM/UnitOfWork.php on line 2656
PHP Warning:  "continue" targeting switch is equivalent to "break". Did you mean to use "continue 2"? in /var/www/openemr/vendor/doctrine/orm/lib/Doctrine/ORM/UnitOfWork.php on line 2627
PHP Warning:  "continue" targeting switch is equivalent to "break". Did you mean to use "continue 2"? in /var/www/openemr/vendor/doctrine/orm/lib/Doctrine/ORM/UnitOfWork.php on line 2656
PHP Warning:  "continue" targeting switch is equivalent to "break". Did you mean to use "continue 2"? in /var/www/openemr/vendor/doctrine/orm/lib/Doctrine/ORM/UnitOfWork.php on line 2627
PHP Warning:  "continue" targeting switch is equivalent to "break". Did you mean to use "continue 2"? in /var/www/openemr/vendor/doctrine/orm/lib/Doctrine/ORM/UnitOfWork.php on line 2656
PHP Warning:  "continue" targeting switch is equivalent to "break". Did you mean to use "continue 2"? in /var/www/openemr/vendor/doctrine/orm/lib/Doctrine/ORM/UnitOfWork.php on line 2627
PHP Warning:  "continue" targeting switch is equivalent to "break". Did you mean to use "continue 2"? in /var/www/openemr/vendor/doctrine/orm/lib/Doctrine/ORM/UnitOfWork.php on line 2656
PHP Warning:  "continue" targeting switch is equivalent to "break". Did you mean to use "continue 2"? in /var/www/openemr/vendor/doctrine/orm/lib/Doctrine/ORM/UnitOfWork.php on line 2627
PHP Warning:  "continue" targeting switch is equivalent to "break". Did you mean to use "continue 2"? in /var/www/openemr/vendor/doctrine/orm/lib/Doctrine/ORM/UnitOfWork.php on line 2656
PHP Warning:  "continue" targeting switch is equivalent to "break". Did you mean to use "continue 2"? in /var/www/openemr/vendor/doctrine/orm/lib/Doctrine/ORM/UnitOfWork.php on line 2627
PHP Warning:  "continue" targeting switch is equivalent to "break". Did you mean to use "continue 2"? in /var/www/openemr/vendor/doctrine/orm/lib/Doctrine/ORM/UnitOfWork.php on line 2656
PHP Warning:  "continue" targeting switch is equivalent to "break". Did you mean to use "continue 2"? in /var/www/openemr/vendor/doctrine/orm/lib/Doctrine/ORM/UnitOfWork.php on line 2627
PHP Warning:  "continue" targeting switch is equivalent to "break". Did you mean to use "continue 2"? in /var/www/openemr/vendor/doctrine/orm/lib/Doctrine/ORM/UnitOfWork.php on line 2656
PHP Warning:  "continue" targeting switch is equivalent to "break". Did you mean to use "continue 2"? in /var/www/openemr/vendor/doctrine/orm/lib/Doctrine/ORM/UnitOfWork.php on line 2627
PHP Warning:  "continue" targeting switch is equivalent to "break". Did you mean to use "continue 2"? in /var/www/openemr/vendor/doctrine/orm/lib/Doctrine/ORM/UnitOfWork.php on line 2656
PHP Notice:  Undefined index: edit in /var/www/openemr/interface/language/language.php on line 22
PHP Notice:  Undefined index: filter_cons in /var/www/openemr/interface/language/lang_definition.php on line 27
PHP Notice:  Undefined index: filter_def in /var/www/openemr/interface/language/lang_definition.php on line 32
PHP Notice:  Undefined index: load in /var/www/openemr/interface/language/lang_definition.php on line 87
PHP Notice:  Undefined index: edit in /var/www/openemr/interface/language/lang_definition.php on line 148
PHP Warning:  "continue" targeting switch is equivalent to "break". Did you mean to use "continue 2"? in /var/www/openemr/vendor/doctrine/orm/lib/Doctrine/ORM/UnitOfWork.php on line 2627
PHP Warning:  "continue" targeting switch is equivalent to "break". Did you mean to use "continue 2"? in /var/www/openemr/vendor/doctrine/orm/lib/Doctrine/ORM/UnitOfWork.php on line 2656
PHP Notice:  Undefined index: edit in /var/www/openemr/interface/language/language.php on line 22
PHP Notice:  Undefined index: filter_cons in /var/www/openemr/interface/language/lang_definition.php on line 27
PHP Notice:  Undefined index: filter_def in /var/www/openemr/interface/language/lang_definition.php on line 32
PHP Notice:  Undefined index: load in /var/www/openemr/interface/language/lang_definition.php on line 87
PHP Notice:  Undefined index: edit in /var/www/openemr/interface/language/lang_definition.php on line 148
PHP Warning:  "continue" targeting switch is equivalent to "break". Did you mean to use "continue 2"? in /var/www/openemr/vendor/doctrine/orm/lib/Doctrine/ORM/UnitOfWork.php on line 2627
PHP Warning:  "continue" targeting switch is equivalent to "break". Did you mean to use "continue 2"? in /var/www/openemr/vendor/doctrine/orm/lib/Doctrine/ORM/UnitOfWork.php on line 2656
PHP Notice:  Undefined index: edit in /var/www/openemr/interface/language/language.php on line 22
PHP Notice:  Undefined index: filter_cons in /var/www/openemr/interface/language/lang_definition.php on line 27
PHP Notice:  Undefined index: filter_def in /var/www/openemr/interface/language/lang_definition.php on line 32
PHP Notice:  Undefined index: load in /var/www/openemr/interface/language/lang_definition.php on line 87
PHP Notice:  Undefined index: edit in /var/www/openemr/interface/language/lang_definition.php on line 148
PHP Warning:  "continue" targeting switch is equivalent to "break". Did you mean to use "continue 2"? in /var/www/openemr/vendor/doctrine/orm/lib/Doctrine/ORM/UnitOfWork.php on line 2627
PHP Warning:  "continue" targeting switch is equivalent to "break". Did you mean to use "continue 2"? in /var/www/openemr/vendor/doctrine/orm/lib/Doctrine/ORM/UnitOfWork.php on line 2656
PHP Notice:  Undefined index: edit in /var/www/openemr/interface/language/language.php on line 22
PHP Notice:  Undefined index: filter_cons in /var/www/openemr/interface/language/lang_definition.php on line 27
PHP Notice:  Undefined index: filter_def in /var/www/openemr/interface/language/lang_definition.php on line 32
PHP Notice:  Undefined index: load in /var/www/openemr/interface/language/lang_definition.php on line 87
PHP Notice:  Undefined index: edit in /var/www/openemr/interface/language/lang_definition.php on line 148
PHP Warning:  "continue" targeting switch is equivalent to "break". Did you mean to use "continue 2"? in /var/www/openemr/vendor/doctrine/orm/lib/Doctrine/ORM/UnitOfWork.php on line 2627
PHP Warning:  "continue" targeting switch is equivalent to "break". Did you mean to use "continue 2"? in /var/www/openemr/vendor/doctrine/orm/lib/Doctrine/ORM/UnitOfWork.php on line 2656
PHP Notice:  Undefined index: edit in /var/www/openemr/interface/language/language.php on line 22
PHP Notice:  Undefined index: filter_cons in /var/www/openemr/interface/language/lang_definition.php on line 27
PHP Notice:  Undefined index: filter_def in /var/www/openemr/interface/language/lang_definition.php on line 32
PHP Notice:  Undefined index: load in /var/www/openemr/interface/language/lang_definition.php on line 87
PHP Notice:  Undefined index: edit in /var/www/openemr/interface/language/lang_definition.php on line 148
PHP Warning:  "continue" targeting switch is equivalent to "break". Did you mean to use "continue 2"? in /var/www/openemr/vendor/doctrine/orm/lib/Doctrine/ORM/UnitOfWork.php on line 2627
PHP Warning:  "continue" targeting switch is equivalent to "break". Did you mean to use "continue 2"? in /var/www/openemr/vendor/doctrine/orm/lib/Doctrine/ORM/UnitOfWork.php on line 2656
PHP Notice:  Undefined index: edit in /var/www/openemr/interface/language/language.php on line 22
PHP Notice:  Undefined index: filter_cons in /var/www/openemr/interface/language/lang_definition.php on line 27
PHP Notice:  Undefined index: filter_def in /var/www/openemr/interface/language/lang_definition.php on line 32
PHP Notice:  Undefined index: load in /var/www/openemr/interface/language/lang_definition.php on line 87
PHP Notice:  Undefined index: edit in /var/www/openemr/interface/language/lang_definition.php on line 148
PHP Warning:  "continue" targeting switch is equivalent to "break". Did you mean to use "continue 2"? in /var/www/openemr/vendor/doctrine/orm/lib/Doctrine/ORM/UnitOfWork.php on line 2627
PHP Warning:  "continue" targeting switch is equivalent to "break". Did you mean to use "continue 2"? in /var/www/openemr/vendor/doctrine/orm/lib/Doctrine/ORM/UnitOfWork.php on line 2656
PHP Notice:  Undefined index: edit in /var/www/openemr/interface/language/language.php on line 22
PHP Notice:  Undefined index: filter_cons in /var/www/openemr/interface/language/lang_definition.php on line 27
PHP Notice:  Undefined index: filter_def in /var/www/openemr/interface/language/lang_definition.php on line 32
PHP Notice:  Undefined index: load in /var/www/openemr/interface/language/lang_definition.php on line 87
PHP Notice:  Undefined index: edit in /var/www/openemr/interface/language/lang_definition.php on line 148
PHP Warning:  "continue" targeting switch is equivalent to "break". Did you mean to use "continue 2"? in /var/www/openemr/vendor/doctrine/orm/lib/Doctrine/ORM/UnitOfWork.php on line 2627
PHP Warning:  "continue" targeting switch is equivalent to "break". Did you mean to use "continue 2"? in /var/www/openemr/vendor/doctrine/orm/lib/Doctrine/ORM/UnitOfWork.php on line 2656
PHP Notice:  Undefined index: edit in /var/www/openemr/interface/language/language.php on line 22
PHP Notice:  Undefined index: filter_cons in /var/www/openemr/interface/language/lang_definition.php on line 27
PHP Notice:  Undefined index: filter_def in /var/www/openemr/interface/language/lang_definition.php on line 32
PHP Notice:  Undefined index: load in /var/www/openemr/interface/language/lang_definition.php on line 87
PHP Notice:  Undefined index: edit in /var/www/openemr/interface/language/lang_definition.php on line 148
