[0;36mafl-fuzz [1;97m2.52b[0m by <lcamtuf@google.com>
[1;92m[+] [0mLooks like we're not running on a tty, so I'll be a bit less verbose.[0m
[1;92m[+] [0mYou have 128 CPU cores and 3 runnable tasks (utilization: 2%).[0m
[1;92m[+] [0mTry parallel jobs - see docs/parallel_fuzzing.txt.[0m
[1;94m[*] [0mChecking CPU core loadout...[0m
[1;92m[+] [0mFound a free CPU core, binding to #0.[0m
[1;94m[*] [0mChecking core_pattern...[0m
[1;94m[*] [0mChecking CPU scaling governor...[0m
[1;94m[*] [0mUsing SHMID of '65637'...[0m
shm_id=65637 , tb[0]=6  0x7f93201dd000
[1;94m[*] [0mSetting up output directories...[0m
[1;94m[*] [0mScanning '/p/Witcher/python/tests/flaskbb/WICHR/work/initial_seeds'...[0m
[1;92m[+] [0mNo auto-generated dictionary tokens to reuse.[0m
[1;94m[*] [0mCreating hard links for all input files...[0m
[1;94m[*] [0mLoading extra dictionary from '/p/Witcher/python/tests/flaskbb/WICHR/work/dict.txt' (level 0)...[0m
[1;92m[+] [0mLoaded 306 extra tokens, size range 3 B to 115 B.[0m
[1;93m[!] [1;97mWARNING: [0mSome tokens are relatively large (115 B) - consider trimming.[0m
[1;94m[*] [0mValidating target binary...[0m
[1;94m[*] [0mAttempting dry run with 'id:000000,orig:seed-0'...[0m
[1;94m[*] [0mSpinning up the fork server...[0m
here b4 4177753
here after 4177753 4177754 
fs status= 4 [AFL] Forkserver up
[1;92m[+] [0mAll right - fork server is up.[0m
[1;90m    len = 35, map size = 9018, exec speed = 6367 us
[0m[1;93m[!] [1;97mWARNING: [0mInstrumentation output varies across runs.[0m
[1;94m[*] [0mAttempting dry run with 'id:000001,orig:seed-1'...[0m
[1;90m    len = 41, map size = 9019, exec speed = 5810 us
[0m[1;93m[!] [1;97mWARNING: [0mNo new instrumentation output, test case may be useless.[0m
[1;93m[!] [1;97mWARNING: [0mInstrumentation output varies across runs.[0m
[1;94m[*] [0mAttempting dry run with 'id:000002,orig:seed-2'...[0m
[1;90m    len = 44, map size = 9023, exec speed = 5791 us
[0m[1;93m[!] [1;97mWARNING: [0mNo new instrumentation output, test case may be useless.[0m
[1;93m[!] [1;97mWARNING: [0mInstrumentation output varies across runs.[0m
[1;94m[*] [0mAttempting dry run with 'id:000003,orig:seed-3'...[0m
[1;90m    len = 138, map size = 9018, exec speed = 5846 us
[0m[1;93m[!] [1;97mWARNING: [0mNo new instrumentation output, test case may be useless.[0m
[1;93m[!] [1;97mWARNING: [0mInstrumentation output varies across runs.[0m
[1;94m[*] [0mAttempting dry run with 'id:000004,orig:seed-4'...[0m
[1;90m    len = 143, map size = 9018, exec speed = 5813 us
[0m[1;93m[!] [1;97mWARNING: [0mNo new instrumentation output, test case may be useless.[0m
[1;93m[!] [1;97mWARNING: [0mInstrumentation output varies across runs.[0m
[1;94m[*] [0mAttempting dry run with 'id:000005,orig:seed-5'...[0m
[1;90m    len = 136, map size = 9046, exec speed = 5934 us
[0m[1;93m[!] [1;97mWARNING: [0mInstrumentation output varies across runs.[0m
[1;94m[*] [0mAttempting dry run with 'id:000006,orig:seed-6'...[0m
[1;90m    len = 137, map size = 9046, exec speed = 7783 us
[0m[1;93m[!] [1;97mWARNING: [0mInstrumentation output varies across runs.[0m
[1;94m[*] [0mAttempting dry run with 'id:000007,orig:seed-7'...[0m
[1;90m    len = 141, map size = 9046, exec speed = 5801 us
[0m[1;93m[!] [1;97mWARNING: [0mNo new instrumentation output, test case may be useless.[0m
[1;93m[!] [1;97mWARNING: [0mInstrumentation output varies across runs.[0m
[1;94m[*] [0mAttempting dry run with 'id:000008,orig:seed-8'...[0m
[1;90m    len = 138, map size = 9046, exec speed = 5834 us
[0m[1;93m[!] [1;97mWARNING: [0mNo new instrumentation output, test case may be useless.[0m
[1;93m[!] [1;97mWARNING: [0mInstrumentation output varies across runs.[0m
[1;92m[+] [0mAll test cases processed.[0m

[1;93m[!] [1;97mWARNING: [0m[1;91mSome test cases look useless. Consider using a smaller set.[0m
[1;92m[+] [0mHere are some useful stats:

[1;90m    Test case count : [0m2 favored, 9 variable, 9 total
[1;90m       Bitmap range : [0m9018 to 9046 bits (average: 9031.11 bits)
[1;90m        Exec timing : [0m5791 to 7783 us (average: 6444 us)
[0m
[1;92m[+] [0mAll set and ready to roll![0m
[1;94m[*] [0mEntering queue cycle 1.[0m
[1;94m[*] [0mFuzzing test case #0 (9 total, 0 uniq crashes found)...[0m
count_bytes  = 0, spot=0
, count_bytes  = 0, spot=0
, count_bytes  = 0, spot=0
, count_bytes  = 0, spot=0
, [1;94m[*] [0mFuzzing test case #12 (197 total, 0 uniq crashes found)...[0m
count_bytes  = 0, spot=0
, count_bytes  = 0, spot=0
, count_bytes  = 0, spot=0
, count_bytes  = 0, spot=0
, count_bytes  = 0, spot=0
, count_bytes  = 0, spot=0
, [1;94m[*] [0mFuzzing test case #24 (209 total, 0 uniq crashes found)...[0m
count_bytes  = 0, spot=0
, [1;94m[*] [0mFuzzing test case #25 (212 total, 0 uniq crashes found)...[0m
count_bytes  = 0, spot=0
, [1;94m[*] [0mFuzzing test case #60 (213 total, 0 uniq crashes found)...[0m
count_bytes  = 0, spot=0
, [1;94m[*] [0mFuzzing test case #78 (215 total, 0 uniq crashes found)...[0m
count_bytes  = 0, spot=0
, [1;94m[*] [0mFuzzing test case #104 (219 total, 0 uniq crashes found)...[0m
count_bytes  = 0, spot=0
, count_bytes  = 0, spot=0
, count_bytes  = 0, spot=0
, count_bytes  = 0, spot=0
, count_bytes  = 0, spot=0
, count_bytes  = 0, spot=0
, [1;94m[*] [0mFuzzing test case #164 (234 total, 0 uniq crashes found)...[0m
count_bytes  = 0, spot=0
, count_bytes  = 0, spot=0
, count_bytes  = 0, spot=0
, [1;94m[*] [0mFuzzing test case #170 (237 total, 0 uniq crashes found)...[0m
count_bytes  = 0, spot=0
, [1;94m[*] [0mFuzzing test case #175 (239 total, 0 uniq crashes found)...[0m
count_bytes  = 0, spot=0
, [1;94m[*] [0mFuzzing test case #176 (240 total, 0 uniq crashes found)...[0m
