PHP Warning:  "continue" targeting switch is equivalent to "break". Did you mean to use "continue 2"? in /var/www/openemr/vendor/doctrine/orm/lib/Doctrine/ORM/UnitOfWork.php on line 2627
PHP Warning:  "continue" targeting switch is equivalent to "break". Did you mean to use "continue 2"? in /var/www/openemr/vendor/doctrine/orm/lib/Doctrine/ORM/UnitOfWork.php on line 2656
PHP Notice:  Undefined index: basePath in /var/www/openemr/library/core/src/Header.php on line 158
PHP Notice:  Undefined variable: screen in /var/www/openemr/library/payment_jav.inc.php on line 311
PHP Notice:  Undefined variable: screen in /var/www/openemr/library/payment_jav.inc.php on line 428
PHP Notice:  Undefined variable: screen in /var/www/openemr/library/payment_jav.inc.php on line 453
PHP Notice:  Undefined variable: PaymentDate in /var/www/openemr/interface/billing/search_payments.php on line 385
PHP Notice:  Undefined variable: FromDate in /var/www/openemr/interface/billing/search_payments.php on line 390
PHP Notice:  Undefined variable: ToDate in /var/www/openemr/interface/billing/search_payments.php on line 394
PHP Notice:  Undefined variable: PaymentMethod in /var/www/openemr/interface/billing/search_payments.php on line 401
PHP Notice:  Undefined variable: type_name in /var/www/openemr/interface/billing/search_payments.php on line 412
PHP Notice:  Undefined variable: adjustment_code in /var/www/openemr/interface/billing/search_payments.php on line 415
PHP Notice:  Undefined variable: PaymentStatus in /var/www/openemr/interface/billing/search_payments.php on line 418
PHP Notice:  Undefined variable: div_after_save in /var/www/openemr/interface/billing/search_payments.php on line 428
PHP Notice:  Undefined variable: div_after_save in /var/www/openemr/interface/billing/search_payments.php on line 429
PHP Notice:  Undefined variable: PaymentSortBy in /var/www/openemr/interface/billing/search_payments.php on line 440
PHP Notice:  Undefined variable: PaymentSortBy in /var/www/openemr/interface/billing/search_payments.php on line 581
PHP Notice:  Undefined variable: Sort in /var/www/openemr/interface/billing/search_payments.php on line 582
PHP Notice:  Undefined variable: Message in /var/www/openemr/interface/billing/search_payments.php on line 583
PHP Warning:  "continue" targeting switch is equivalent to "break". Did you mean to use "continue 2"? in /var/www/openemr/vendor/doctrine/orm/lib/Doctrine/ORM/UnitOfWork.php on line 2627
PHP Warning:  "continue" targeting switch is equivalent to "break". Did you mean to use "continue 2"? in /var/www/openemr/vendor/doctrine/orm/lib/Doctrine/ORM/UnitOfWork.php on line 2656
PHP Notice:  Undefined index: basePath in /var/www/openemr/library/core/src/Header.php on line 158
PHP Notice:  Undefined variable: screen in /var/www/openemr/library/payment_jav.inc.php on line 311
PHP Notice:  Undefined variable: screen in /var/www/openemr/library/payment_jav.inc.php on line 428
PHP Notice:  Undefined variable: screen in /var/www/openemr/library/payment_jav.inc.php on line 453
PHP Notice:  Undefined variable: PaymentDate in /var/www/openemr/interface/billing/search_payments.php on line 385
PHP Notice:  Undefined variable: FromDate in /var/www/openemr/interface/billing/search_payments.php on line 390
PHP Notice:  Undefined variable: ToDate in /var/www/openemr/interface/billing/search_payments.php on line 394
PHP Notice:  Undefined variable: PaymentMethod in /var/www/openemr/interface/billing/search_payments.php on line 401
PHP Notice:  Undefined variable: type_name in /var/www/openemr/interface/billing/search_payments.php on line 412
PHP Notice:  Undefined variable: adjustment_code in /var/www/openemr/interface/billing/search_payments.php on line 415
PHP Notice:  Undefined variable: PaymentStatus in /var/www/openemr/interface/billing/search_payments.php on line 418
PHP Notice:  Undefined variable: div_after_save in /var/www/openemr/interface/billing/search_payments.php on line 428
PHP Notice:  Undefined variable: div_after_save in /var/www/openemr/interface/billing/search_payments.php on line 429
PHP Notice:  Undefined variable: PaymentSortBy in /var/www/openemr/interface/billing/search_payments.php on line 440
PHP Notice:  Undefined variable: PaymentSortBy in /var/www/openemr/interface/billing/search_payments.php on line 581
PHP Notice:  Undefined variable: Sort in /var/www/openemr/interface/billing/search_payments.php on line 582
PHP Notice:  Undefined variable: Message in /var/www/openemr/interface/billing/search_payments.php on line 583
PHP Warning:  "continue" targeting switch is equivalent to "break". Did you mean to use "continue 2"? in /var/www/openemr/vendor/doctrine/orm/lib/Doctrine/ORM/UnitOfWork.php on line 2627
PHP Warning:  "continue" targeting switch is equivalent to "break". Did you mean to use "continue 2"? in /var/www/openemr/vendor/doctrine/orm/lib/Doctrine/ORM/UnitOfWork.php on line 2656
PHP Notice:  Undefined index: basePath in /var/www/openemr/library/core/src/Header.php on line 158
PHP Notice:  Undefined variable: screen in /var/www/openemr/library/payment_jav.inc.php on line 311
PHP Notice:  Undefined variable: screen in /var/www/openemr/library/payment_jav.inc.php on line 428
PHP Notice:  Undefined variable: screen in /var/www/openemr/library/payment_jav.inc.php on line 453
PHP Notice:  Undefined variable: PaymentDate in /var/www/openemr/interface/billing/search_payments.php on line 385
PHP Notice:  Undefined variable: FromDate in /var/www/openemr/interface/billing/search_payments.php on line 390
PHP Notice:  Undefined variable: ToDate in /var/www/openemr/interface/billing/search_payments.php on line 394
PHP Notice:  Undefined variable: PaymentMethod in /var/www/openemr/interface/billing/search_payments.php on line 401
PHP Notice:  Undefined variable: type_name in /var/www/openemr/interface/billing/search_payments.php on line 412
PHP Notice:  Undefined variable: adjustment_code in /var/www/openemr/interface/billing/search_payments.php on line 415
PHP Notice:  Undefined variable: PaymentStatus in /var/www/openemr/interface/billing/search_payments.php on line 418
PHP Notice:  Undefined variable: div_after_save in /var/www/openemr/interface/billing/search_payments.php on line 428
PHP Notice:  Undefined variable: div_after_save in /var/www/openemr/interface/billing/search_payments.php on line 429
PHP Notice:  Undefined variable: PaymentSortBy in /var/www/openemr/interface/billing/search_payments.php on line 440
PHP Notice:  Undefined variable: PaymentSortBy in /var/www/openemr/interface/billing/search_payments.php on line 581
PHP Notice:  Undefined variable: Sort in /var/www/openemr/interface/billing/search_payments.php on line 582
PHP Notice:  Undefined variable: Message in /var/www/openemr/interface/billing/search_payments.php on line 583
PHP Warning:  "continue" targeting switch is equivalent to "break". Did you mean to use "continue 2"? in /var/www/openemr/vendor/doctrine/orm/lib/Doctrine/ORM/UnitOfWork.php on line 2627
PHP Warning:  "continue" targeting switch is equivalent to "break". Did you mean to use "continue 2"? in /var/www/openemr/vendor/doctrine/orm/lib/Doctrine/ORM/UnitOfWork.php on line 2656
PHP Notice:  Undefined index: basePath in /var/www/openemr/library/core/src/Header.php on line 158
PHP Notice:  Undefined variable: screen in /var/www/openemr/library/payment_jav.inc.php on line 311
PHP Notice:  Undefined variable: screen in /var/www/openemr/library/payment_jav.inc.php on line 428
PHP Notice:  Undefined variable: screen in /var/www/openemr/library/payment_jav.inc.php on line 453
PHP Notice:  Undefined variable: PaymentDate in /var/www/openemr/interface/billing/search_payments.php on line 385
PHP Notice:  Undefined variable: FromDate in /var/www/openemr/interface/billing/search_payments.php on line 390
PHP Notice:  Undefined variable: ToDate in /var/www/openemr/interface/billing/search_payments.php on line 394
PHP Notice:  Undefined variable: PaymentMethod in /var/www/openemr/interface/billing/search_payments.php on line 401
PHP Notice:  Undefined variable: type_name in /var/www/openemr/interface/billing/search_payments.php on line 412
PHP Notice:  Undefined variable: adjustment_code in /var/www/openemr/interface/billing/search_payments.php on line 415
PHP Notice:  Undefined variable: PaymentStatus in /var/www/openemr/interface/billing/search_payments.php on line 418
PHP Notice:  Undefined variable: div_after_save in /var/www/openemr/interface/billing/search_payments.php on line 428
PHP Notice:  Undefined variable: div_after_save in /var/www/openemr/interface/billing/search_payments.php on line 429
PHP Notice:  Undefined variable: PaymentSortBy in /var/www/openemr/interface/billing/search_payments.php on line 440
PHP Notice:  Undefined variable: PaymentSortBy in /var/www/openemr/interface/billing/search_payments.php on line 581
PHP Notice:  Undefined variable: Sort in /var/www/openemr/interface/billing/search_payments.php on line 582
PHP Notice:  Undefined variable: Message in /var/www/openemr/interface/billing/search_payments.php on line 583
PHP Warning:  "continue" targeting switch is equivalent to "break". Did you mean to use "continue 2"? in /var/www/openemr/vendor/doctrine/orm/lib/Doctrine/ORM/UnitOfWork.php on line 2627
PHP Warning:  "continue" targeting switch is equivalent to "break". Did you mean to use "continue 2"? in /var/www/openemr/vendor/doctrine/orm/lib/Doctrine/ORM/UnitOfWork.php on line 2656
PHP Notice:  Undefined index: basePath in /var/www/openemr/library/core/src/Header.php on line 158
PHP Notice:  Undefined variable: screen in /var/www/openemr/library/payment_jav.inc.php on line 311
PHP Notice:  Undefined variable: screen in /var/www/openemr/library/payment_jav.inc.php on line 428
PHP Notice:  Undefined variable: screen in /var/www/openemr/library/payment_jav.inc.php on line 453
PHP Notice:  Undefined variable: PaymentDate in /var/www/openemr/interface/billing/search_payments.php on line 385
PHP Notice:  Undefined variable: FromDate in /var/www/openemr/interface/billing/search_payments.php on line 390
PHP Notice:  Undefined variable: ToDate in /var/www/openemr/interface/billing/search_payments.php on line 394
PHP Notice:  Undefined variable: PaymentMethod in /var/www/openemr/int