[0;36mafl-fuzz [1;97m2.52b[0m by <lcamtuf@google.com>
[1;92m[+] [0mLooks like we're not running on a tty, so I'll be a bit less verbose.[0m
[1;92m[+] [0mYou have 128 CPU cores and 9 runnable tasks (utilization: 7%).[0m
[1;92m[+] [0mTry parallel jobs - see docs/parallel_fuzzing.txt.[0m
[1;93m[!] [1;97mWARNING: [0mSetting binding to 28[0m
[1;94m[*] [0mChecking core_pattern...[0m
[1;94m[*] [0mChecking CPU scaling governor...[0m
[1;94m[*] [0mUsing SHMID of '69'...[0m
shm_id=69 , tb[0]=6  0x7fab20916000
[1;94m[*] [0mSetting up output directories...[0m
[1;94m[*] [0mScanning './WICHR/work/initial_seeds'...[0m
[1;92m[+] [0mNo auto-generated dictionary tokens to reuse.[0m
[1;94m[*] [0mCreating hard links for all input files...[0m
[1;94m[*] [0mLoading extra dictionary from './WICHR/work/dict.txt' (level 0)...[0m
[1;92m[+] [0mLoaded 294 extra tokens, size range 2 B to 42 B.[0m
[1;93m[!] [1;97mWARNING: [0mSome tokens are relatively large (42 B) - consider trimming.[0m
[1;94m[*] [0mValidating target binary...[0m
[1;94m[*] [0mAttempting dry run with 'id:000000,orig:seed-0'...[0m
[1;94m[*] [0mSpinning up the fork server...[0m
here b4 207762
here after 207762 207763 
fs status= 4 [AFL] Forkserver up
[1;92m[+] [0mAll right - fork server is up.[0m
[1;90m    len = 15, map size = 1301, exec speed = 483894 us
[0m[1;93m[!] [1;97mWARNING: [0mInstrumentation output varies across runs.[0m
[1;94m[*] [0mAttempting dry run with 'id:000001,orig:seed-1'...[0m
[1;90m    len = 15, map size = 1301, exec speed = 478592 us
[0m[1;93m[!] [1;97mWARNING: [0mNo new instrumentation output, test case may be useless.[0m
[1;94m[*] [0mAttempting dry run with 'id:000002,orig:seed-2'...[0m
[1;90m    len = 246, map size = 1318, exec speed = 496327 us
[0m[1;94m[*] [0mAttempting dry run with 'id:000003,orig:seed-3'...[0m
[1;90m    len = 229, map size = 1310, exec speed = 489818 us
[0m[1;93m[!] [1;97mWARNING: [0mInstrumentation output varies across runs.[0m
[1;94m[*] [0mAttempting dry run with 'id:000004,orig:seed-4'...[0m
[1;90m    len = 271, map size = 1313, exec speed = 486667 us
[0m[1;94m[*] [0mAttempting dry run with 'id:000005,orig:seed-5'...[0m
[1;90m    len = 249, map size = 1318, exec speed = 485240 us
[0m[1;94m[*] [0mAttempting dry run with 'id:000006,orig:seed-6'...[0m
[1;90m    len = 215, map size = 1310, exec speed = 490127 us
[0m[1;94m[*] [0mAttempting dry run with 'id:000007,orig:seed-7'...[0m
[1;90m    len = 277, map size = 1316, exec speed = 494401 us
[0m[1;94m[*] [0mAttempting dry run with 'id:000008,orig:seed-8'...[0m
[1;90m    len = 248, map size = 1316, exec speed = 491158 us
[0m[1;94m[*] [0mAttempting dry run with 'id:000009,orig:seed-9'...[0m
[1;90m    len = 238, map size = 1315, exec speed = 491225 us
[0m[1;93m[!] [1;97mWARNING: [0mNo new instrumentation output, test case may be useless.[0m
[1;93m[!] [1;97mWARNING: [0mInstrumentation output varies across runs.[0m
[1;92m[+] [0mAll test cases processed.[0m

[1;93m[!] [1;97mWARNING: [0m[1;91mThe target binary is pretty slow! See docs/perf_tips.txt.[0m
[1;93m[!] [1;97mWARNING: [0m[1;91mSome test cases look useless. Consider using a smaller set.[0m
[1;92m[+] [0mHere are some useful stats:

[1;90m    Test case count : [0m5 favored, 3 variable, 10 total
[1;90m       Bitmap range : [0m1301 to 1318 bits (average: 1311.80 bits)
[1;90m        Exec timing : [0m478k to 496k us (average: 487k us)
[0m
[1;92m[+] [0mAll set and ready to roll![0m
[1;94m[*] [0mEntering queue cycle 1.[0m
[1;94m[*] [0mFuzzing test case #1 (10 total, 0 uniq crashes found)...[0m
