PHP Warning:  "continue" targeting switch is equivalent to "break". Did you mean to use "continue 2"? in /var/www/openemr/vendor/doctrine/orm/lib/Doctrine/ORM/UnitOfWork.php on line 2627
PHP Warning:  "continue" targeting switch is equivalent to "break". Did you mean to use "continue 2"? in /var/www/openemr/vendor/doctrine/orm/lib/Doctrine/ORM/UnitOfWork.php on line 2656
PHP Notice:  Undefined index: basePath in /var/www/openemr/library/core/src/Header.php on line 158
PHP Notice:  Undefined variable: form_id in /var/www/openemr/library/validation/validation_script.js.php on line 67
PHP Notice:  Undefined variable: my_fid in /var/www/openemr/interface/usergroup/facility_admin.php on line 164
PHP Notice:  Undefined variable: my_fid in /var/www/openemr/interface/usergroup/facility_admin.php on line 165
PHP Notice:  Undefined variable: my_fid in /var/www/openemr/interface/usergroup/facility_admin.php on line 233
PHP Warning:  "continue" targeting switch is equivalent to "break". Did you mean to use "continue 2"? in /var/www/openemr/vendor/doctrine/orm/lib/Doctrine/ORM/UnitOfWork.php on line 2627
PHP Warning:  "continue" targeting switch is equivalent to "break". Did you mean to use "continue 2"? in /var/www/openemr/vendor/doctrine/orm/lib/Doctrine/ORM/UnitOfWork.php on line 2656
PHP Notice:  Undefined index: basePath in /var/www/openemr/library/core/src/Header.php on line 158
PHP Notice:  Undefined variable: form_id in /var/www/openemr/library/validation/validation_script.js.php on line 67
PHP Notice:  Undefined variable: my_fid in /var/www/openemr/interface/usergroup/facility_admin.php on line 164
PHP Notice:  Undefined variable: my_fid in /var/www/openemr/interface/usergroup/facility_admin.php on line 165
PHP Notice:  Undefined variable: my_fid in /var/www/openemr/interface/usergroup/facility_admin.php on line 233
PHP Warning:  "continue" targeting switch is equivalent to "break". Did you mean to use "continue 2"? in /var/www/openemr/vendor/doctrine/orm/lib/Doctrine/ORM/UnitOfWork.php on line 2627
PHP Warning:  "continue" targeting switch is equivalent to "break". Did you mean to use "continue 2"? in /var/www/openemr/vendor/doctrine/orm/lib/Doctrine/ORM/UnitOfWork.php on line 2656
PHP Notice:  Undefined index: basePath in /var/www/openemr/library/core/src/Header.php on line 158
PHP Notice:  Undefined variable: form_id in /var/www/openemr/library/validation/validation_script.js.php on line 67
PHP Notice:  Undefined variable: my_fid in /var/www/openemr/interface/usergroup/facility_admin.php on line 164
PHP Notice:  Undefined variable: my_fid in /var/www/openemr/interface/usergroup/facility_admin.php on line 165
PHP Notice:  Undefined variable: my_fid in /var/www/openemr/interface/usergroup/facility_admin.php on line 233
PHP Warning:  "continue" targeting switch is equivalent to "break". Did you mean to use "continue 2"? in /var/www/openemr/vendor/doctrine/orm/lib/Doctrine/ORM/UnitOfWork.php on line 2627
PHP Warning:  "continue" targeting switch is equivalent to "break". Did you mean to use "continue 2"? in /var/www/openemr/vendor/doctrine/orm/lib/Doctrine/ORM/UnitOfWork.php on line 2656
PHP Notice:  Undefined index: basePath in /var/www/openemr/library/core/src/Header.php on line 158
PHP Notice:  Undefined variable: form_id in /var/www/openemr/library/validation/validation_script.js.php on line 67
PHP Notice:  Undefined variable: my_fid in /var/www/openemr/interface/usergroup/facility_admin.php on line 164
PHP Notice:  Undefined variable: my_fid in /var/www/openemr/interface/usergroup/facility_admin.php on line 165
PHP Notice:  Undefined variable: my_fid in /var/www/openemr/interface/usergroup/facility_admin.php on line 233
PHP Warning:  "continue" targeting switch is equivalent to "break". Did you mean to use "continue 2"? in /var/www/openemr/vendor/doctrine/orm/lib/Doctrine/ORM/UnitOfWork.php on line 2627
PHP Warning:  "continue" targeting switch is equivalent to "break". Did you mean to use "continue 2"? in /var/www/openemr/vendor/doctrine/orm/lib/Doctrine/ORM/UnitOfWork.php on line 2656
PHP Notice:  Undefined index: basePath in /var/www/openemr/library/core/src/Header.php on line 158
PHP Notice:  Undefined variable: form_id in /var/www/openemr/library/validation/validation_script.js.php on line 67
PHP Notice:  Undefined variable: my_fid in /var/www/openemr/interface/usergroup/facility_admin.php on line 164
PHP Notice:  Undefined variable: my_fid in /var/www/openemr/interface/usergroup/facility_admin.php on line 165
PHP Notice:  Undefined variable: my_fid in /var/www/openemr/interface/usergroup/facility_admin.php on line 233
PHP Warning:  "continue" targeting switch is equivalent to "break". Did you mean to use "continue 2"? in /var/www/openemr/vendor/doctrine/orm/lib/Doctrine/ORM/UnitOfWork.php on line 2627
PHP Warning:  "continue" targeting switch is equivalent to "break". Did you mean to use "continue 2"? in /var/www/openemr/vendor/doctrine/orm/lib/Doctrine/ORM/UnitOfWork.php on line 2656
PHP Notice:  Undefined index: basePath in /var/www/openemr/library/core/src/Header.php on line 158
PHP Notice:  Undefined variable: form_id in /var/www/openemr/library/validation/validation_script.js.php on line 67
PHP Notice:  Undefined variable: my_fid in /var/www/openemr/interface/usergroup/facility_admin.php on line 164
PHP Notice:  Undefined variable: my_fid in /var/www/openemr/interface/usergroup/facility_admin.php on line 165
PHP Notice:  Undefined variable: my_fid in /var/www/openemr/interface/usergroup/facility_admin.php on line 233
PHP Warning:  "continue" targeting switch is equivalent to "break". Did you mean to use "continue 2"? in /var/www/openemr/vendor/doctrine/orm/lib/Doctrine/ORM/UnitOfWork.php on line 2627
PHP Warning:  "continue" targeting switch is equivalent to "break". Did you mean to use "continue 2"? in /var/www/openemr/vendor/doctrine/orm/lib/Doctrine/ORM/UnitOfWork.php on line 2656
PHP Notice:  Undefined index: basePath in /var/www/openemr/library/core/src/Header.php on line 158
PHP Notice:  Undefined variable: form_id in /var/www/openemr/library/validation/validation_script.js.php on line 67
PHP Notice:  Undefined variable: my_fid in /var/www/openemr/interface/usergroup/facility_admin.php on line 164
PHP Notice:  Undefined variable: my_fid in /var/www/openemr/interface/usergroup/facility_admin.php on line 165
PHP Notice:  Undefined variable: my_fid in /var/www/openemr/interface/usergroup/facility_admin.php on line 233
PHP Warning:  "continue" targeting switch is equivalent to "break". Did you mean to use "continue 2"? in /var/www/openemr/vendor/doctrine/orm/lib/Doctrine/ORM/UnitOfWork.php on line 2627
PHP Warning:  "continue" targeting switch is equivalent to "break". Did you mean to use "continue 2"? in /var/www/openemr/vendor/doctrine/orm/lib/Doctrine/ORM/UnitOfWork.php on line 2656
PHP Notice:  Undefined index: basePath in /var/www/openemr/library/core/src/Header.php on line 158
PHP Notice:  Undefined variable: form_id in /var/www/openemr/library/validation/validation_script.js.php on line 67
PHP Notice:  Undefined variable: my_fid in /var/www/openemr/interface/usergroup/facility_admin.php on line 164
PHP Notice:  Undefined variable: my_fid in /var/www/openemr/interface/usergroup/facility_admin.php on line 165
PHP Notice:  Undefined variable: my_fid in /var/www/openemr/interface/usergroup/facility_admin.php on line 233
PHP Warning:  "continue" targeting switch is equivalent to "break". Did you mean to use "continue 2"? in /var/www/openemr/vendor/doctrine/orm/lib/Doctrine/ORM/UnitOfWork.php on line 2627
PHP Warning:  "continue" targeting switch is equivalent to "break". Did you mean to use "continue 2"? in /var/www/openemr/vendor/doctrine/orm/lib/Doctrine/ORM/UnitOfWork.php on line 2656
PHP Notice:  Undefined index: basePath in /var/www/openemr/library/core/src/Header.php on line 158
PHP Notice:  Undefined variable: form_id in /var/www/openemr/library/validation/validation_script.js.php on line 67
PHP Notice:  Undefined variable: my_fid in /var/www/openemr/interface/usergroup/facility_admin.php on line 164
PHP Notice:  Undefined variable: my_fid in /var/www/openemr/interface/usergroup/facility_admin.php on line 165
PHP Notice:  Undefined variable: my_fid in /var/www/openemr/interface/usergroup/facility_admin.php on line 233
PHP Warning:  "continue" targeting switch is equivalent to "break". Did you mean to use "continue 2"? in /var/www/openemr/vendor/doctrine/orm/lib/Doctrine/ORM/UnitOfWork.php on line 2627
PHP Warning:  "continue" targeting switch is equivalent to "break". Did you mean to use "continue 2"? in /var/www/openemr/vendor/doctrine/orm/lib/Doctrine/ORM/UnitOfWork.php on line 2656
PHP Notice:  Undefined index: basePath in /var/www/openemr/library/core/src/Header.php on line 158
PHP Notice:  Undefined variable: form_id in /var/www/openemr/library/validation/validation_script.js.php on line 67
PHP Notice:  Undefined variable: my_fid in /var/www/openemr/interface/usergroup/facility_admin.php on line 164
PHP Notice:  Undefined variable: my_fid in /var/www/openemr/interface/usergroup/facility_admin.php on line 165
PHP Notice:  Undefined variable: my_fid in /var/www/openemr/interface/usergroup/facility_admin.php on line 233
PHP Warning:  "continue" targeting switch is equivalent to "break". Did you mean to use "continue 2"? in /var/www/openemr/vendor/doctrine/orm/lib/Doctrine/ORM/UnitOfWork.php on line 2627
PHP Warning:  "continue" targeting switch is equivalent to "break". Did you mean to use "continue 2"? in /var/www/openemr/vendor/doctrine/orm/lib/Doctrine/ORM/UnitOfWork.php on line 2656
PHP Notice:  Undefined index: basePath in /var/www/openemr/library/core/src/Header.php on line 158
PHP Notice:  Undefined variable: form_id in /var/www/openemr/library/validation/validation_script.js.php on line 67
PHP Notice:  Undefined variable: my_fid in /var/www/openemr/interface/usergroup/facility_admin.php on line 164
PHP Notice:  Undefined variable: my_fid in /var/www/openemr/interface/usergroup/facility_admin.php on line 165
PHP Notice:  Undefined variable: my_fid in /var/www/openemr/interface/usergroup/facility_admin.php on line 233
PHP Warning:  "continue" targeting switch is equivalent to "break". Did you mean to use "continue 