PHP Notice:  Undefined index: patient_portal_onsite_two in /var/www/openemr/portal/account/account.php on line 13
PHP Warning:  ini_set(): A session is active. You cannot change the session module's ini settings at this time in /var/www/openemr/interface/globals.php on line 43
PHP Warning:  ini_set(): A session is active. You cannot change the session module's ini settings at this time in /var/www/openemr/interface/globals.php on line 92
PHP Warning:  session_name(): Cannot change session name when session is active in /var/www/openemr/interface/globals.php on line 93
PHP Notice:  session_start(): A session had already been started - ignoring in /var/www/openemr/interface/globals.php on line 95
PHP Notice:  Undefined index: patient_portal_onsite_two in /var/www/openemr/portal/account/account.php on line 13
PHP Warning:  ini_set(): A session is active. You cannot change the session module's ini settings at this time in /var/www/openemr/interface/globals.php on line 43
PHP Warning:  ini_set(): A session is active. You cannot change the session module's ini settings at this time in /var/www/openemr/interface/globals.php on line 92
PHP Warning:  session_name(): Cannot change session name when session is active in /var/www/openemr/interface/globals.php on line 93
PHP Notice:  session_start(): A session had already been started - ignoring in /var/www/openemr/interface/globals.php on line 95
PHP Notice:  Undefined index: patient_portal_onsite_two in /var/www/openemr/portal/account/account.php on line 13
PHP Warning:  ini_set(): A session is active. You cannot change the session module's ini settings at this time in /var/www/openemr/interface/globals.php on line 43
PHP Warning:  ini_set(): A session is active. You cannot change the session module's ini settings at this time in /var/www/openemr/interface/globals.php on line 92
PHP Warning:  session_name(): Cannot change session name when session is active in /var/www/openemr/interface/globals.php on line 93
PHP Notice:  session_start(): A session had already been started - ignoring in /var/www/openemr/interface/globals.php on line 95
PHP Notice:  Undefined index: patient_portal_onsite_two in /var/www/openemr/portal/account/account.php on line 13
PHP Warning:  ini_set(): A session is active. You cannot change the session module's ini settings at this time in /var/www/openemr/interface/globals.php on line 43
PHP Warning:  ini_set(): A session is active. You cannot change the session module's ini settings at this time in /var/www/openemr/interface/globals.php on line 92
PHP Warning:  session_name(): Cannot change session name when session is active in /var/www/openemr/interface/globals.php on line 93
PHP Notice:  session_start(): A session had already been started - ignoring in /var/www/openemr/interface/globals.php on line 95
PHP Notice:  Undefined index: patient_portal_onsite_two in /var/www/openemr/portal/account/account.php on line 13
PHP Warning:  ini_set(): A session is active. You cannot change the session module's ini settings at this time in /var/www/openemr/interface/globals.php on line 43
PHP Warning:  ini_set(): A session is active. You cannot change the session module's ini settings at this time in /var/www/openemr/interface/globals.php on line 92
PHP Warning:  session_name(): Cannot change session name when session is active in /var/www/openemr/interface/globals.php on line 93
PHP Notice:  session_start(): A session had already been started - ignoring in /var/www/openemr/interface/globals.php on line 95
PHP Notice:  Undefined index: patient_portal_onsite_two in /var/www/openemr/portal/account/account.php on line 13
PHP Warning:  ini_set(): A session is active. You cannot change the session module's ini settings at this time in /var/www/openemr/interface/globals.php on line 43
PHP Warning:  ini_set(): A session is active. You cannot change the session module's ini settings at this time in /var/www/openemr/interface/globals.php on line 92
PHP Warning:  session_name(): Cannot change session name when session is active in /var/www/openemr/interface/globals.php on line 93
PHP Notice:  session_start(): A session had already been started - ignoring in /var/www/openemr/interface/globals.php on line 95
PHP Notice:  Undefined index: patient_portal_onsite_two in /var/www/openemr/portal/account/account.php on line 13
PHP Warning:  ini_set(): A session is active. You cannot change the session module's ini settings at this time in /var/www/openemr/interface/globals.php on line 43
PHP Warning:  ini_set(): A session is active. You cannot change the session module's ini settings at this time in /var/www/openemr/interface/globals.php on line 92
PHP Warning:  session_name(): Cannot change session name when session is active in /var/www/openemr/interface/globals.php on line 93
PHP Notice:  session_start(): A session had already been started - ignoring in /var/www/openemr/interface/globals.php on line 95
PHP Notice:  Undefined index: patient_portal_onsite_two in /var/www/openemr/portal/account/account.php on line 13
PHP Warning:  ini_set(): A session is active. You cannot change the session module's ini settings at this time in /var/www/openemr/interface/globals.php on line 43
PHP Warning:  ini_set(): A session is active. You cannot change the session module's ini settings at this time in /var/www/openemr/interface/globals.php on line 92
PHP Warning:  session_name(): Cannot change session name when session is active in /var/www/openemr/interface/globals.php on line 93
PHP Notice:  session_start(): A session had already been started - ignoring in /var/www/openemr/interface/globals.php on line 95
PHP Notice:  Undefined index: patient_portal_onsite_two in /var/www/openemr/portal/account/account.php on line 13
PHP Warning:  ini_set(): A session is active. You cannot change the session module's ini settings at this time in /var/www/openemr/interface/globals.php on line 43
PHP Warning:  ini_set(): A session is active. You cannot change the session module's ini settings at this time in /var/www/openemr/interface/globals.php on line 92
PHP Warning:  session_name(): Cannot change session name when session is active in /var/www/openemr/interface/globals.php on line 93
PHP Notice:  session_start(): A session had already been started - ignoring in /var/www/openemr/interface/globals.php on line 95
PHP Notice:  Undefined index: patient_portal_onsite_two in /var/www/openemr/portal/account/account.php on line 13
PHP Warning:  ini_set(): A session is active. You cannot change the session module's ini settings at this time in /var/www/openemr/interface/globals.php on line 43
PHP Warning:  ini_set(): A session is active. You cannot change the session module's ini settings at this time in /var/www/openemr/interface/globals.php on line 92
PHP Warning:  session_name(): Cannot change session name when session is active in /var/www/openemr/interface/globals.php on line 93
PHP Notice:  session_start(): A session had already been started - ignoring in /var/www/openemr/interface/globals.php on line 95
PHP Notice:  Undefined index: patient_portal_onsite_two in /var/www/openemr/portal/account/account.php on line 13
PHP Warning:  ini_set(): A session is active. You cannot change the session module's ini settings at this time in /var/www/openemr/interface/globals.php on line 43
PHP Warning:  ini_set(): A session is active. You cannot change the session module's ini settings at this time in /var/www/openemr/interface/globals.php on line 92
PHP Warning:  session_name(): Cannot change session name when session is active in /var/www/openemr/interface/globals.php on line 93
PHP Notice:  session_start(): A session had already been started - ignoring in /var/www/openemr/interface/globals.php on line 95
PHP Notice:  Undefined index: patient_portal_onsite_two in /var/www/openemr/portal/account/account.php on line 13
PHP Warning:  ini_set(): A session is active. You cannot change the session module's ini settings at this time in /var/www/openemr/interface/globals.php on line 43
PHP Warning:  ini_set(): A session is active. You cannot change the session module's ini settings at this time in /var/www/openemr/interface/globals.php on line 92
PHP Warning:  session_name(): Cannot change session name when session is active in /var/www/openemr/interface/globals.php on line 93
PHP Notice:  session_start(): A session had already been started - ignoring in /var/www/openemr/interface/globals.php on line 95
PHP Notice:  Undefined index: patient_portal_onsite_two in /var/www/openemr/portal/account/account.php on line 13
PHP Warning:  ini_set(): A session is active. You cannot change the session module's ini settings at this time in /var/www/openemr/interface/globals.php on line 43
PHP Warning:  ini_set(): A session is active. You cannot change the session module's ini settings at this time in /var/www/openemr/interface/globals.php on line 92
PHP Warning:  session_name(): Cannot change session name when session is active in /var/www/openemr/interface/globals.php on line 93
PHP Notice:  session_start(): A session had already been started - ignoring in /var/www/openemr/interface/globals.php on line 95
PHP Notice:  Undefined index: patient_portal_onsite_two in /var/www/openemr/portal/account/account.php on line 13
PHP Warning:  ini_set(): A session is active. You cannot change the session module's ini settings at this time in /var/www/openemr/interface/globals.php on line 43
PHP Warning:  ini_set(): A session is active. You cannot change the session module's ini settings at this time in /var/www/openemr/interface/globals.php on line 92
PHP Warning:  session_name(): Cannot change session name when session is active in /var/www/openemr/interface/globals.php on line 93
PHP Notice:  session_start(): A session had already been started - ignoring in /var/www/openemr/interface/globals.php on line 95
PHP Notice:  Undefined index: patient_portal_onsite_two in /var/www/openemr/portal/account/account.php on line 13
PHP Warning:  ini_set(): A session is active. You cannot change the session module's ini settings at this time in /var/www/openemr/interface/globals.php on line 43
PHP Warning:  ini_set(): A session is active. You cannot change the session module's ini settings at this 