[0;36mafl-fuzz [1;97m2.52b[0m by <lcamtuf@google.com>
[1;92m[+] [0mLooks like we're not running on a tty, so I'll be a bit less verbose.[0m
[1;92m[+] [0mYou have 128 CPU cores and 9 runnable tasks (utilization: 7%).[0m
[1;92m[+] [0mTry parallel jobs - see docs/parallel_fuzzing.txt.[0m
[1;93m[!] [1;97mWARNING: [0mSetting binding to 16[0m
[1;94m[*] [0mChecking core_pattern...[0m
[1;94m[*] [0mChecking CPU scaling governor...[0m
[1;94m[*] [0mUsing SHMID of '1'...[0m
shm_id=1 , tb[0]=6  0x7fd6216ea000
[1;94m[*] [0mSetting up output directories...[0m
[1;94m[*] [0mScanning './WICHR/work/initial_seeds'...[0m
[1;92m[+] [0mNo auto-generated dictionary tokens to reuse.[0m
[1;94m[*] [0mCreating hard links for all input files...[0m
[1;94m[*] [0mLoading extra dictionary from './WICHR/work/dict.txt' (level 0)...[0m
[1;92m[+] [0mLoaded 470 extra tokens, size range 3 B to 42 B.[0m
[1;93m[!] [1;97mWARNING: [0mSome tokens are relatively large (42 B) - consider trimming.[0m
[1;94m[*] [0mValidating target binary...[0m
[1;94m[*] [0mAttempting dry run with 'id:000000,orig:seed-0'...[0m
[1;94m[*] [0mSpinning up the fork server...[0m
here b4 28825
here after 28825 28826 
fs status= 4 [AFL] Forkserver up
[1;92m[+] [0mAll right - fork server is up.[0m
[1;90m    len = 69, map size = 101, exec speed = 70369 us
[0m[1;94m[*] [0mAttempting dry run with 'id:000001,orig:seed-1'...[0m
[1;90m    len = 61, map size = 101, exec speed = 69876 us
[0m[1;93m[!] [1;97mWARNING: [0mNo new instrumentation output, test case may be useless.[0m
[1;94m[*] [0mAttempting dry run with 'id:000002,orig:seed-10'...[0m
[1;90m    len = 72, map size = 101, exec speed = 73453 us
[0m[1;93m[!] [1;97mWARNING: [0mNo new instrumentation output, test case may be useless.[0m
[1;94m[*] [0mAttempting dry run with 'id:000003,orig:seed-11'...[0m
[1;90m    len = 57, map size = 101, exec speed = 70064 us
[0m[1;93m[!] [1;97mWARNING: [0mNo new instrumentation output, test case may be useless.[0m
[1;94m[*] [0mAttempting dry run with 'id:000004,orig:seed-12'...[0m
[1;90m    len = 81, map size = 101, exec speed = 72893 us
[0m[1;93m[!] [1;97mWARNING: [0mNo new instrumentation output, test case may be useless.[0m
[1;94m[*] [0mAttempting dry run with 'id:000005,orig:seed-13'...[0m
[1;90m    len = 79, map size = 101, exec speed = 69487 us
[0m[1;93m[!] [1;97mWARNING: [0mNo new instrumentation output, test case may be useless.[0m
[1;94m[*] [0mAttempting dry run with 'id:000006,orig:seed-14'...[0m
[1;90m    len = 67, map size = 101, exec speed = 69999 us
[0m[1;93m[!] [1;97mWARNING: [0mNo new instrumentation output, test case may be useless.[0m
[1;94m[*] [0mAttempting dry run with 'id:000007,orig:seed-2'...[0m
[1;90m    len = 82, map size = 101, exec speed = 71137 us
[0m[1;93m[!] [1;97mWARNING: [0mNo new instrumentation output, test case may be useless.[0m
[1;94m[*] [0mAttempting dry run with 'id:000008,orig:seed-3'...[0m
[1;90m    len = 78, map size = 101, exec speed = 70527 us
[0m[1;93m[!] [1;97mWARNING: [0mNo new instrumentation output, test case may be useless.[0m
[1;94m[*] [0mAttempting dry run with 'id:000009,orig:seed-4'...[0m
[1;90m    len = 80, map size = 101, exec speed = 73230 us
[0m[1;93m[!] [1;97mWARNING: [0mNo new instrumentation output, test case may be useless.[0m
[1;94m[*] [0mAttempting dry run with 'id:000010,orig:seed-5'...[0m
[1;90m    len = 85, map size = 101, exec speed = 70545 us
[0m[1;93m[!] [1;97mWARNING: [0mNo new instrumentation output, test case may be useless.[0m
[1;94m[*] [0mAttempting dry run with 'id:000011,orig:seed-6'...[0m
[1;90m    len = 86, map size = 101, exec speed = 70632 us
[0m[1;93m[!] [1;97mWARNING: [0mNo new instrumentation output, test case may be useless.[0m
[1;94m[*] [0mAttempting dry run with 'id:000012,orig:seed-7'...[0m
[1;90m    len = 78, map size = 101, exec speed = 71990 us
[0m[1;93m[!] [1;97mWARNING: [0mNo new instrumentation output, test case may be useless.[0m
[1;94m[*] [0mAttempting dry run with 'id:000013,orig:seed-8'...[0m
[1;90m    len = 66, map size = 101, exec speed = 69028 us
[0m[1;93m[!] [1;97mWARNING: [0mNo new instrumentation output, test case may be useless.[0m
[1;94m[*] [0mAttempting dry run with 'id:000014,orig:seed-9'...[0m
[1;90m    len = 83, map size = 101, exec speed = 70069 us
[0m[1;93m[!] [1;97mWARNING: [0mNo new instrumentation output, test case may be useless.[0m
[1;92m[+] [0mAll test cases processed.[0m

[1;93m[!] [1;97mWARNING: [0m[1;91mThe target binary is pretty slow! See docs/perf_tips.txt.[0m
[1;93m[!] [1;97mWARNING: [0m[1;91mSome test cases look useless. Consider using a smaller set.[0m
[1;92m[+] [0mHere are some useful stats:

[1;90m    Test case count : [0m1 favored, 0 variable, 15 total
[1;90m       Bitmap range : [0m101 to 101 bits (average: 101.00 bits)
[1;90m        Exec timing : [0m69.0k to 73.5k us (average: 70.9k us)
[0m
[1;92m[+] [0mAll set and ready to roll![0m
[1;94m[*] [0mEntering queue cycle 1.[0m
[1;94m[*] [0mFuzzing test case #3 (15 total, 0 uniq crashes found)...[0m
[1;94m[*] [0mEntering queue cycle 2.[0m
[1;94m[*] [0mFuzzing test case #3 (15 total, 0 uniq crashes found)...[0m
[1;94m[*] [0mFuzzing test case #4 (15 total, 0 uniq crashes found)...[0m
[1;94m[*] [0mFuzzing test case #5 (15 total, 0 uniq crashes found)...[0m
[1;94m[*] [0mFuzzing test case #8 (15 total, 0 uniq crashes found)...[0m
[1;94m[*] [0mFuzzing test case #12 (15 total, 0 uniq crashes found)...[0m
