PHP Warning:  "continue" targeting switch is equivalent to "break". Did you mean to use "continue 2"? in /var/www/openemr/vendor/doctrine/orm/lib/Doctrine/ORM/UnitOfWork.php on line 2627
PHP Warning:  "continue" targeting switch is equivalent to "break". Did you mean to use "continue 2"? in /var/www/openemr/vendor/doctrine/orm/lib/Doctrine/ORM/UnitOfWork.php on line 2656
PHP Notice:  Undefined index: backup_list in /var/www/openemr/library/options.inc.php on line 2450
PHP Notice:  Undefined index: backup_list in /var/www/openemr/library/options.inc.php on line 2450
PHP Notice:  Undefined index: backup_list in /var/www/openemr/library/options.inc.php on line 2450
PHP Notice:  Undefined index: edit_options in /var/www/openemr/library/options.inc.php on line 2472
PHP Notice:  Undefined index: edit_options in /var/www/openemr/library/options.inc.php on line 68
PHP Notice:  Undefined index: edit_options in /var/www/openemr/library/options.inc.php on line 70
PHP Notice:  Undefined index: backup_list in /var/www/openemr/library/options.inc.php on line 2450
PHP Warning:  "continue" targeting switch is equivalent to "break". Did you mean to use "continue 2"? in /var/www/openemr/vendor/doctrine/orm/lib/Doctrine/ORM/UnitOfWork.php on line 2627
PHP Warning:  "continue" targeting switch is equivalent to "break". Did you mean to use "continue 2"? in /var/www/openemr/vendor/doctrine/orm/lib/Doctrine/ORM/UnitOfWork.php on line 2656
PHP Notice:  Undefined index: backup_list in /var/www/openemr/library/options.inc.php on line 2450
PHP Notice:  Undefined index: backup_list in /var/www/openemr/library/options.inc.php on line 2450
PHP Notice:  Undefined index: backup_list in /var/www/openemr/library/options.inc.php on line 2450
PHP Notice:  Undefined index: edit_options in /var/www/openemr/library/options.inc.php on line 2472
PHP Notice:  Undefined index: edit_options in /var/www/openemr/library/options.inc.php on line 68
PHP Notice:  Undefined index: edit_options in /var/www/openemr/library/options.inc.php on line 70
PHP Notice:  Undefined index: backup_list in /var/www/openemr/library/options.inc.php on line 2450
PHP Warning:  "continue" targeting switch is equivalent to "break". Did you mean to use "continue 2"? in /var/www/openemr/vendor/doctrine/orm/lib/Doctrine/ORM/UnitOfWork.php on line 2627
PHP Warning:  "continue" targeting switch is equivalent to "break". Did you mean to use "continue 2"? in /var/www/openemr/vendor/doctrine/orm/lib/Doctrine/ORM/UnitOfWork.php on line 2656
PHP Notice:  Undefined index: backup_list in /var/www/openemr/library/options.inc.php on line 2450
PHP Notice:  Undefined index: backup_list in /var/www/openemr/library/options.inc.php on line 2450
PHP Notice:  Undefined index: backup_list in /var/www/openemr/library/options.inc.php on line 2450
PHP Notice:  Undefined index: edit_options in /var/www/openemr/library/options.inc.php on line 2472
PHP Notice:  Undefined index: edit_options in /var/www/openemr/library/options.inc.php on line 68
PHP Notice:  Undefined index: edit_options in /var/www/openemr/library/options.inc.php on line 70
PHP Notice:  Undefined index: backup_list in /var/www/openemr/library/options.inc.php on line 2450
PHP Warning:  "continue" targeting switch is equivalent to "break". Did you mean to use "continue 2"? in /var/www/openemr/vendor/doctrine/orm/lib/Doctrine/ORM/UnitOfWork.php on line 2627
PHP Warning:  "continue" targeting switch is equivalent to "break". Did you mean to use "continue 2"? in /var/www/openemr/vendor/doctrine/orm/lib/Doctrine/ORM/UnitOfWork.php on line 2656
PHP Notice:  Undefined index: backup_list in /var/www/openemr/library/options.inc.php on line 2450
PHP Notice:  Undefined index: backup_list in /var/www/openemr/library/options.inc.php on line 2450
PHP Notice:  Undefined index: backup_list in /var/www/openemr/library/options.inc.php on line 2450
PHP Notice:  Undefined index: edit_options in /var/www/openemr/library/options.inc.php on line 2472
PHP Notice:  Undefined index: edit_options in /var/www/openemr/library/options.inc.php on line 68
PHP Notice:  Undefined index: edit_options in /var/www/openemr/library/options.inc.php on line 70
PHP Notice:  Undefined index: backup_list in /var/www/openemr/library/options.inc.php on line 2450
PHP Warning:  "continue" targeting switch is equivalent to "break". Did you mean to use "continue 2"? in /var/www/openemr/vendor/doctrine/orm/lib/Doctrine/ORM/UnitOfWork.php on line 2627
PHP Warning:  "continue" targeting switch is equivalent to "break". Did you mean to use "continue 2"? in /var/www/openemr/vendor/doctrine/orm/lib/Doctrine/ORM/UnitOfWork.php on line 2656
PHP Notice:  Undefined index: backup_list in /var/www/openemr/library/options.inc.php on line 2450
PHP Notice:  Undefined index: backup_list in /var/www/openemr/library/options.inc.php on line 2450
PHP Notice:  Undefined index: backup_list in /var/www/openemr/library/options.inc.php on line 2450
PHP Notice:  Undefined index: edit_options in /var/www/openemr/library/options.inc.php on line 2472
PHP Notice:  Undefined index: edit_options in /var/www/openemr/library/options.inc.php on line 68
PHP Notice:  Undefined index: edit_options in /var/www/openemr/library/options.inc.php on line 70
PHP Notice:  Undefined index: backup_list in /var/www/openemr/library/options.inc.php on line 2450
PHP Warning:  "continue" targeting switch is equivalent to "break". Did you mean to use "continue 2"? in /var/www/openemr/vendor/doctrine/orm/lib/Doctrine/ORM/UnitOfWork.php on line 2627
PHP Warning:  "continue" targeting switch is equivalent to "break". Did you mean to use "continue 2"? in /var/www/openemr/vendor/doctrine/orm/lib/Doctrine/ORM/UnitOfWork.php on line 2656
PHP Notice:  Undefined index: backup_list in /var/www/openemr/library/options.inc.php on line 2450
PHP Notice:  Undefined index: backup_list in /var/www/openemr/library/options.inc.php on line 2450
PHP Notice:  Undefined index: backup_list in /var/www/openemr/library/options.inc.php on line 2450
PHP Notice:  Undefined index: edit_options in /var/www/openemr/library/options.inc.php on line 2472
PHP Notice:  Undefined index: edit_options in /var/www/openemr/library/options.inc.php on line 68
PHP Notice:  Undefined index: edit_options in /var/www/openemr/library/options.inc.php on line 70
PHP Notice:  Undefined index: backup_list in /var/www/openemr/library/options.inc.php on line 2450
PHP Warning:  "continue" targeting switch is equivalent to "break". Did you mean to use "continue 2"? in /var/www/openemr/vendor/doctrine/orm/lib/Doctrine/ORM/UnitOfWork.php on line 2627
PHP Warning:  "continue" targeting switch is equivalent to "break". Did you mean to use "continue 2"? in /var/www/openemr/vendor/doctrine/orm/lib/Doctrine/ORM/UnitOfWork.php on line 2656
PHP Notice:  Undefined index: backup_list in /var/www/openemr/library/options.inc.php on line 2450
PHP Notice:  Undefined index: backup_list in /var/www/openemr/library/options.inc.php on line 2450
PHP Notice:  Undefined index: backup_list in /var/www/openemr/library/options.inc.php on line 2450
PHP Notice:  Undefined index: edit_options in /var/www/openemr/library/options.inc.php on line 2472
PHP Notice:  Undefined index: edit_options in /var/www/openemr/library/options.inc.php on line 68
PHP Notice:  Undefined index: edit_options in /var/www/openemr/library/options.inc.php on line 70
PHP Notice:  Undefined index: backup_list in /var/www/openemr/library/options.inc.php on line 2450
PHP Warning:  "continue" targeting switch is equivalent to "break". Did you mean to use "continue 2"? in /var/www/openemr/vendor/doctrine/orm/lib/Doctrine/ORM/UnitOfWork.php on line 2627
PHP Warning:  "continue" targeting switch is equivalent to "break". Did you mean to use "continue 2"? in /var/www/openemr/vendor/doctrine/orm/lib/Doctrine/ORM/UnitOfWork.php on line 2656
PHP Notice:  Undefined index: backup_list in /var/www/openemr/library/options.inc.php on line 2450
PHP Notice:  Undefined index: backup_list in /var/www/openemr/library/options.inc.php on line 2450
PHP Notice:  Undefined index: backup_list in /var/www/openemr/library/options.inc.php on line 2450
PHP Notice:  Undefined index: edit_options in /var/www/openemr/library/options.inc.php on line 2472
PHP Notice:  Undefined index: edit_options in /var/www/openemr/library/options.inc.php on line 68
PHP Notice:  Undefined index: edit_options in /var/www/openemr/library/options.inc.php on line 70
PHP Notice:  Undefined index: backup_list in /var/www/openemr/library/options.inc.php on line 2450
PHP Warning:  "continue" targeting switch is equivalent to "break". Did you mean to use "continue 2"? in /var/www/openemr/vendor/doctrine/orm/lib/Doctrine/ORM/UnitOfWork.php on line 2627
PHP Warning:  "continue" targeting switch is equivalent to "break". Did you mean to use "continue 2"? in /var/www/openemr/vendor/doctrine/orm/lib/Doctrine/ORM/UnitOfWork.php on line 2656
PHP Notice:  Undefined index: sSearch_0 in /var/www/openemr/interface/main/finder/dynamic_finder_ajax.php on line 76
ERROR: OpenEMR SQL Escaping ERROR of the following string: pubpegex_0=false
PHP Warning:  "continue" targeting switch is equivalent to "break". Did you mean to use "continue 2"? in /var/www/openemr/vendor/doctrine/orm/lib/Doctrine/ORM/UnitOfWork.php on line 2627
PHP Warning:  "continue" targeting switch is equivalent to "break". Did you mean to use "continue 2"? in /var/www/openemr/vendor/doctrine/orm/lib/Doctrine/ORM/UnitOfWork.php on line 2656
PHP Notice:  Undefined index: bSortable_0 in /var/www/openemr/interface/main/finder/dynamic_finder_ajax.php on line 36
PHP Notice:  Undefined index: sSearch_1 in /var/www/openemr/interface/main/finder/dynamic_finder_ajax.php on line 76
PHP Notice:  Undefined index: backup_list in /var/www/openemr/library/options.inc.php on line 2450
PHP Notice:  Undefined index: backup_list in /var/www/openemr/library/options.inc.php on line 2450
PHP Notice:  Undefined index: backup_list in /var/www/openemr/library/options.inc.php on line 2450
PHP Notice:  Undefined index: edit_options in /var/www/openemr/library/options.inc.php on line 2472
PHP Notice:  Undefined index: edit_options in /var/www/openemr/library/options.inc.php on line 68
PHP Notice:  Undefined index: edit_optio