PHP Warning:  "continue" targeting switch is equivalent to "break". Did you mean to use "continue 2"? in /var/www/openemr/vendor/doctrine/orm/lib/Doctrine/ORM/UnitOfWork.php on line 2627
PHP Warning:  "continue" targeting switch is equivalent to "break". Did you mean to use "continue 2"? in /var/www/openemr/vendor/doctrine/orm/lib/Doctrine/ORM/UnitOfWork.php on line 2656
PHP Notice:  Undefined index: set_pid in /var/www/openemr/interface/orders/orders_results.php on line 47
PHP Notice:  Undefined index: form_submit in /var/www/openemr/interface/orders/orders_results.php on line 87
PHP Notice:  Undefined index: form_all in /var/www/openemr/interface/orders/orders_results.php on line 381
PHP Notice:  Undefined variable: extra_html in /var/www/openemr/interface/orders/orders_results.php on line 791
PHP Warning:  "continue" targeting switch is equivalent to "break". Did you mean to use "continue 2"? in /var/www/openemr/vendor/doctrine/orm/lib/Doctrine/ORM/UnitOfWork.php on line 2627
PHP Warning:  "continue" targeting switch is equivalent to "break". Did you mean to use "continue 2"? in /var/www/openemr/vendor/doctrine/orm/lib/Doctrine/ORM/UnitOfWork.php on line 2656
PHP Notice:  Undefined index: set_pid in /var/www/openemr/interface/orders/orders_results.php on line 47
PHP Notice:  Undefined index: form_submit in /var/www/openemr/interface/orders/orders_results.php on line 87
PHP Notice:  Undefined index: form_all in /var/www/openemr/interface/orders/orders_results.php on line 381
PHP Notice:  Undefined variable: extra_html in /var/www/openemr/interface/orders/orders_results.php on line 791
PHP Warning:  "continue" targeting switch is equivalent to "break". Did you mean to use "continue 2"? in /var/www/openemr/vendor/doctrine/orm/lib/Doctrine/ORM/UnitOfWork.php on line 2627
PHP Warning:  "continue" targeting switch is equivalent to "break". Did you mean to use "continue 2"? in /var/www/openemr/vendor/doctrine/orm/lib/Doctrine/ORM/UnitOfWork.php on line 2656
PHP Notice:  Undefined index: set_pid in /var/www/openemr/interface/orders/orders_results.php on line 47
PHP Notice:  Undefined index: form_submit in /var/www/openemr/interface/orders/orders_results.php on line 87
PHP Notice:  Undefined index: form_all in /var/www/openemr/interface/orders/orders_results.php on line 381
PHP Notice:  Undefined variable: extra_html in /var/www/openemr/interface/orders/orders_results.php on line 791
PHP Warning:  "continue" targeting switch is equivalent to "break". Did you mean to use "continue 2"? in /var/www/openemr/vendor/doctrine/orm/lib/Doctrine/ORM/UnitOfWork.php on line 2627
PHP Warning:  "continue" targeting switch is equivalent to "break". Did you mean to use "continue 2"? in /var/www/openemr/vendor/doctrine/orm/lib/Doctrine/ORM/UnitOfWork.php on line 2656
PHP Notice:  Undefined index: set_pid in /var/www/openemr/interface/orders/orders_results.php on line 47
PHP Notice:  Undefined index: form_submit in /var/www/openemr/interface/orders/orders_results.php on line 87
PHP Notice:  Undefined index: form_all in /var/www/openemr/interface/orders/orders_results.php on line 381
PHP Notice:  Undefined variable: extra_html in /var/www/openemr/interface/orders/orders_results.php on line 791
PHP Warning:  "continue" targeting switch is equivalent to "break". Did you mean to use "continue 2"? in /var/www/openemr/vendor/doctrine/orm/lib/Doctrine/ORM/UnitOfWork.php on line 2627
PHP Warning:  "continue" targeting switch is equivalent to "break". Did you mean to use "continue 2"? in /var/www/openemr/vendor/doctrine/orm/lib/Doctrine/ORM/UnitOfWork.php on line 2656
PHP Notice:  Undefined index: set_pid in /var/www/openemr/interface/orders/orders_results.php on line 47
PHP Notice:  Undefined index: form_submit in /var/www/openemr/interface/orders/orders_results.php on line 87
PHP Notice:  Undefined index: form_all in /var/www/openemr/interface/orders/orders_results.php on line 381
PHP Notice:  Undefined variable: extra_html in /var/www/openemr/interface/orders/orders_results.php on line 791
PHP Warning:  "continue" targeting switch is equivalent to "break". Did you mean to use "continue 2"? in /var/www/openemr/vendor/doctrine/orm/lib/Doctrine/ORM/UnitOfWork.php on line 2627
PHP Warning:  "continue" targeting switch is equivalent to "break". Did you mean to use "continue 2"? in /var/www/openemr/vendor/doctrine/orm/lib/Doctrine/ORM/UnitOfWork.php on line 2656
PHP Notice:  Undefined index: set_pid in /var/www/openemr/interface/orders/orders_results.php on line 47
PHP Notice:  Undefined index: form_submit in /var/www/openemr/interface/orders/orders_results.php on line 87
PHP Notice:  Undefined index: form_all in /var/www/openemr/interface/orders/orders_results.php on line 381
PHP Notice:  Undefined variable: extra_html in /var/www/openemr/interface/orders/orders_results.php on line 791
PHP Warning:  "continue" targeting switch is equivalent to "break". Did you mean to use "continue 2"? in /var/www/openemr/vendor/doctrine/orm/lib/Doctrine/ORM/UnitOfWork.php on line 2627
PHP Warning:  "continue" targeting switch is equivalent to "break". Did you mean to use "continue 2"? in /var/www/openemr/vendor/doctrine/orm/lib/Doctrine/ORM/UnitOfWork.php on line 2656
PHP Notice:  Undefined index: set_pid in /var/www/openemr/interface/orders/orders_results.php on line 47
PHP Notice:  Undefined index: form_submit in /var/www/openemr/interface/orders/orders_results.php on line 87
PHP Notice:  Undefined index: form_all in /var/www/openemr/interface/orders/orders_results.php on line 381
PHP Notice:  Undefined variable: extra_html in /var/www/openemr/interface/orders/orders_results.php on line 791
PHP Warning:  "continue" targeting switch is equivalent to "break". Did you mean to use "continue 2"? in /var/www/openemr/vendor/doctrine/orm/lib/Doctrine/ORM/UnitOfWork.php on line 2627
PHP Warning:  "continue" targeting switch is equivalent to "break". Did you mean to use "continue 2"? in /var/www/openemr/vendor/doctrine/orm/lib/Doctrine/ORM/UnitOfWork.php on line 2656
PHP Notice:  Undefined index: set_pid in /var/www/openemr/interface/orders/orders_results.php on line 47
PHP Notice:  Undefined index: form_submit in /var/www/openemr/interface/orders/orders_results.php on line 87
PHP Notice:  Undefined index: form_all in /var/www/openemr/interface/orders/orders_results.php on line 381
PHP Notice:  Undefined variable: extra_html in /var/www/openemr/interface/orders/orders_results.php on line 791
PHP Warning:  "continue" targeting switch is equivalent to "break". Did you mean to use "continue 2"? in /var/www/openemr/vendor/doctrine/orm/lib/Doctrine/ORM/UnitOfWork.php on line 2627
PHP Warning:  "continue" targeting switch is equivalent to "break". Did you mean to use "continue 2"? in /var/www/openemr/vendor/doctrine/orm/lib/Doctrine/ORM/UnitOfWork.php on line 2656
PHP Notice:  Undefined index: set_pid in /var/www/openemr/interface/orders/orders_results.php on line 47
PHP Notice:  Undefined index: form_submit in /var/www/openemr/interface/orders/orders_results.php on line 87
PHP Notice:  Undefined index: form_all in /var/www/openemr/interface/orders/orders_results.php on line 381
PHP Notice:  Undefined variable: extra_html in /var/www/openemr/interface/orders/orders_results.php on line 791
PHP Warning:  "continue" targeting switch is equivalent to "break". Did you mean to use "continue 2"? in /var/www/openemr/vendor/doctrine/orm/lib/Doctrine/ORM/UnitOfWork.php on line 2627
PHP Warning:  "continue" targeting switch is equivalent to "break". Did you mean to use "continue 2"? in /var/www/openemr/vendor/doctrine/orm/lib/Doctrine/ORM/UnitOfWork.php on line 2656
PHP Notice:  Undefined index: set_pid in /var/www/openemr/interface/orders/orders_results.php on line 47
PHP Notice:  Undefined index: form_submit in /var/www/openemr/interface/orders/orders_results.php on line 87
PHP Notice:  Undefined index: form_all in /var/www/openemr/interface/orders/orders_results.php on line 381
PHP Notice:  Undefined variable: extra_html in /var/www/openemr/interface/orders/orders_results.php on line 791
PHP Warning:  "continue" targeting switch is equivalent to "break". Did you mean to use "continue 2"? in /var/www/openemr/vendor/doctrine/orm/lib/Doctrine/ORM/UnitOfWork.php on line 2627
PHP Warning:  "continue" targeting switch is equivalent to "break". Did you mean to use "continue 2"? in /var/www/openemr/vendor/doctrine/orm/lib/Doctrine/ORM/UnitOfWork.php on line 2656
PHP Notice:  Undefined index: set_pid in /var/www/openemr/interface/orders/orders_results.php on line 47
PHP Notice:  Undefined index: form_submit in /var/www/openemr/interface/orders/orders_results.php on line 87
PHP Notice:  Undefined index: form_all in /var/www/openemr/interface/orders/orders_results.php on line 381
PHP Notice:  Undefined variable: extra_html in /var/www/openemr/interface/orders/orders_results.php on line 791
PHP Warning:  "continue" targeting switch is equivalent to "break". Did you mean to use "continue 2"? in /var/www/openemr/vendor/doctrine/orm/lib/Doctrine/ORM/UnitOfWork.php on line 2627
PHP Warning:  "continue" targeting switch is equivalent to "break". Did you mean to use "continue 2"? in /var/www/openemr/vendor/doctrine/orm/lib/Doctrine/ORM/UnitOfWork.php on line 2656
PHP Notice:  Undefined index: set_pid in /var/www/openemr/interface/orders/orders_results.php on line 47
PHP Notice:  Undefined index: form_submit in /var/www/openemr/interface/orders/orders_results.php on line 87
PHP Notice:  Undefined index: form_all in /var/www/openemr/interface/orders/orders_results.php on line 381
PHP Notice:  Undefined variable: extra_html in /var/www/openemr/interface/orders/orders_results.php on line 791
PHP Warning:  "continue" targeting switch is equivalent to "break". Did you mean to use "continue 2"? in /var/www/openemr/vendor/doctrine/orm/lib/Doctrine/ORM/UnitOfWork.php on line 2627
PHP Warning:  "continue" targeting switch is equivalent to "break". Did you mean to use "continue 2"? in /var/www/openemr/vendor/doctrine/orm/lib/Doctrine/ORM/UnitOfWork.php on line 2656
PHP Notice:  Undefined index: set_pid in /var/www/openemr/interface/orders/orders_results.php on line 47
PHP Notice:  Undefined index: form_submit in /var/www/openemr/interface/order