[0;36mafl-fuzz [1;97m2.52b[0m by <lcamtuf@google.com>
[1;92m[+] [0mLooks like we're not running on a tty, so I'll be a bit less verbose.[0m
[1;92m[+] [0mYou have 128 CPU cores and 8 runnable tasks (utilization: 6%).[0m
[1;92m[+] [0mTry parallel jobs - see docs/parallel_fuzzing.txt.[0m
[1;93m[!] [1;97mWARNING: [0mSetting binding to 24[0m
[1;94m[*] [0mChecking core_pattern...[0m
[1;94m[*] [0mChecking CPU scaling governor...[0m
[1;94m[*] [0mUsing SHMID of '131619'...[0m
shm_id=131619 , tb[0]=6  0x7fe5a28b5000
[1;94m[*] [0mSetting up output directories...[0m
[1;94m[*] [0mScanning './WICHR/work/initial_seeds'...[0m
[1;92m[+] [0mNo auto-generated dictionary tokens to reuse.[0m
[1;94m[*] [0mCreating hard links for all input files...[0m
[1;94m[*] [0mLoading extra dictionary from './WICHR/work/dict.txt' (level 0)...[0m
[1;92m[+] [0mLoaded 1702 extra tokens, size range 4 B to 109 B.[0m
[1;93m[!] [1;97mWARNING: [0mSome tokens are relatively large (109 B) - consider trimming.[0m
[1;94m[*] [0mValidating target binary...[0m
[1;94m[*] [0mAttempting dry run with 'id:000000,orig:seed-0'...[0m
[1;94m[*] [0mSpinning up the fork server...[0m
here b4 490620
here after 490620 490621 
fs status= 4 [AFL] Forkserver up
[1;92m[+] [0mAll right - fork server is up.[0m
[1;90m    len = 265, map size = 2473, exec speed = 2641919 us
[0m[1;94m[*] [0mAttempting dry run with 'id:000001,orig:seed-1'...[0m
[1;90m    len = 33, map size = 2994, exec speed = 3128326 us
[0m[1;94m[*] [0mAttempting dry run with 'id:000002,orig:seed-2'...[0m
[1;90m    len = 248, map size = 2672, exec speed = 2815562 us
[0m[1;94m[*] [0mAttempting dry run with 'id:000003,orig:seed-3'...[0m
[1;90m    len = 94, map size = 2992, exec speed = 3150770 us
[0m[1;92m[+] [0mAll test cases processed.[0m

[1;93m[!] [1;97mWARNING: [0m[1;91mThe target binary is pretty slow! See docs/perf_tips.txt.[0m
[1;92m[+] [0mHere are some useful stats:

[1;90m    Test case count : [0m3 favored, 0 variable, 4 total
[1;90m       Bitmap range : [0m2473 to 2994 bits (average: 2782.75 bits)
[1;90m        Exec timing : [0m2.64M to 3.15M us (average: 2.93M us)
[0m
[1;92m[+] [0mAll set and ready to roll![0m
[1;94m[*] [0mEntering queue cycle 1.[0m
[1;94m[*] [0mFuzzing test case #0 (4 total, 0 uniq crashes found)...[0m
