PHP Warning:  "continue" targeting switch is equivalent to "break". Did you mean to use "continue 2"? in /var/www/openemr/vendor/doctrine/orm/lib/Doctrine/ORM/UnitOfWork.php on line 2627
PHP Warning:  "continue" targeting switch is equivalent to "break". Did you mean to use "continue 2"? in /var/www/openemr/vendor/doctrine/orm/lib/Doctrine/ORM/UnitOfWork.php on line 2656
PHP Notice:  Undefined index: language_direction in /var/www/openemr/library/core/src/Header.php on line 129
PHP Notice:  Undefined index: basePath in /var/www/openemr/library/core/src/Header.php on line 158
PHP Warning:  "continue" targeting switch is equivalent to "break". Did you mean to use "continue 2"? in /var/www/openemr/vendor/doctrine/orm/lib/Doctrine/ORM/UnitOfWork.php on line 2627
PHP Warning:  "continue" targeting switch is equivalent to "break". Did you mean to use "continue 2"? in /var/www/openemr/vendor/doctrine/orm/lib/Doctrine/ORM/UnitOfWork.php on line 2656
PHP Notice:  Undefined index: language_direction in /var/www/openemr/library/core/src/Header.php on line 129
PHP Notice:  Undefined index: basePath in /var/www/openemr/library/core/src/Header.php on line 158
PHP Warning:  "continue" targeting switch is equivalent to "break". Did you mean to use "continue 2"? in /var/www/openemr/vendor/doctrine/orm/lib/Doctrine/ORM/UnitOfWork.php on line 2627
PHP Warning:  "continue" targeting switch is equivalent to "break". Did you mean to use "continue 2"? in /var/www/openemr/vendor/doctrine/orm/lib/Doctrine/ORM/UnitOfWork.php on line 2656
PHP Notice:  Undefined index: language_direction in /var/www/openemr/library/core/src/Header.php on line 129
PHP Notice:  Undefined index: basePath in /var/www/openemr/library/core/src/Header.php on line 158
PHP Warning:  "continue" targeting switch is equivalent to "break". Did you mean to use "continue 2"? in /var/www/openemr/vendor/doctrine/orm/lib/Doctrine/ORM/UnitOfWork.php on line 2627
PHP Warning:  "continue" targeting switch is equivalent to "break". Did you mean to use "continue 2"? in /var/www/openemr/vendor/doctrine/orm/lib/Doctrine/ORM/UnitOfWork.php on line 2656
PHP Notice:  Undefined index: language_direction in /var/www/openemr/library/core/src/Header.php on line 129
PHP Notice:  Undefined index: basePath in /var/www/openemr/library/core/src/Header.php on line 158
PHP Warning:  "continue" targeting switch is equivalent to "break". Did you mean to use "continue 2"? in /var/www/openemr/vendor/doctrine/orm/lib/Doctrine/ORM/UnitOfWork.php on line 2627
PHP Warning:  "continue" targeting switch is equivalent to "break". Did you mean to use "continue 2"? in /var/www/openemr/vendor/doctrine/orm/lib/Doctrine/ORM/UnitOfWork.php on line 2656
PHP Notice:  Undefined index: language_direction in /var/www/openemr/library/core/src/Header.php on line 129
PHP Notice:  Undefined index: basePath in /var/www/openemr/library/core/src/Header.php on line 158
PHP Warning:  "continue" targeting switch is equivalent to "break". Did you mean to use "continue 2"? in /var/www/openemr/vendor/doctrine/orm/lib/Doctrine/ORM/UnitOfWork.php on line 2627
PHP Warning:  "continue" targeting switch is equivalent to "break". Did you mean to use "continue 2"? in /var/www/openemr/vendor/doctrine/orm/lib/Doctrine/ORM/UnitOfWork.php on line 2656
PHP Notice:  Undefined index: language_direction in /var/www/openemr/library/core/src/Header.php on line 129
PHP Notice:  Undefined index: basePath in /var/www/openemr/library/core/src/Header.php on line 158
PHP Warning:  "continue" targeting switch is equivalent to "break". Did you mean to use "continue 2"? in /var/www/openemr/vendor/doctrine/orm/lib/Doctrine/ORM/UnitOfWork.php on line 2627
PHP Warning:  "continue" targeting switch is equivalent to "break". Did you mean to use "continue 2"? in /var/www/openemr/vendor/doctrine/orm/lib/Doctrine/ORM/UnitOfWork.php on line 2656
PHP Notice:  Undefined index: language_direction in /var/www/openemr/library/core/src/Header.php on line 129
PHP Notice:  Undefined index: basePath in /var/www/openemr/library/core/src/Header.php on line 158
PHP Warning:  "continue" targeting switch is equivalent to "break". Did you mean to use "continue 2"? in /var/www/openemr/vendor/doctrine/orm/lib/Doctrine/ORM/UnitOfWork.php on line 2627
PHP Warning:  "continue" targeting switch is equivalent to "break". Did you mean to use "continue 2"? in /var/www/openemr/vendor/doctrine/orm/lib/Doctrine/ORM/UnitOfWork.php on line 2656
PHP Notice:  Undefined index: language_direction in /var/www/openemr/library/core/src/Header.php on line 129
PHP Notice:  Undefined index: basePath in /var/www/openemr/library/core/src/Header.php on line 158
PHP Notice:  Undefined index: HTTP_HOST in /var/www/openemr/interface/globals.php on line 107
PHP Warning:  require_once(/var/www/openemr/sites/det/config.php): failed to open stream: No such file or directory in /var/www/openemr/interface/globals.php on line 143
PHP Fatal error:  require_once(): Failed opening required '/var/www/openemr/sites/det/config.php' (include_path='.:/usr/share/php:/usr/share/pear') in /var/www/openemr/interface/globals.php on line 143
PHP Warning:  require_once(/var/www/openemr/sites/defaul/config.php): failed to open stream: No such file or directory in /var/www/openemr/interface/globals.php on line 143
PHP Fatal error:  require_once(): Failed opening required '/var/www/openemr/sites/defaul/config.php' (include_path='.:/usr/share/php:/usr/share/pear') in /var/www/openemr/interface/globals.php on line 143
PHP Notice:  Undefined index: HTTP_HOST in /var/www/openemr/interface/globals.php on line 107
PHP Notice:  Undefined index: HTTP_HOST in /var/www/openemr/interface/globals.php on line 107
PHP Notice:  Undefined index: HTTP_HOST in /var/www/openemr/interface/globals.php on line 107
PHP Notice:  Undefined index: HTTP_HOST in /var/www/openemr/interface/globals.php on line 107
PHP Notice:  Undefined index: HTTP_HOST in /var/www/openemr/interface/globals.php on line 107
PHP Notice:  Undefined index: HTTP_HOST in /var/www/openemr/interface/globals.php on line 107
PHP Notice:  Undefined index: HTTP_HOST in /var/www/openemr/interface/globals.php on line 107
PHP Notice:  Undefined index: HTTP_HOST in /var/www/openemr/interface/globals.php on line 107
PHP Notice:  Undefined index: HTTP_HOST in /var/www/openemr/interface/globals.php on line 107
PHP Notice:  Undefined index: HTTP_HOST in /var/www/openemr/interface/globals.php on line 107
PHP Notice:  Undefined index: HTTP_HOST in /var/www/openemr/interface/globals.php on line 107
PHP Notice:  Undefined index: HTTP_HOST in /var/www/openemr/interface/globals.php on line 107
PHP Notice:  Undefined index: HTTP_HOST in /var/www/openemr/interface/globals.php on line 107
PHP Notice:  Undefined index: HTTP_HOST in /var/www/openemr/interface/globals.php on line 107
PHP Notice:  Undefined index: HTTP_HOST in /var/www/openemr/interface/globals.php on line 107
PHP Notice:  Undefined index: HTTP_HOST in /var/www/openemr/interface/globals.php on line 107
PHP Notice:  Undefined index: HTTP_HOST in /var/www/openemr/interface/globals.php on line 107
PHP Notice:  Undefined index: HTTP_HOST in /var/www/openemr/interface/globals.php on line 107
PHP Notice:  Undefined index: HTTP_HOST in /var/www/openemr/interface/globals.php on line 107
PHP Notice:  Undefined index: HTTP_HOST in /var/www/openemr/interface/globals.php on line 107
PHP Notice:  Undefined index: HTTP_HOST in /var/www/openemr/interface/globals.php on line 107
PHP Notice:  Undefined index: HTTP_HOST in /var/www/openemr/interface/globals.php on line 107
PHP Notice:  Undefined index: HTTP_HOST in /var/www/openemr/interface/globals.php on line 107
PHP Notice:  Undefined index: HTTP_HOST in /var/www/openemr/interface/globals.php on line 107
PHP Notice:  Undefined index: HTTP_HOST in /var/www/openemr/interface/globals.php on line 107
PHP Notice:  Undefined index: HTTP_HOST in /var/www/openemr/interface/globals.php on line 107
PHP Notice:  Undefined index: HTTP_HOST in /var/www/openemr/interface/globals.php on line 107
PHP Notice:  Undefined index: HTTP_HOST in /var/www/openemr/interface/globals.php on line 107
PHP Notice:  Undefined index: HTTP_HOST in /var/www/openemr/interface/globals.php on line 107
PHP Notice:  Undefined index: HTTP_HOST in /var/www/openemr/interface/globals.php on line 107
PHP Notice:  Undefined index: HTTP_HOST in /var/www/openemr/interface/globals.php on line 107
PHP Notice:  Undefined index: HTTP_HOST in /var/www/openemr/interface/globals.php on line 107
PHP Notice:  Undefined index: HTTP_HOST in /var/www/openemr/interface/globals.php on line 107
PHP Notice:  Undefined index: HTTP_HOST in /var/www/openemr/interface/globals.php on line 107
PHP Notice:  Undefined index: HTTP_HOST in /var/www/openemr/interface/globals.php on line 107
PHP Notice:  Undefined index: HTTP_HOST in /var/www/openemr/interface/globals.php on line 107
PHP Notice:  Undefined index: HTTP_HOST in /var/www/openemr/interface/globals.php on line 107
PHP Notice:  Undefined index: HTTP_HOST in /var/www/openemr/interface/globals.php on line 107
PHP Notice:  Undefined index: HTTP_HOST in /var/www/openemr/interface/globals.php on line 107
PHP Notice:  Undefined index: HTTP_HOST in /var/www/openemr/interface/globals.php on line 107
PHP Notice:  Undefined index: HTTP_HOST in /var/www/openemr/interface/globals.php on line 107
PHP Notice:  Undefined index: HTTP_HOST in /var/www/openemr/interface/globals.php on line 107
PHP Notice:  Undefined index: HTTP_HOST in /var/www/openemr/interface/globals.php on line 107
PHP Notice:  Undefined index: HTTP_HOST in /var/www/openemr/interface/globals.php on line 107
PHP Notice:  Undefined index: HTTP_HOST in /var/www/openemr/interface/globals.php on line 107
PHP Notice:  Undefined index: HTTP_HOST in /var/www/openemr/interface/globals.php on line 107
PHP Notice:  Undefined index: HTTP_HOST in /var/www/openemr/interface/globals.php on line 107
PHP Notice:  Undefined index: HTTP_HOST in /var/www/openemr/interface/globals.php on line 107
PHP Notice:  Undefined index: HTTP_HOST in /var/www/openemr/interface/globals.php on line 107
PHP Notice:  Undefined index: HTTP_HOST in /var/www/openemr/interface/globals.php on line 107
PHP Notice:  Undefined index: HTTP_HOST 