[0;36mafl-fuzz [1;97m2.52b[0m by <lcamtuf@google.com>
[1;92m[+] [0mLooks like we're not running on a tty, so I'll be a bit less verbose.[0m
[1;92m[+] [0mYou have 128 CPU cores and 13 runnable tasks (utilization: 10%).[0m
[1;92m[+] [0mTry parallel jobs - see docs/parallel_fuzzing.txt.[0m
[1;93m[!] [1;97mWARNING: [0mSetting binding to 14[0m
[1;94m[*] [0mChecking core_pattern...[0m
[1;94m[*] [0mChecking CPU scaling governor...[0m
[1;94m[*] [0mUsing SHMID of '132037'...[0m
shm_id=132037 , tb[0]=6  0x7f63cf40a000
[1;94m[*] [0mSetting up output directories...[0m
[1;94m[*] [0mScanning './WICHR/work/initial_seeds'...[0m
[1;92m[+] [0mNo auto-generated dictionary tokens to reuse.[0m
[1;94m[*] [0mCreating hard links for all input files...[0m
[1;94m[*] [0mLoading extra dictionary from './WICHR/work/dict.txt' (level 0)...[0m
[1;92m[+] [0mLoaded 4024 extra tokens, size range 4 B to 125 B.[0m
[1;93m[!] [1;97mWARNING: [0mSome tokens are relatively large (125 B) - consider trimming.[0m
[1;93m[!] [1;97mWARNING: [0mMore than 4000 tokens - will use them probabilistically.[0m
[1;94m[*] [0mValidating target binary...[0m
[1;94m[*] [0mAttempting dry run with 'id:000000,orig:seed-0'...[0m
[1;94m[*] [0mSpinning up the fork server...[0m
here b4 938117
here after 938117 938120 
fs status= 4 [AFL] Forkserver up
[1;92m[+] [0mAll right - fork server is up.[0m
[1;90m    len = 206, map size = 2273, exec speed = 3249588 us
[0m[1;94m[*] [0mAttempting dry run with 'id:000001,orig:seed-1'...[0m
[1;90m    len = 160, map size = 2281, exec speed = 3301604 us
[0m[1;94m[*] [0mAttempting dry run with 'id:000002,orig:seed-2'...[0m
[1;90m    len = 183, map size = 2259, exec speed = 3074450 us
[0m[1;92m[+] [0mAll test cases processed.[0m

[1;93m[!] [1;97mWARNING: [0m[1;91mThe target binary is pretty slow! See docs/perf_tips.txt.[0m
[1;92m[+] [0mHere are some useful stats:

[1;90m    Test case count : [0m3 favored, 0 variable, 3 total
[1;90m       Bitmap range : [0m2259 to 2281 bits (average: 2271.00 bits)
[1;90m        Exec timing : [0m3.07M to 3.30M us (average: 3.21M us)
[0m
[1;92m[+] [0mAll set and ready to roll![0m
[1;94m[*] [0mEntering queue cycle 1.[0m
[1;94m[*] [0mFuzzing test case #0 (3 total, 0 uniq crashes found)...[0m
	child_timeout=1 kill_signal=9, status=9
	child_timeout=1 kill_signal=9, status=9
	child_timeout=1 kill_signal=9, status=9
	child_timeout=1 kill_signal=9, status=9
	child_timeout=1 kill_signal=9, status=9
	child_timeout=1 kill_signal=9, status=9
	child_timeout=1 kill_signal=9, status=9
	child_timeout=1 kill_signal=9, status=9
	child_timeout=1 kill_signal=9, status=9
)B[?25h[0m[1;91m
[-]  SYSTEM ERROR : [1;97mUnable to create './WICHR/work/fuzzer-master/hangs/id:000000,src:000000,op:flip1,pos:0'[1;91m
    Stop location : [0msave_if_interesting(), afl-fuzz.c:3443
[1;91m       OS message : [0mFile exists
