[0;36mafl-fuzz [1;97m2.52b[0m by <lcamtuf@google.com>
[1;92m[+] [0mLooks like we're not running on a tty, so I'll be a bit less verbose.[0m
[1;92m[+] [0mYou have 128 CPU cores and 4 runnable tasks (utilization: 3%).[0m
[1;92m[+] [0mTry parallel jobs - see docs/parallel_fuzzing.txt.[0m
[1;94m[*] [0mChecking CPU core loadout...[0m
[1;92m[+] [0mFound a free CPU core, binding to #0.[0m
[1;94m[*] [0mChecking core_pattern...[0m
[1;94m[*] [0mChecking CPU scaling governor...[0m
[1;94m[*] [0mUsing SHMID of '65673'...[0m
shm_id=65673 , tb[0]=6  0x7fc8ba05e000
[1;94m[*] [0mSetting up output directories...[0m
[1;94m[*] [0mScanning '/p/Witcher/python/tests/flaskbb/WICHR/work/initial_seeds'...[0m
[1;92m[+] [0mNo auto-generated dictionary tokens to reuse.[0m
[1;94m[*] [0mCreating hard links for all input files...[0m
[1;94m[*] [0mLoading extra dictionary from '/p/Witcher/python/tests/flaskbb/WICHR/work/dict.txt' (level 0)...[0m
[1;92m[+] [0mLoaded 306 extra tokens, size range 3 B to 115 B.[0m
[1;93m[!] [1;97mWARNING: [0mSome tokens are relatively large (115 B) - consider trimming.[0m
[1;94m[*] [0mValidating target binary...[0m
[1;94m[*] [0mAttempting dry run with 'id:000000,orig:seed-0'...[0m
[1;94m[*] [0mSpinning up the fork server...[0m
here b4 2743525
here after 2743525 2743526 
fs status= 4 [AFL] Forkserver up
[1;92m[+] [0mAll right - fork server is up.[0m
[1;90m    len = 5, map size = 7675, exec speed = 4040 us
[0m[1;93m[!] [1;97mWARNING: [0mInstrumentation output varies across runs.[0m
[1;94m[*] [0mAttempting dry run with 'id:000001,orig:seed-1'...[0m
[1;90m    len = 18, map size = 7670, exec speed = 4870 us
[0m[1;93m[!] [1;97mWARNING: [0mInstrumentation output varies across runs.[0m
[1;94m[*] [0mAttempting dry run with 'id:000002,orig:seed-10'...[0m
[1;90m    len = 23, map size = 7689, exec speed = 3912 us
[0m[1;93m[!] [1;97mWARNING: [0mNo new instrumentation output, test case may be useless.[0m
[1;93m[!] [1;97mWARNING: [0mInstrumentation output varies across runs.[0m
[1;94m[*] [0mAttempting dry run with 'id:000003,orig:seed-11'...[0m
[1;90m    len = 36, map size = 7666, exec speed = 3911 us
[0m[1;93m[!] [1;97mWARNING: [0mNo new instrumentation output, test case may be useless.[0m
[1;93m[!] [1;97mWARNING: [0mInstrumentation output varies across runs.[0m
[1;94m[*] [0mAttempting dry run with 'id:000004,orig:seed-12'...[0m
[1;90m    len = 23, map size = 7682, exec speed = 5077 us
[0m[1;93m[!] [1;97mWARNING: [0mInstrumentation output varies across runs.[0m
[1;94m[*] [0mAttempting dry run with 'id:000005,orig:seed-13'...[0m
[1;90m    len = 136, map size = 7675, exec speed = 3977 us
[0m[1;93m[!] [1;97mWARNING: [0mNo new instrumentation output, test case may be useless.[0m
[1;93m[!] [1;97mWARNING: [0mInstrumentation output varies across runs.[0m
[1;94m[*] [0mAttempting dry run with 'id:000006,orig:seed-14'...[0m
[1;90m    len = 42, map size = 7663, exec speed = 3963 us
[0m[1;93m[!] [1;97mWARNING: [0mNo new instrumentation output, test case may be useless.[0m
[1;93m[!] [1;97mWARNING: [0mInstrumentation output varies across runs.[0m
[1;94m[*] [0mAttempting dry run with 'id:000007,orig:seed-15'...[0m
[1;90m    len = 67, map size = 7685, exec speed = 3980 us
[0m[1;93m[!] [1;97mWARNING: [0mNo new instrumentation output, test case may be useless.[0m
[1;93m[!] [1;97mWARNING: [0mInstrumentation output varies across runs.[0m
[1;94m[*] [0mAttempting dry run with 'id:000008,orig:seed-16'...[0m
[1;90m    len = 47, map size = 7664, exec speed = 4244 us
[0m[1;93m[!] [1;97mWARNING: [0mInstrumentation output varies across runs.[0m
[1;94m[*] [0mAttempting dry run with 'id:000009,orig:seed-17'...[0m
[1;90m    len = 21, map size = 7703, exec speed = 3888 us
[0m[1;93m[!] [1;97mWARNING: [0mNo new instrumentation output, test case may be useless.[0m
[1;93m[!] [1;97mWARNING: [0mInstrumentation output varies across runs.[0m
[1;94m[*] [0mAttempting dry run with 'id:000010,orig:seed-18'...[0m
[1;90m    len = 38, map size = 7675, exec speed = 3922 us
[0m[1;93m[!] [1;97mWARNING: [0mNo new instrumentation output, test case may be useless.[0m
[1;93m[!] [1;97mWARNING: [0mInstrumentation output varies across runs.[0m
[1;94m[*] [0mAttempting dry run with 'id:000011,orig:seed-19'...[0m
[1;90m    len = 19, map size = 7680, exec speed = 3965 us
[0m[1;93m[!] [1;97mWARNING: [0mNo new instrumentation output, test case may be useless.[0m
[1;93m[!] [1;97mWARNING: [0mInstrumentation output varies across runs.[0m
[1;94m[*] [0mAttempting dry run with 'id:000012,orig:seed-2'...[0m
[1;90m    len = 28, map size = 7703, exec speed = 3999 us
[0m[1;93m[!] [1;97mWARNING: [0mNo new instrumentation output, test case may be useless.[0m
[1;93m[!] [1;97mWARNING: [0mInstrumentation output varies across runs.[0m
[1;94m[*] [0mAttempting dry run with 'id:000013,orig:seed-20'...[0m
[1;90m    len = 40, map size = 7675, exec speed = 3951 us
[0m[1;93m[!] [1;97mWARNING: [0mNo new instrumentation output, test case may be useless.[0m
[1;93m[!] [1;97mWARNING: [0mInstrumentation output varies across runs.[0m
[1;94m[*] [0mAttempting dry run with 'id:000014,orig:seed-21'...[0m
[1;90m    len = 56, map size = 7690, exec speed = 3937 us
[0m[1;93m[!] [1;97mWARNING: [0mNo new instrumentation output, test case may be useless.[0m
[1;93m[!] [1;97mWARNING: [0mInstrumentation output varies across runs.[0m
[1;94m[*] [0mAttempting dry run with 'id:000015,orig:seed-22'...[0m
[1;90m    len = 36, map size = 7664, exec speed = 3887 us
[0m[1;93m[!] [1;97mWARNING: [0mNo new instrumentation output, test case may be useless.[0m
[1;93m[!] [1;97mWARNING: [0mInstrumentation output varies across runs.[0m
[1;94m[*] [0mAttempting dry run with 'id:000016,orig:seed-3'...[0m
[1;90m    len = 30, map size = 7674, exec speed = 3966 us
[0m[1;93m[!] [1;97mWARNING: [0mNo new instrumentation output, test case may be useless.[0m
[1;93m[!] [1;97mWARNING: [0mInstrumentation output varies across runs.[0m
[1;94m[*] [0mAttempting dry run with 'id:000017,orig:seed-4'...[0m
[1;90m    len = 24, map size = 7674, exec speed = 3952 us
[0m[1;93m[!] [1;97mWARNING: [0mNo new instrumentation output, test case may be useless.[0m
[1;93m[!] [1;97mWARNING: [0mInstrumentation output varies across runs.[0m
[1;94m[*] [0mAttempting dry run with 'id:000018,orig:seed-5'...[0m
[1;90m    len = 20, map size = 7659, exec speed = 4130 us
[0m[1;93m[!] [1;97mWARNING: [0mNo new instrumentation output, test case may be useless.[0m
[1;93m[!] [1;97mWARNING: [0mInstrumentation output varies across runs.[0m
[1;94m[*] [0mAttempting dry run with 'id:000019,orig:seed-6'...[0m
[1;90m    len = 40, map size = 7675, exec speed = 8204 us
[0m[1;93m[!] [1;97mWARNING: [0mNo new instrumentation output, test case may be useless.[0m
[1;93m[!] [1;97mWARNING: [0mInstrumentation output varies across runs.[0m
[1;94m[*] [0mAttempting dry run with 'id:000020,orig:seed-7'...[0m
[1;90m    len = 20, map size = 7674, exec speed = 4147 us
[0m[1;93m[!] [1;97mWARNING: [0mNo new instrumentation output, test case may be useless.[0m
[1;93m[!] [1;97mWARNING: [0mInstrumentation output varies across runs.[0m
[1;94m[*] [0mAttempting dry run with 'id:000021,orig:seed-8'...[0m
[1;90m    len = 22, map size = 7660, exec speed = 4018 us
[0m[1;93m[!] [1;97mWARNING: [0mNo new instrumentation output, test case may be useless.[0m
[1;93m[!] [1;97mWARNING: [0mInstrumentation output varies across runs.[0m
[1;94m[*] [0mAttempting dry run with 'id:000022,orig:seed-9'...[0m
[1;90m    len = 40, map size = 7652, exec speed = 3906 us
[0m[1;93m[!] [1;97mWARNING: [0mNo new instrumentation output, test case may be useless.[0m
[1;93m[!] [1;97mWARNING: [0mInstrumentation output varies across runs.[0m
[1;92m[+] [0mAll test cases processed.[0m

[1;93m[!] [1;97mWARNING: [0m[1;91mSome test cases look useless. Consider using a smaller set.[0m
[1;93m[!] [1;97mWARNING: [0mYou have lots of input files; try starting small.[0m
[1;92m[+] [0mHere are some useful stats:

[1;90m    Test case count : [0m2 favored, 23 variable, 23 total
[1;90m       Bitmap range : [0m7652 to 7703 bits (average: 7675.09 bits)
[1;90m        Exec timing : [0m3887 to 8204 us (average: 4379 us)
[0m
[1;92m[+] [0mAll set and ready to roll![0m
[1;94m[*] [0mEntering queue cycle 1.[0m
[1;94m[*] [0mFuzzing test case #0 (23 total, 0 uniq crashes found)...[0m
count_bytes  = 0, spot=0
, count_bytes  = 0, spot=0
, count_bytes  = 0, spot=0
, count_bytes  = 0, spot=0
, [1;94m[*] [0mFuzzing test case #24 (172 total, 0 uniq crashes found)...[0m
[1;94m[*] [0mFuzzing test case #29 (202 total, 0 uniq crashes found)...[0m
[1;94m[*] [0mFuzzing test case #31 (205 total, 0 uniq crashes found)...[0m
[1;94m[*] [0mFuzzing test case #44 (209 total, 0 uniq crashes found)...[0m
count_bytes  = 0, spot=0
, [1;94m[*] [0mFuzzing test case #46 (212 total, 0 uniq crashes found)...[0m
count_bytes  = 0, spot=0
, count_bytes  = 0, spot=0
, count_bytes  = 0, spot=0
, [1;94m[*] [0mFuzzing test case #73 (215 total, 0 uniq crashes found)...[0m
count_bytes  = 0, spot=0
, count_bytes  = 0, spot=0
, count_bytes  = 0, spot=0
, count_bytes  = 0, spot=0
, count_bytes  = 0, spot=0
, count_bytes  = 0, spot=0
, count_bytes  = 0, spot=0
, count_bytes  = 0, spot=0
, count_bytes  = 0, spot=0
, count_bytes  = 0, spot=0
, count_bytes  = 0, spot=0
, count_bytes  = 0, spot=0
, count_bytes  = 0, spot=0
, [1;94m[*] [0mFuzzing test case #106 (230 total, 0 uniq crashes found)...[0m
[1;94m[*] [0mFuzzing test case #110 (230 total, 0 uniq crashes found)...[0m
count_bytes  = 0, spot=0
, [1;94m[*] [0mFuzzing test case #114 (231 total, 0 uniq crashes found)...[0m
[1;94m[*] [0mFuzzing test case #116 (231 total, 0 uniq crashes found)...[0m
count_bytes  = 0, spot=0
, count_bytes  = 0, spot=0
, count_bytes  = 0, spot=0
, count_bytes  = 0, spot=0
, [1;94m[*] [0mFuzzing test case #126 (235 total, 0 uniq crashes found)...[0m
