PHP Warning:  "continue" targeting switch is equivalent to "break". Did you mean to use "continue 2"? in /var/www/openemr/vendor/doctrine/orm/lib/Doctrine/ORM/UnitOfWork.php on line 2627
PHP Warning:  "continue" targeting switch is equivalent to "break". Did you mean to use "continue 2"? in /var/www/openemr/vendor/doctrine/orm/lib/Doctrine/ORM/UnitOfWork.php on line 2656
PHP Notice:  Undefined variable: returnval in /var/www/openemr/library/edi.inc on line 751
PHP Notice:  Undefined index: basePath in /var/www/openemr/library/core/src/Header.php on line 158
PHP Notice:  Undefined variable: form_from_date in /var/www/openemr/interface/reports/edi_270.php on line 277
PHP Notice:  Undefined variable: form_to_date in /var/www/openemr/interface/reports/edi_270.php on line 277
PHP Notice:  Undefined variable: alertmsg in /var/www/openemr/interface/reports/edi_270.php on line 390
PHP Warning:  "continue" targeting switch is equivalent to "break". Did you mean to use "continue 2"? in /var/www/openemr/vendor/doctrine/orm/lib/Doctrine/ORM/UnitOfWork.php on line 2627
PHP Warning:  "continue" targeting switch is equivalent to "break". Did you mean to use "continue 2"? in /var/www/openemr/vendor/doctrine/orm/lib/Doctrine/ORM/UnitOfWork.php on line 2656
PHP Notice:  Undefined variable: returnval in /var/www/openemr/library/edi.inc on line 751
PHP Notice:  Undefined index: basePath in /var/www/openemr/library/core/src/Header.php on line 158
PHP Notice:  Undefined variable: form_from_date in /var/www/openemr/interface/reports/edi_270.php on line 277
PHP Notice:  Undefined variable: form_to_date in /var/www/openemr/interface/reports/edi_270.php on line 277
PHP Notice:  Undefined variable: alertmsg in /var/www/openemr/interface/reports/edi_270.php on line 390
PHP Warning:  "continue" targeting switch is equivalent to "break". Did you mean to use "continue 2"? in /var/www/openemr/vendor/doctrine/orm/lib/Doctrine/ORM/UnitOfWork.php on line 2627
PHP Warning:  "continue" targeting switch is equivalent to "break". Did you mean to use "continue 2"? in /var/www/openemr/vendor/doctrine/orm/lib/Doctrine/ORM/UnitOfWork.php on line 2656
PHP Notice:  Undefined variable: returnval in /var/www/openemr/library/edi.inc on line 751
PHP Notice:  Undefined index: basePath in /var/www/openemr/library/core/src/Header.php on line 158
PHP Notice:  Undefined variable: form_from_date in /var/www/openemr/interface/reports/edi_270.php on line 277
PHP Notice:  Undefined variable: form_to_date in /var/www/openemr/interface/reports/edi_270.php on line 277
PHP Notice:  Undefined variable: alertmsg in /var/www/openemr/interface/reports/edi_270.php on line 390
PHP Warning:  "continue" targeting switch is equivalent to "break". Did you mean to use "continue 2"? in /var/www/openemr/vendor/doctrine/orm/lib/Doctrine/ORM/UnitOfWork.php on line 2627
PHP Warning:  "continue" targeting switch is equivalent to "break". Did you mean to use "continue 2"? in /var/www/openemr/vendor/doctrine/orm/lib/Doctrine/ORM/UnitOfWork.php on line 2656
PHP Notice:  Undefined variable: returnval in /var/www/openemr/library/edi.inc on line 751
PHP Notice:  Undefined index: basePath in /var/www/openemr/library/core/src/Header.php on line 158
PHP Notice:  Undefined variable: form_from_date in /var/www/openemr/interface/reports/edi_270.php on line 277
PHP Notice:  Undefined variable: form_to_date in /var/www/openemr/interface/reports/edi_270.php on line 277
PHP Notice:  Undefined variable: alertmsg in /var/www/openemr/interface/reports/edi_270.php on line 390
PHP Warning:  "continue" targeting switch is equivalent to "break". Did you mean to use "continue 2"? in /var/www/openemr/vendor/doctrine/orm/lib/Doctrine/ORM/UnitOfWork.php on line 2627
PHP Warning:  "continue" targeting switch is equivalent to "break". Did you mean to use "continue 2"? in /var/www/openemr/vendor/doctrine/orm/lib/Doctrine/ORM/UnitOfWork.php on line 2656
PHP Notice:  Undefined variable: returnval in /var/www/openemr/library/edi.inc on line 751
PHP Notice:  Undefined index: basePath in /var/www/openemr/library/core/src/Header.php on line 158
PHP Notice:  Undefined variable: form_from_date in /var/www/openemr/interface/reports/edi_270.php on line 277
PHP Notice:  Undefined variable: form_to_date in /var/www/openemr/interface/reports/edi_270.php on line 277
PHP Notice:  Undefined variable: alertmsg in /var/www/openemr/interface/reports/edi_270.php on line 390
PHP Warning:  "continue" targeting switch is equivalent to "break". Did you mean to use "continue 2"? in /var/www/openemr/vendor/doctrine/orm/lib/Doctrine/ORM/UnitOfWork.php on line 2627
PHP Warning:  "continue" targeting switch is equivalent to "break". Did you mean to use "continue 2"? in /var/www/openemr/vendor/doctrine/orm/lib/Doctrine/ORM/UnitOfWork.php on line 2656
PHP Notice:  Undefined variable: returnval in /var/www/openemr/library/edi.inc on line 751
PHP Notice:  Undefined index: basePath in /var/www/openemr/library/core/src/Header.php on line 158
PHP Notice:  Undefined variable: form_from_date in /var/www/openemr/interface/reports/edi_270.php on line 277
PHP Notice:  Undefined variable: form_to_date in /var/www/openemr/interface/reports/edi_270.php on line 277
PHP Notice:  Undefined variable: alertmsg in /var/www/openemr/interface/reports/edi_270.php on line 390
PHP Warning:  "continue" targeting switch is equivalent to "break". Did you mean to use "continue 2"? in /var/www/openemr/vendor/doctrine/orm/lib/Doctrine/ORM/UnitOfWork.php on line 2627
PHP Warning:  "continue" targeting switch is equivalent to "break". Did you mean to use "continue 2"? in /var/www/openemr/vendor/doctrine/orm/lib/Doctrine/ORM/UnitOfWork.php on line 2656
PHP Notice:  Undefined variable: returnval in /var/www/openemr/library/edi.inc on line 751
PHP Notice:  Undefined index: basePath in /var/www/openemr/library/core/src/Header.php on line 158
PHP Notice:  Undefined variable: form_from_date in /var/www/openemr/interface/reports/edi_270.php on line 277
PHP Notice:  Undefined variable: form_to_date in /var/www/openemr/interface/reports/edi_270.php on line 277
PHP Notice:  Undefined variable: alertmsg in /var/www/openemr/interface/reports/edi_270.php on line 390
PHP Warning:  "continue" targeting switch is equivalent to "break". Did you mean to use "continue 2"? in /var/www/openemr/vendor/doctrine/orm/lib/Doctrine/ORM/UnitOfWork.php on line 2627
PHP Warning:  "continue" targeting switch is equivalent to "break". Did you mean to use "continue 2"? in /var/www/openemr/vendor/doctrine/orm/lib/Doctrine/ORM/UnitOfWork.php on line 2656
PHP Notice:  Undefined variable: returnval in /var/www/openemr/library/edi.inc on line 751
PHP Notice:  Undefined index: basePath in /var/www/openemr/library/core/src/Header.php on line 158
PHP Notice:  Undefined variable: form_from_date in /var/www/openemr/interface/reports/edi_270.php on line 277
PHP Notice:  Undefined variable: form_to_date in /var/www/openemr/interface/reports/edi_270.php on line 277
PHP Notice:  Undefined variable: alertmsg in /var/www/openemr/interface/reports/edi_270.php on line 390
PHP Warning:  "continue" targeting switch is equivalent to "break". Did you mean to use "continue 2"? in /var/www/openemr/vendor/doctrine/orm/lib/Doctrine/ORM/UnitOfWork.php on line 2627
PHP Warning:  "continue" targeting switch is equivalent to "break". Did you mean to use "continue 2"? in /var/www/openemr/vendor/doctrine/orm/lib/Doctrine/ORM/UnitOfWork.php on line 2656
PHP Notice:  Undefined variable: returnval in /var/www/openemr/library/edi.inc on line 751
PHP Notice:  Undefined index: basePath in /var/www/openemr/library/core/src/Header.php on line 158
PHP Notice:  Undefined variable: form_from_date in /var/www/openemr/interface/reports/edi_270.php on line 277
PHP Notice:  Undefined variable: form_to_date in /var/www/openemr/interface/reports/edi_270.php on line 277
PHP Notice:  Undefined variable: alertmsg in /var/www/openemr/interface/reports/edi_270.php on line 390
PHP Warning:  "continue" targeting switch is equivalent to "break". Did you mean to use "continue 2"? in /var/www/openemr/vendor/doctrine/orm/lib/Doctrine/ORM/UnitOfWork.php on line 2627
PHP Warning:  "continue" targeting switch is equivalent to "break". Did you mean to use "continue 2"? in /var/www/openemr/vendor/doctrine/orm/lib/Doctrine/ORM/UnitOfWork.php on line 2656
PHP Notice:  Undefined variable: returnval in /var/www/openemr/library/edi.inc on line 751
PHP Notice:  Undefined index: basePath in /var/www/openemr/library/core/src/Header.php on line 158
PHP Notice:  Undefined variable: form_from_date in /var/www/openemr/interface/reports/edi_270.php on line 277
PHP Notice:  Undefined variable: form_to_date in /var/www/openemr/interface/reports/edi_270.php on line 277
PHP Notice:  Undefined variable: alertmsg in /var/www/openemr/interface/reports/edi_270.php on line 390
PHP Warning:  "continue" targeting switch is equivalent to "break". Did you mean to use "continue 2"? in /var/www/openemr/vendor/doctrine/orm/lib/Doctrine/ORM/UnitOfWork.php on line 2627
PHP Warning:  "continue" targeting switch is equivalent to "break". Did you mean to use "continue 2"? in /var/www/openemr/vendor/doctrine/orm/lib/Doctrine/ORM/UnitOfWork.php on line 2656
PHP Notice:  Undefined variable: returnval in /var/www/openemr/library/edi.inc on line 751
PHP Notice:  Undefined index: basePath in /var/www/openemr/library/core/src/Header.php on line 158
PHP Notice:  Undefined variable: form_from_date in /var/www/openemr/interface/reports/edi_270.php on line 277
PHP Notice:  Undefined variable: form_to_date in /var/www/openemr/interface/reports/edi_270.php on line 277
PHP Notice:  Undefined variable: alertmsg in /var/www/openemr/interface/reports/edi_270.php on line 390
PHP Warning:  "continue" targeting switch is equivalent to "break". Did you mean to use "continue 2"? in /var/www/openemr/vendor/doctrine/orm/lib/Doctrine/ORM/UnitOfWork.php on line 2627
PHP Warning:  "continue" targeting switch is equivalent to "break". Did you mean to use "continue 2"? in /var/www/openemr/vendor/doctrine/orm/lib/Doctrine/ORM/UnitOfWork.php on line 2656
PHP Notice:  Undefined variable: returnval in /var/www/openemr/library/edi.inc on line 751
PHP Notice:  Undefined index: