PHP Warning:  ini_set(): A session is active. You cannot change the session module's ini settings at this time in /var/www/openemr/interface/globals.php on line 43
PHP Warning:  ini_set(): A session is active. You cannot change the session module's ini settings at this time in /var/www/openemr/interface/globals.php on line 92
PHP Warning:  session_name(): Cannot change session name when session is active in /var/www/openemr/interface/globals.php on line 93
PHP Notice:  session_start(): A session had already been started - ignoring in /var/www/openemr/interface/globals.php on line 95
PHP Warning:  "continue" targeting switch is equivalent to "break". Did you mean to use "continue 2"? in /var/www/openemr/vendor/doctrine/orm/lib/Doctrine/ORM/UnitOfWork.php on line 2627
PHP Warning:  "continue" targeting switch is equivalent to "break". Did you mean to use "continue 2"? in /var/www/openemr/vendor/doctrine/orm/lib/Doctrine/ORM/UnitOfWork.php on line 2656
PHP Notice:  Undefined index: language_direction in /var/www/openemr/library/js/xl/jquery-datetimepicker-2-5-4.js.php on line 62
PHP Notice:  Undefined index: language_direction in /var/www/openemr/library/js/xl/jquery-datetimepicker-2-5-4.js.php on line 84
PHP Warning:  ini_set(): A session is active. You cannot change the session module's ini settings at this time in /var/www/openemr/interface/globals.php on line 43
PHP Warning:  ini_set(): A session is active. You cannot change the session module's ini settings at this time in /var/www/openemr/interface/globals.php on line 92
PHP Warning:  session_name(): Cannot change session name when session is active in /var/www/openemr/interface/globals.php on line 93
PHP Notice:  session_start(): A session had already been started - ignoring in /var/www/openemr/interface/globals.php on line 95
PHP Warning:  "continue" targeting switch is equivalent to "break". Did you mean to use "continue 2"? in /var/www/openemr/vendor/doctrine/orm/lib/Doctrine/ORM/UnitOfWork.php on line 2627
PHP Warning:  "continue" targeting switch is equivalent to "break". Did you mean to use "continue 2"? in /var/www/openemr/vendor/doctrine/orm/lib/Doctrine/ORM/UnitOfWork.php on line 2656
PHP Notice:  Undefined index: language_direction in /var/www/openemr/library/js/xl/jquery-datetimepicker-2-5-4.js.php on line 62
PHP Notice:  Undefined index: language_direction in /var/www/openemr/library/js/xl/jquery-datetimepicker-2-5-4.js.php on line 84
PHP Warning:  ini_set(): A session is active. You cannot change the session module's ini settings at this time in /var/www/openemr/interface/globals.php on line 43
PHP Warning:  ini_set(): A session is active. You cannot change the session module's ini settings at this time in /var/www/openemr/interface/globals.php on line 92
PHP Warning:  session_name(): Cannot change session name when session is active in /var/www/openemr/interface/globals.php on line 93
PHP Notice:  session_start(): A session had already been started - ignoring in /var/www/openemr/interface/globals.php on line 95
PHP Warning:  "continue" targeting switch is equivalent to "break". Did you mean to use "continue 2"? in /var/www/openemr/vendor/doctrine/orm/lib/Doctrine/ORM/UnitOfWork.php on line 2627
PHP Warning:  "continue" targeting switch is equivalent to "break". Did you mean to use "continue 2"? in /var/www/openemr/vendor/doctrine/orm/lib/Doctrine/ORM/UnitOfWork.php on line 2656
PHP Notice:  Undefined index: language_direction in /var/www/openemr/library/js/xl/jquery-datetimepicker-2-5-4.js.php on line 62
PHP Notice:  Undefined index: language_direction in /var/www/openemr/library/js/xl/jquery-datetimepicker-2-5-4.js.php on line 84
PHP Warning:  ini_set(): A session is active. You cannot change the session module's ini settings at this time in /var/www/openemr/interface/globals.php on line 43
PHP Warning:  ini_set(): A session is active. You cannot change the session module's ini settings at this time in /var/www/openemr/interface/globals.php on line 92
PHP Warning:  session_name(): Cannot change session name when session is active in /var/www/openemr/interface/globals.php on line 93
PHP Notice:  session_start(): A session had already been started - ignoring in /var/www/openemr/interface/globals.php on line 95
PHP Warning:  "continue" targeting switch is equivalent to "break". Did you mean to use "continue 2"? in /var/www/openemr/vendor/doctrine/orm/lib/Doctrine/ORM/UnitOfWork.php on line 2627
PHP Warning:  "continue" targeting switch is equivalent to "break". Did you mean to use "continue 2"? in /var/www/openemr/vendor/doctrine/orm/lib/Doctrine/ORM/UnitOfWork.php on line 2656
PHP Notice:  Undefined index: language_direction in /var/www/openemr/library/js/xl/jquery-datetimepicker-2-5-4.js.php on line 62
PHP Notice:  Undefined index: language_direction in /var/www/openemr/library/js/xl/jquery-datetimepicker-2-5-4.js.php on line 84
PHP Warning:  ini_set(): A session is active. You cannot change the session module's ini settings at this time in /var/www/openemr/interface/globals.php on line 43
PHP Warning:  ini_set(): A session is active. You cannot change the session module's ini settings at this time in /var/www/openemr/interface/globals.php on line 92
PHP Warning:  session_name(): Cannot change session name when session is active in /var/www/openemr/interface/globals.php on line 93
PHP Notice:  session_start(): A session had already been started - ignoring in /var/www/openemr/interface/globals.php on line 95
PHP Warning:  "continue" targeting switch is equivalent to "break". Did you mean to use "continue 2"? in /var/www/openemr/vendor/doctrine/orm/lib/Doctrine/ORM/UnitOfWork.php on line 2627
PHP Warning:  "continue" targeting switch is equivalent to "break". Did you mean to use "continue 2"? in /var/www/openemr/vendor/doctrine/orm/lib/Doctrine/ORM/UnitOfWork.php on line 2656
PHP Notice:  Undefined index: language_direction in /var/www/openemr/library/js/xl/jquery-datetimepicker-2-5-4.js.php on line 62
PHP Notice:  Undefined index: language_direction in /var/www/openemr/library/js/xl/jquery-datetimepicker-2-5-4.js.php on line 84
PHP Warning:  ini_set(): A session is active. You cannot change the session module's ini settings at this time in /var/www/openemr/interface/globals.php on line 43
PHP Warning:  ini_set(): A session is active. You cannot change the session module's ini settings at this time in /var/www/openemr/interface/globals.php on line 92
PHP Warning:  session_name(): Cannot change session name when session is active in /var/www/openemr/interface/globals.php on line 93
PHP Notice:  session_start(): A session had already been started - ignoring in /var/www/openemr/interface/globals.php on line 95
PHP Warning:  "continue" targeting switch is equivalent to "break". Did you mean to use "continue 2"? in /var/www/openemr/vendor/doctrine/orm/lib/Doctrine/ORM/UnitOfWork.php on line 2627
PHP Warning:  "continue" targeting switch is equivalent to "break". Did you mean to use "continue 2"? in /var/www/openemr/vendor/doctrine/orm/lib/Doctrine/ORM/UnitOfWork.php on line 2656
PHP Notice:  Undefined index: language_direction in /var/www/openemr/library/js/xl/jquery-datetimepicker-2-5-4.js.php on line 62
PHP Notice:  Undefined index: language_direction in /var/www/openemr/library/js/xl/jquery-datetimepicker-2-5-4.js.php on line 84
PHP Warning:  ini_set(): A session is active. You cannot change the session module's ini settings at this time in /var/www/openemr/interface/globals.php on line 43
PHP Warning:  ini_set(): A session is active. You cannot change the session module's ini settings at this time in /var/www/openemr/interface/globals.php on line 92
PHP Warning:  session_name(): Cannot change session name when session is active in /var/www/openemr/interface/globals.php on line 93
PHP Notice:  session_start(): A session had already been started - ignoring in /var/www/openemr/interface/globals.php on line 95
PHP Warning:  "continue" targeting switch is equivalent to "break". Did you mean to use "continue 2"? in /var/www/openemr/vendor/doctrine/orm/lib/Doctrine/ORM/UnitOfWork.php on line 2627
PHP Warning:  "continue" targeting switch is equivalent to "break". Did you mean to use "continue 2"? in /var/www/openemr/vendor/doctrine/orm/lib/Doctrine/ORM/UnitOfWork.php on line 2656
PHP Notice:  Undefined index: language_direction in /var/www/openemr/library/js/xl/jquery-datetimepicker-2-5-4.js.php on line 62
PHP Notice:  Undefined index: language_direction in /var/www/openemr/library/js/xl/jquery-datetimepicker-2-5-4.js.php on line 84
PHP Warning:  ini_set(): A session is active. You cannot change the session module's ini settings at this time in /var/www/openemr/interface/globals.php on line 43
PHP Warning:  ini_set(): A session is active. You cannot change the session module's ini settings at this time in /var/www/openemr/interface/globals.php on line 92
PHP Warning:  session_name(): Cannot change session name when session is active in /var/www/openemr/interface/globals.php on line 93
PHP Notice:  session_start(): A session had already been started - ignoring in /var/www/openemr/interface/globals.php on line 95
PHP Warning:  "continue" targeting switch is equivalent to "break". Did you mean to use "continue 2"? in /var/www/openemr/vendor/doctrine/orm/lib/Doctrine/ORM/UnitOfWork.php on line 2627
PHP Warning:  "continue" targeting switch is equivalent to "break". Did you mean to use "continue 2"? in /var/www/openemr/vendor/doctrine/orm/lib/Doctrine/ORM/UnitOfWork.php on line 2656
PHP Notice:  Undefined index: language_direction in /var/www/openemr/library/js/xl/jquery-datetimepicker-2-5-4.js.php on line 62
PHP Notice:  Undefined index: language_direction in /var/www/openemr/library/js/xl/jquery-datetimepicker-2-5-4.js.php on line 84
PHP Warning:  ini_set(): A session is active. You cannot change the session module's ini settings at this time in /var/www/openemr/interface/globals.php on line 43
PHP Warning:  ini_set(): A session is active. You cannot change the session module's ini settings at this time in /var/www/openemr/interface/globals.php on line 92
PHP Warning:  session_name(): Cannot change session name when session is active in /var/www/openemr/interface/globals.php on line 93
PHP